{"C:\\programmation\\learning_english\\backend\\server.js": {"path":"C:\\programmation\\learning_english\\backend\\server.js","statementMap":{"0":{"start":{"line":7,"column":16},"end":{"line":7,"column":34}},"1":{"start":{"line":8,"column":15},"end":{"line":8,"column":32}},"2":{"start":{"line":9,"column":13},"end":{"line":9,"column":28}},"3":{"start":{"line":10,"column":15},"end":{"line":10,"column":32}},"4":{"start":{"line":11,"column":15},"end":{"line":11,"column":32}},"5":{"start":{"line":12,"column":20},"end":{"line":12,"column":42}},"6":{"start":{"line":13,"column":21},"end":{"line":13,"column":45}},"7":{"start":{"line":14,"column":18},"end":{"line":14,"column":47}},"8":{"start":{"line":18,"column":13},"end":{"line":18,"column":28}},"9":{"start":{"line":19,"column":11},"end":{"line":19,"column":24}},"10":{"start":{"line":21,"column":14},"end":{"line":21,"column":48}},"11":{"start":{"line":22,"column":0},"end":{"line":25,"column":1}},"12":{"start":{"line":24,"column":2},"end":{"line":24,"column":44}},"13":{"start":{"line":27,"column":0},"end":{"line":33,"column":1}},"14":{"start":{"line":28,"column":2},"end":{"line":28,"column":35}},"15":{"start":{"line":29,"column":2},"end":{"line":29,"column":73}},"16":{"start":{"line":31,"column":2},"end":{"line":31,"column":96}},"17":{"start":{"line":32,"column":2},"end":{"line":32,"column":18}},"18":{"start":{"line":38,"column":24},"end":{"line":38,"column":50}},"19":{"start":{"line":39,"column":20},"end":{"line":39,"column":64}},"20":{"start":{"line":39,"column":48},"end":{"line":39,"column":63}},"21":{"start":{"line":41,"column":0},"end":{"line":46,"column":1}},"22":{"start":{"line":42,"column":2},"end":{"line":42,"column":77}},"23":{"start":{"line":43,"column":2},"end":{"line":43,"column":55}},"24":{"start":{"line":43,"column":27},"end":{"line":43,"column":53}},"25":{"start":{"line":44,"column":2},"end":{"line":44,"column":80}},"26":{"start":{"line":45,"column":2},"end":{"line":45,"column":18}},"27":{"start":{"line":49,"column":0},"end":{"line":55,"column":1}},"28":{"start":{"line":50,"column":2},"end":{"line":54,"column":3}},"29":{"start":{"line":51,"column":4},"end":{"line":51,"column":91}},"30":{"start":{"line":52,"column":4},"end":{"line":52,"column":130}},"31":{"start":{"line":53,"column":4},"end":{"line":53,"column":20}},"32":{"start":{"line":58,"column":0},"end":{"line":60,"column":1}},"33":{"start":{"line":59,"column":2},"end":{"line":59,"column":95}},"34":{"start":{"line":62,"column":0},"end":{"line":64,"column":1}},"35":{"start":{"line":63,"column":2},"end":{"line":63,"column":96}},"36":{"start":{"line":66,"column":12},"end":{"line":66,"column":21}},"37":{"start":{"line":67,"column":13},"end":{"line":67,"column":37}},"38":{"start":{"line":74,"column":0},"end":{"line":82,"column":1}},"39":{"start":{"line":75,"column":2},"end":{"line":81,"column":5}},"40":{"start":{"line":77,"column":4},"end":{"line":79,"column":5}},"41":{"start":{"line":78,"column":6},"end":{"line":78,"column":74}},"42":{"start":{"line":80,"column":4},"end":{"line":80,"column":11}},"43":{"start":{"line":85,"column":0},"end":{"line":100,"column":4}},"44":{"start":{"line":103,"column":26},"end":{"line":116,"column":1}},"45":{"start":{"line":104,"column":2},"end":{"line":107,"column":3}},"46":{"start":{"line":106,"column":4},"end":{"line":106,"column":87}},"47":{"start":{"line":110,"column":2},"end":{"line":112,"column":3}},"48":{"start":{"line":111,"column":4},"end":{"line":111,"column":75}},"49":{"start":{"line":111,"column":60},"end":{"line":111,"column":73}},"50":{"start":{"line":115,"column":2},"end":{"line":115,"column":35}},"51":{"start":{"line":118,"column":20},"end":{"line":137,"column":1}},"52":{"start":{"line":120,"column":27},"end":{"line":120,"column":46}},"53":{"start":{"line":123,"column":4},"end":{"line":125,"column":5}},"54":{"start":{"line":124,"column":6},"end":{"line":124,"column":34}},"55":{"start":{"line":127,"column":4},"end":{"line":131,"column":5}},"56":{"start":{"line":128,"column":6},"end":{"line":128,"column":27}},"57":{"start":{"line":130,"column":6},"end":{"line":130,"column":73}},"58":{"start":{"line":139,"column":0},"end":{"line":139,"column":27}},"59":{"start":{"line":142,"column":16},"end":{"line":148,"column":2}},"60":{"start":{"line":149,"column":0},"end":{"line":149,"column":26}},"61":{"start":{"line":152,"column":20},"end":{"line":156,"column":2}},"62":{"start":{"line":159,"column":33},"end":{"line":167,"column":2}},"63":{"start":{"line":165,"column":4},"end":{"line":165,"column":32}},"64":{"start":{"line":174,"column":0},"end":{"line":174,"column":41}},"65":{"start":{"line":175,"column":0},"end":{"line":175,"column":63}},"66":{"start":{"line":178,"column":0},"end":{"line":178,"column":24}},"67":{"start":{"line":181,"column":0},"end":{"line":181,"column":23}},"68":{"start":{"line":184,"column":0},"end":{"line":188,"column":1}},"69":{"start":{"line":185,"column":2},"end":{"line":185,"column":25}},"70":{"start":{"line":187,"column":2},"end":{"line":187,"column":30}},"71":{"start":{"line":194,"column":11},"end":{"line":194,"column":43}},"72":{"start":{"line":197,"column":0},"end":{"line":203,"column":5}},"73":{"start":{"line":199,"column":4},"end":{"line":199,"column":63}},"74":{"start":{"line":202,"column":4},"end":{"line":202,"column":70}},"75":{"start":{"line":210,"column":0},"end":{"line":217,"column":3}},"76":{"start":{"line":211,"column":2},"end":{"line":216,"column":5}},"77":{"start":{"line":220,"column":0},"end":{"line":250,"column":3}},"78":{"start":{"line":221,"column":2},"end":{"line":249,"column":5}},"79":{"start":{"line":253,"column":0},"end":{"line":253,"column":60}},"80":{"start":{"line":254,"column":0},"end":{"line":254,"column":49}},"81":{"start":{"line":255,"column":0},"end":{"line":255,"column":57}},"82":{"start":{"line":256,"column":0},"end":{"line":256,"column":55}},"83":{"start":{"line":257,"column":0},"end":{"line":257,"column":49}},"84":{"start":{"line":258,"column":0},"end":{"line":258,"column":65}},"85":{"start":{"line":259,"column":0},"end":{"line":259,"column":63}},"86":{"start":{"line":260,"column":0},"end":{"line":260,"column":61}},"87":{"start":{"line":261,"column":0},"end":{"line":261,"column":66}},"88":{"start":{"line":262,"column":0},"end":{"line":262,"column":65}},"89":{"start":{"line":265,"column":0},"end":{"line":270,"column":3}},"90":{"start":{"line":266,"column":2},"end":{"line":269,"column":5}},"91":{"start":{"line":276,"column":0},"end":{"line":287,"column":3}},"92":{"start":{"line":277,"column":2},"end":{"line":277,"column":40}},"93":{"start":{"line":279,"column":21},"end":{"line":279,"column":42}},"94":{"start":{"line":280,"column":18},"end":{"line":280,"column":60}},"95":{"start":{"line":282,"column":2},"end":{"line":286,"column":5}},"96":{"start":{"line":293,"column":13},"end":{"line":293,"column":42}},"97":{"start":{"line":294,"column":15},"end":{"line":313,"column":2}},"98":{"start":{"line":295,"column":2},"end":{"line":295,"column":18}},"99":{"start":{"line":296,"column":2},"end":{"line":296,"column":77}},"100":{"start":{"line":297,"column":2},"end":{"line":297,"column":64}},"101":{"start":{"line":298,"column":2},"end":{"line":298,"column":57}},"102":{"start":{"line":299,"column":2},"end":{"line":299,"column":55}},"103":{"start":{"line":300,"column":2},"end":{"line":300,"column":59}},"104":{"start":{"line":301,"column":2},"end":{"line":301,"column":69}},"105":{"start":{"line":302,"column":2},"end":{"line":302,"column":77}},"106":{"start":{"line":303,"column":2},"end":{"line":303,"column":18}},"107":{"start":{"line":304,"column":2},"end":{"line":304,"column":37}},"108":{"start":{"line":305,"column":2},"end":{"line":305,"column":72}},"109":{"start":{"line":306,"column":2},"end":{"line":306,"column":57}},"110":{"start":{"line":307,"column":2},"end":{"line":307,"column":55}},"111":{"start":{"line":308,"column":2},"end":{"line":308,"column":64}},"112":{"start":{"line":309,"column":2},"end":{"line":309,"column":64}},"113":{"start":{"line":310,"column":2},"end":{"line":310,"column":18}},"114":{"start":{"line":311,"column":2},"end":{"line":311,"column":61}},"115":{"start":{"line":312,"column":2},"end":{"line":312,"column":18}},"116":{"start":{"line":316,"column":0},"end":{"line":322,"column":3}},"117":{"start":{"line":317,"column":2},"end":{"line":317,"column":63}},"118":{"start":{"line":318,"column":2},"end":{"line":321,"column":5}},"119":{"start":{"line":319,"column":4},"end":{"line":319,"column":47}},"120":{"start":{"line":320,"column":4},"end":{"line":320,"column":20}},"121":{"start":{"line":324,"column":0},"end":{"line":330,"column":3}},"122":{"start":{"line":325,"column":2},"end":{"line":325,"column":73}},"123":{"start":{"line":326,"column":2},"end":{"line":329,"column":5}},"124":{"start":{"line":327,"column":4},"end":{"line":327,"column":47}},"125":{"start":{"line":328,"column":4},"end":{"line":328,"column":20}},"126":{"start":{"line":332,"column":0},"end":{"line":332,"column":21}}},"fnMap":{"0":{"name":"(anonymous_0)","decl":{"start":{"line":39,"column":43},"end":{"line":39,"column":44}},"loc":{"start":{"line":39,"column":48},"end":{"line":39,"column":63}},"line":39},"1":{"name":"(anonymous_1)","decl":{"start":{"line":43,"column":22},"end":{"line":43,"column":23}},"loc":{"start":{"line":43,"column":27},"end":{"line":43,"column":53}},"line":43},"2":{"name":"(anonymous_2)","decl":{"start":{"line":75,"column":10},"end":{"line":75,"column":11}},"loc":{"start":{"line":75,"column":30},"end":{"line":81,"column":3}},"line":75},"3":{"name":"(anonymous_3)","decl":{"start":{"line":103,"column":26},"end":{"line":103,"column":27}},"loc":{"start":{"line":103,"column":32},"end":{"line":116,"column":1}},"line":103},"4":{"name":"(anonymous_4)","decl":{"start":{"line":111,"column":50},"end":{"line":111,"column":51}},"loc":{"start":{"line":111,"column":60},"end":{"line":111,"column":73}},"line":111},"5":{"name":"(anonymous_5)","decl":{"start":{"line":119,"column":10},"end":{"line":119,"column":11}},"loc":{"start":{"line":119,"column":32},"end":{"line":132,"column":3}},"line":119},"6":{"name":"(anonymous_6)","decl":{"start":{"line":163,"column":8},"end":{"line":163,"column":9}},"loc":{"start":{"line":163,"column":17},"end":{"line":166,"column":3}},"line":163},"7":{"name":"(anonymous_7)","decl":{"start":{"line":198,"column":8},"end":{"line":198,"column":9}},"loc":{"start":{"line":198,"column":14},"end":{"line":200,"column":3}},"line":198},"8":{"name":"(anonymous_8)","decl":{"start":{"line":201,"column":9},"end":{"line":201,"column":10}},"loc":{"start":{"line":201,"column":18},"end":{"line":203,"column":3}},"line":201},"9":{"name":"(anonymous_9)","decl":{"start":{"line":210,"column":19},"end":{"line":210,"column":20}},"loc":{"start":{"line":210,"column":33},"end":{"line":217,"column":1}},"line":210},"10":{"name":"(anonymous_10)","decl":{"start":{"line":220,"column":13},"end":{"line":220,"column":14}},"loc":{"start":{"line":220,"column":27},"end":{"line":250,"column":1}},"line":220},"11":{"name":"(anonymous_11)","decl":{"start":{"line":265,"column":8},"end":{"line":265,"column":9}},"loc":{"start":{"line":265,"column":22},"end":{"line":270,"column":1}},"line":265},"12":{"name":"(anonymous_12)","decl":{"start":{"line":276,"column":8},"end":{"line":276,"column":9}},"loc":{"start":{"line":276,"column":33},"end":{"line":287,"column":1}},"line":276},"13":{"name":"(anonymous_13)","decl":{"start":{"line":294,"column":38},"end":{"line":294,"column":39}},"loc":{"start":{"line":294,"column":44},"end":{"line":313,"column":1}},"line":294},"14":{"name":"(anonymous_14)","decl":{"start":{"line":316,"column":22},"end":{"line":316,"column":23}},"loc":{"start":{"line":316,"column":28},"end":{"line":322,"column":1}},"line":316},"15":{"name":"(anonymous_15)","decl":{"start":{"line":318,"column":15},"end":{"line":318,"column":16}},"loc":{"start":{"line":318,"column":21},"end":{"line":321,"column":3}},"line":318},"16":{"name":"(anonymous_16)","decl":{"start":{"line":324,"column":21},"end":{"line":324,"column":22}},"loc":{"start":{"line":324,"column":27},"end":{"line":330,"column":1}},"line":324},"17":{"name":"(anonymous_17)","decl":{"start":{"line":326,"column":15},"end":{"line":326,"column":16}},"loc":{"start":{"line":326,"column":21},"end":{"line":329,"column":3}},"line":326}},"branchMap":{"0":{"loc":{"start":{"line":22,"column":0},"end":{"line":25,"column":1}},"type":"if","locations":[{"start":{"line":22,"column":0},"end":{"line":25,"column":1}},{"start":{},"end":{}}],"line":22},"1":{"loc":{"start":{"line":27,"column":0},"end":{"line":33,"column":1}},"type":"if","locations":[{"start":{"line":27,"column":0},"end":{"line":33,"column":1}},{"start":{"line":30,"column":7},"end":{"line":33,"column":1}}],"line":27},"2":{"loc":{"start":{"line":41,"column":0},"end":{"line":46,"column":1}},"type":"if","locations":[{"start":{"line":41,"column":0},"end":{"line":46,"column":1}},{"start":{},"end":{}}],"line":41},"3":{"loc":{"start":{"line":49,"column":0},"end":{"line":55,"column":1}},"type":"if","locations":[{"start":{"line":49,"column":0},"end":{"line":55,"column":1}},{"start":{},"end":{}}],"line":49},"4":{"loc":{"start":{"line":50,"column":2},"end":{"line":54,"column":3}},"type":"if","locations":[{"start":{"line":50,"column":2},"end":{"line":54,"column":3}},{"start":{},"end":{}}],"line":50},"5":{"loc":{"start":{"line":58,"column":0},"end":{"line":60,"column":1}},"type":"if","locations":[{"start":{"line":58,"column":0},"end":{"line":60,"column":1}},{"start":{},"end":{}}],"line":58},"6":{"loc":{"start":{"line":58,"column":4},"end":{"line":58,"column":56}},"type":"binary-expr","locations":[{"start":{"line":58,"column":4},"end":{"line":58,"column":26}},{"start":{"line":58,"column":30},"end":{"line":58,"column":56}}],"line":58},"7":{"loc":{"start":{"line":62,"column":0},"end":{"line":64,"column":1}},"type":"if","locations":[{"start":{"line":62,"column":0},"end":{"line":64,"column":1}},{"start":{},"end":{}}],"line":62},"8":{"loc":{"start":{"line":62,"column":4},"end":{"line":62,"column":69}},"type":"binary-expr","locations":[{"start":{"line":62,"column":4},"end":{"line":62,"column":28}},{"start":{"line":62,"column":32},"end":{"line":62,"column":69}}],"line":62},"9":{"loc":{"start":{"line":67,"column":13},"end":{"line":67,"column":37}},"type":"binary-expr","locations":[{"start":{"line":67,"column":13},"end":{"line":67,"column":29}},{"start":{"line":67,"column":33},"end":{"line":67,"column":37}}],"line":67},"10":{"loc":{"start":{"line":74,"column":0},"end":{"line":82,"column":1}},"type":"if","locations":[{"start":{"line":74,"column":0},"end":{"line":82,"column":1}},{"start":{},"end":{}}],"line":74},"11":{"loc":{"start":{"line":77,"column":4},"end":{"line":79,"column":5}},"type":"if","locations":[{"start":{"line":77,"column":4},"end":{"line":79,"column":5}},{"start":{},"end":{}}],"line":77},"12":{"loc":{"start":{"line":77,"column":8},"end":{"line":77,"column":89}},"type":"binary-expr","locations":[{"start":{"line":77,"column":8},"end":{"line":77,"column":51}},{"start":{"line":77,"column":55},"end":{"line":77,"column":89}}],"line":77},"13":{"loc":{"start":{"line":104,"column":2},"end":{"line":107,"column":3}},"type":"if","locations":[{"start":{"line":104,"column":2},"end":{"line":107,"column":3}},{"start":{},"end":{}}],"line":104},"14":{"loc":{"start":{"line":110,"column":2},"end":{"line":112,"column":3}},"type":"if","locations":[{"start":{"line":110,"column":2},"end":{"line":112,"column":3}},{"start":{},"end":{}}],"line":110},"15":{"loc":{"start":{"line":123,"column":4},"end":{"line":125,"column":5}},"type":"if","locations":[{"start":{"line":123,"column":4},"end":{"line":125,"column":5}},{"start":{},"end":{}}],"line":123},"16":{"loc":{"start":{"line":123,"column":8},"end":{"line":123,"column":56}},"type":"binary-expr","locations":[{"start":{"line":123,"column":8},"end":{"line":123,"column":15}},{"start":{"line":123,"column":19},"end":{"line":123,"column":56}}],"line":123},"17":{"loc":{"start":{"line":127,"column":4},"end":{"line":131,"column":5}},"type":"if","locations":[{"start":{"line":127,"column":4},"end":{"line":131,"column":5}},{"start":{"line":129,"column":11},"end":{"line":131,"column":5}}],"line":127},"18":{"loc":{"start":{"line":127,"column":8},"end":{"line":127,"column":56}},"type":"binary-expr","locations":[{"start":{"line":127,"column":8},"end":{"line":127,"column":45}},{"start":{"line":127,"column":49},"end":{"line":127,"column":56}}],"line":127},"19":{"loc":{"start":{"line":143,"column":12},"end":{"line":143,"column":72}},"type":"binary-expr","locations":[{"start":{"line":143,"column":12},"end":{"line":143,"column":54}},{"start":{"line":143,"column":58},"end":{"line":143,"column":72}}],"line":143},"20":{"loc":{"start":{"line":144,"column":7},"end":{"line":144,"column":59}},"type":"binary-expr","locations":[{"start":{"line":144,"column":7},"end":{"line":144,"column":52}},{"start":{"line":144,"column":56},"end":{"line":144,"column":59}}],"line":144},"21":{"loc":{"start":{"line":184,"column":0},"end":{"line":188,"column":1}},"type":"if","locations":[{"start":{"line":184,"column":0},"end":{"line":188,"column":1}},{"start":{"line":186,"column":7},"end":{"line":188,"column":1}}],"line":184},"22":{"loc":{"start":{"line":279,"column":21},"end":{"line":279,"column":42}},"type":"binary-expr","locations":[{"start":{"line":279,"column":21},"end":{"line":279,"column":35}},{"start":{"line":279,"column":39},"end":{"line":279,"column":42}}],"line":279},"23":{"loc":{"start":{"line":280,"column":18},"end":{"line":280,"column":60}},"type":"binary-expr","locations":[{"start":{"line":280,"column":18},"end":{"line":280,"column":29}},{"start":{"line":280,"column":33},"end":{"line":280,"column":60}}],"line":280},"24":{"loc":{"start":{"line":285,"column":8},"end":{"line":285,"column":70}},"type":"binary-expr","locations":[{"start":{"line":285,"column":8},"end":{"line":285,"column":46}},{"start":{"line":285,"column":50},"end":{"line":285,"column":70}}],"line":285},"25":{"loc":{"start":{"line":293,"column":13},"end":{"line":293,"column":42}},"type":"binary-expr","locations":[{"start":{"line":293,"column":13},"end":{"line":293,"column":29}},{"start":{"line":293,"column":33},"end":{"line":293,"column":42}}],"line":293}},"s":{"0":0,"1":0,"2":0,"3":0,"4":0,"5":0,"6":0,"7":0,"8":0,"9":0,"10":0,"11":0,"12":0,"13":0,"14":0,"15":0,"16":0,"17":0,"18":0,"19":0,"20":0,"21":0,"22":0,"23":0,"24":0,"25":0,"26":0,"27":0,"28":0,"29":0,"30":0,"31":0,"32":0,"33":0,"34":0,"35":0,"36":0,"37":0,"38":0,"39":0,"40":0,"41":0,"42":0,"43":0,"44":0,"45":0,"46":0,"47":0,"48":0,"49":0,"50":0,"51":0,"52":0,"53":0,"54":0,"55":0,"56":0,"57":0,"58":0,"59":0,"60":0,"61":0,"62":0,"63":0,"64":0,"65":0,"66":0,"67":0,"68":0,"69":0,"70":0,"71":0,"72":0,"73":0,"74":0,"75":0,"76":0,"77":0,"78":0,"79":0,"80":0,"81":0,"82":0,"83":0,"84":0,"85":0,"86":0,"87":0,"88":0,"89":0,"90":0,"91":0,"92":0,"93":0,"94":0,"95":0,"96":0,"97":0,"98":0,"99":0,"100":0,"101":0,"102":0,"103":0,"104":0,"105":0,"106":0,"107":0,"108":0,"109":0,"110":0,"111":0,"112":0,"113":0,"114":0,"115":0,"116":0,"117":0,"118":0,"119":0,"120":0,"121":0,"122":0,"123":0,"124":0,"125":0,"126":0},"f":{"0":0,"1":0,"2":0,"3":0,"4":0,"5":0,"6":0,"7":0,"8":0,"9":0,"10":0,"11":0,"12":0,"13":0,"14":0,"15":0,"16":0,"17":0},"b":{"0":[0,0],"1":[0,0],"2":[0,0],"3":[0,0],"4":[0,0],"5":[0,0],"6":[0,0],"7":[0,0],"8":[0,0],"9":[0,0],"10":[0,0],"11":[0,0],"12":[0,0],"13":[0,0],"14":[0,0],"15":[0,0],"16":[0,0],"17":[0,0],"18":[0,0],"19":[0,0],"20":[0,0],"21":[0,0],"22":[0,0],"23":[0,0],"24":[0,0],"25":[0,0]}}
,"C:\\programmation\\learning_english\\backend\\database\\connection.js": {"path":"C:\\programmation\\learning_english\\backend\\database\\connection.js","statementMap":{"0":{"start":{"line":6,"column":22},"end":{"line":6,"column":42}},"1":{"start":{"line":7,"column":13},"end":{"line":7,"column":28}},"2":{"start":{"line":10,"column":18},"end":{"line":20,"column":2}},"3":{"start":{"line":37,"column":0},"end":{"line":44,"column":5}},"4":{"start":{"line":40,"column":4},"end":{"line":40,"column":60}},"5":{"start":{"line":43,"column":4},"end":{"line":43,"column":70}},"6":{"start":{"line":46,"column":0},"end":{"line":46,"column":27}}},"fnMap":{"0":{"name":"(anonymous_0)","decl":{"start":{"line":39,"column":8},"end":{"line":39,"column":9}},"loc":{"start":{"line":39,"column":14},"end":{"line":41,"column":3}},"line":39},"1":{"name":"(anonymous_1)","decl":{"start":{"line":42,"column":9},"end":{"line":42,"column":10}},"loc":{"start":{"line":42,"column":18},"end":{"line":44,"column":3}},"line":42}},"branchMap":{"0":{"loc":{"start":{"line":13,"column":11},"end":{"line":13,"column":71}},"type":"cond-expr","locations":[{"start":{"line":13,"column":52},"end":{"line":13,"column":63}},{"start":{"line":13,"column":66},"end":{"line":13,"column":71}}],"line":13}},"s":{"0":0,"1":0,"2":0,"3":0,"4":0,"5":0,"6":0},"f":{"0":0,"1":0},"b":{"0":[0,0]}}
,"C:\\programmation\\learning_english\\backend\\database\\seed.js": {"path":"C:\\programmation\\learning_english\\backend\\database\\seed.js","statementMap":{"0":{"start":{"line":6,"column":0},"end":{"line":6,"column":46}},"1":{"start":{"line":7,"column":18},"end":{"line":7,"column":41}},"2":{"start":{"line":8,"column":13},"end":{"line":8,"column":38}},"3":{"start":{"line":11,"column":2},"end":{"line":63,"column":3}},"4":{"start":{"line":12,"column":4},"end":{"line":12,"column":46}},"5":{"start":{"line":15,"column":4},"end":{"line":15,"column":43}},"6":{"start":{"line":18,"column":23},"end":{"line":18,"column":80}},"7":{"start":{"line":19,"column":26},"end":{"line":19,"column":78}},"8":{"start":{"line":21,"column":4},"end":{"line":25,"column":5}},"9":{"start":{"line":22,"column":6},"end":{"line":22,"column":61}},"10":{"start":{"line":23,"column":6},"end":{"line":23,"column":45}},"11":{"start":{"line":24,"column":6},"end":{"line":24,"column":13}},"12":{"start":{"line":28,"column":26},"end":{"line":28,"column":52}},"13":{"start":{"line":30,"column":4},"end":{"line":34,"column":5}},"14":{"start":{"line":31,"column":6},"end":{"line":31,"column":61}},"15":{"start":{"line":32,"column":6},"end":{"line":32,"column":71}},"16":{"start":{"line":33,"column":6},"end":{"line":33,"column":22}},"17":{"start":{"line":36,"column":18},"end":{"line":46,"column":6}},"18":{"start":{"line":48,"column":4},"end":{"line":48,"column":62}},"19":{"start":{"line":49,"column":4},"end":{"line":49,"column":20}},"20":{"start":{"line":50,"column":4},"end":{"line":50,"column":59}},"21":{"start":{"line":51,"column":4},"end":{"line":51,"column":42}},"22":{"start":{"line":52,"column":4},"end":{"line":52,"column":55}},"23":{"start":{"line":53,"column":4},"end":{"line":53,"column":34}},"24":{"start":{"line":54,"column":4},"end":{"line":54,"column":59}},"25":{"start":{"line":55,"column":4},"end":{"line":55,"column":20}},"26":{"start":{"line":56,"column":4},"end":{"line":56,"column":80}},"27":{"start":{"line":59,"column":4},"end":{"line":59,"column":62}},"28":{"start":{"line":60,"column":4},"end":{"line":60,"column":20}},"29":{"start":{"line":62,"column":4},"end":{"line":62,"column":28}},"30":{"start":{"line":66,"column":0},"end":{"line":66,"column":7}}},"fnMap":{"0":{"name":"seed","decl":{"start":{"line":10,"column":15},"end":{"line":10,"column":19}},"loc":{"start":{"line":10,"column":22},"end":{"line":64,"column":1}},"line":10}},"branchMap":{"0":{"loc":{"start":{"line":18,"column":23},"end":{"line":18,"column":80}},"type":"binary-expr","locations":[{"start":{"line":18,"column":23},"end":{"line":18,"column":46}},{"start":{"line":18,"column":50},"end":{"line":18,"column":80}}],"line":18},"1":{"loc":{"start":{"line":21,"column":4},"end":{"line":25,"column":5}},"type":"if","locations":[{"start":{"line":21,"column":4},"end":{"line":25,"column":5}},{"start":{},"end":{}}],"line":21},"2":{"loc":{"start":{"line":30,"column":4},"end":{"line":34,"column":5}},"type":"if","locations":[{"start":{"line":30,"column":4},"end":{"line":34,"column":5}},{"start":{},"end":{}}],"line":30}},"s":{"0":0,"1":0,"2":0,"3":0,"4":0,"5":0,"6":0,"7":0,"8":0,"9":0,"10":0,"11":0,"12":0,"13":0,"14":0,"15":0,"16":0,"17":0,"18":0,"19":0,"20":0,"21":0,"22":0,"23":0,"24":0,"25":0,"26":0,"27":0,"28":0,"29":0,"30":0},"f":{"0":0},"b":{"0":[0,0],"1":[0,0],"2":[0,0]}}
,"C:\\programmation\\learning_english\\backend\\middleware\\auth.js": {"path":"C:\\programmation\\learning_english\\backend\\middleware\\auth.js","statementMap":{"0":{"start":{"line":6,"column":12},"end":{"line":6,"column":35}},"1":{"start":{"line":7,"column":13},"end":{"line":7,"column":38}},"2":{"start":{"line":9,"column":13},"end":{"line":57,"column":1}},"3":{"start":{"line":10,"column":2},"end":{"line":56,"column":3}},"4":{"start":{"line":12,"column":18},"end":{"line":12,"column":69}},"5":{"start":{"line":14,"column":4},"end":{"line":19,"column":5}},"6":{"start":{"line":15,"column":6},"end":{"line":18,"column":9}},"7":{"start":{"line":22,"column":20},"end":{"line":22,"column":61}},"8":{"start":{"line":25,"column":17},"end":{"line":25,"column":52}},"9":{"start":{"line":27,"column":4},"end":{"line":32,"column":5}},"10":{"start":{"line":28,"column":6},"end":{"line":31,"column":9}},"11":{"start":{"line":35,"column":4},"end":{"line":35,"column":20}},"12":{"start":{"line":36,"column":4},"end":{"line":36,"column":25}},"13":{"start":{"line":37,"column":4},"end":{"line":37,"column":11}},"14":{"start":{"line":40,"column":4},"end":{"line":45,"column":5}},"15":{"start":{"line":41,"column":6},"end":{"line":44,"column":9}},"16":{"start":{"line":46,"column":4},"end":{"line":51,"column":5}},"17":{"start":{"line":47,"column":6},"end":{"line":50,"column":9}},"18":{"start":{"line":52,"column":4},"end":{"line":55,"column":7}},"19":{"start":{"line":59,"column":16},"end":{"line":67,"column":1}},"20":{"start":{"line":60,"column":2},"end":{"line":65,"column":3}},"21":{"start":{"line":61,"column":4},"end":{"line":64,"column":7}},"22":{"start":{"line":66,"column":2},"end":{"line":66,"column":9}},"23":{"start":{"line":69,"column":0},"end":{"line":69,"column":35}}},"fnMap":{"0":{"name":"(anonymous_0)","decl":{"start":{"line":9,"column":13},"end":{"line":9,"column":14}},"loc":{"start":{"line":9,"column":39},"end":{"line":57,"column":1}},"line":9},"1":{"name":"(anonymous_1)","decl":{"start":{"line":59,"column":16},"end":{"line":59,"column":17}},"loc":{"start":{"line":59,"column":42},"end":{"line":67,"column":1}},"line":59}},"branchMap":{"0":{"loc":{"start":{"line":14,"column":4},"end":{"line":19,"column":5}},"type":"if","locations":[{"start":{"line":14,"column":4},"end":{"line":19,"column":5}},{"start":{},"end":{}}],"line":14},"1":{"loc":{"start":{"line":27,"column":4},"end":{"line":32,"column":5}},"type":"if","locations":[{"start":{"line":27,"column":4},"end":{"line":32,"column":5}},{"start":{},"end":{}}],"line":27},"2":{"loc":{"start":{"line":27,"column":8},"end":{"line":27,"column":31}},"type":"binary-expr","locations":[{"start":{"line":27,"column":8},"end":{"line":27,"column":13}},{"start":{"line":27,"column":17},"end":{"line":27,"column":31}}],"line":27},"3":{"loc":{"start":{"line":40,"column":4},"end":{"line":45,"column":5}},"type":"if","locations":[{"start":{"line":40,"column":4},"end":{"line":45,"column":5}},{"start":{},"end":{}}],"line":40},"4":{"loc":{"start":{"line":46,"column":4},"end":{"line":51,"column":5}},"type":"if","locations":[{"start":{"line":46,"column":4},"end":{"line":51,"column":5}},{"start":{},"end":{}}],"line":46},"5":{"loc":{"start":{"line":60,"column":2},"end":{"line":65,"column":3}},"type":"if","locations":[{"start":{"line":60,"column":2},"end":{"line":65,"column":3}},{"start":{},"end":{}}],"line":60},"6":{"loc":{"start":{"line":60,"column":6},"end":{"line":60,"column":44}},"type":"binary-expr","locations":[{"start":{"line":60,"column":6},"end":{"line":60,"column":15}},{"start":{"line":60,"column":19},"end":{"line":60,"column":44}}],"line":60}},"s":{"0":0,"1":0,"2":0,"3":0,"4":0,"5":0,"6":0,"7":0,"8":0,"9":0,"10":0,"11":0,"12":0,"13":0,"14":0,"15":0,"16":0,"17":0,"18":0,"19":0,"20":0,"21":0,"22":0,"23":0},"f":{"0":0,"1":0},"b":{"0":[0,0],"1":[0,0],"2":[0,0],"3":[0,0],"4":[0,0],"5":[0,0],"6":[0,0]}}
,"C:\\programmation\\learning_english\\backend\\middleware\\firebaseAuth.js": {"path":"C:\\programmation\\learning_english\\backend\\middleware\\firebaseAuth.js","statementMap":{"0":{"start":{"line":8,"column":35},"end":{"line":8,"column":71}},"1":{"start":{"line":14,"column":13},"end":{"line":14,"column":35}},"2":{"start":{"line":20,"column":16},"end":{"line":49,"column":1}},"3":{"start":{"line":21,"column":2},"end":{"line":48,"column":3}},"4":{"start":{"line":22,"column":4},"end":{"line":27,"column":5}},"5":{"start":{"line":23,"column":6},"end":{"line":26,"column":9}},"6":{"start":{"line":30,"column":41},"end":{"line":30,"column":77}},"7":{"start":{"line":31,"column":21},"end":{"line":31,"column":63}},"8":{"start":{"line":33,"column":4},"end":{"line":38,"column":5}},"9":{"start":{"line":34,"column":6},"end":{"line":37,"column":9}},"10":{"start":{"line":40,"column":4},"end":{"line":40,"column":28}},"11":{"start":{"line":41,"column":4},"end":{"line":41,"column":11}},"12":{"start":{"line":43,"column":4},"end":{"line":43,"column":55}},"13":{"start":{"line":44,"column":4},"end":{"line":47,"column":7}},"14":{"start":{"line":51,"column":0},"end":{"line":51,"column":35}}},"fnMap":{"0":{"name":"(anonymous_0)","decl":{"start":{"line":20,"column":16},"end":{"line":20,"column":17}},"loc":{"start":{"line":20,"column":42},"end":{"line":49,"column":1}},"line":20}},"branchMap":{"0":{"loc":{"start":{"line":22,"column":4},"end":{"line":27,"column":5}},"type":"if","locations":[{"start":{"line":22,"column":4},"end":{"line":27,"column":5}},{"start":{},"end":{}}],"line":22},"1":{"loc":{"start":{"line":33,"column":4},"end":{"line":38,"column":5}},"type":"if","locations":[{"start":{"line":33,"column":4},"end":{"line":38,"column":5}},{"start":{},"end":{}}],"line":33},"2":{"loc":{"start":{"line":33,"column":8},"end":{"line":33,"column":46}},"type":"binary-expr","locations":[{"start":{"line":33,"column":8},"end":{"line":33,"column":17}},{"start":{"line":33,"column":21},"end":{"line":33,"column":46}}],"line":33}},"s":{"0":0,"1":0,"2":0,"3":0,"4":0,"5":0,"6":0,"7":0,"8":0,"9":0,"10":0,"11":0,"12":0,"13":0,"14":0},"f":{"0":0},"b":{"0":[0,0],"1":[0,0],"2":[0,0]}}
,"C:\\programmation\\learning_english\\backend\\models\\AssessmentResult.js": {"path":"C:\\programmation\\learning_english\\backend\\models\\AssessmentResult.js","statementMap":{"0":{"start":{"line":6,"column":22},"end":{"line":6,"column":42}},"1":{"start":{"line":7,"column":18},"end":{"line":7,"column":51}},"2":{"start":{"line":8,"column":13},"end":{"line":8,"column":30}},"3":{"start":{"line":10,"column":25},"end":{"line":79,"column":2}},"4":{"start":{"line":82,"column":0},"end":{"line":82,"column":71}},"5":{"start":{"line":83,"column":0},"end":{"line":83,"column":76}},"6":{"start":{"line":85,"column":0},"end":{"line":85,"column":34}}},"fnMap":{},"branchMap":{},"s":{"0":0,"1":0,"2":0,"3":0,"4":0,"5":0,"6":0},"f":{},"b":{}}
,"C:\\programmation\\learning_english\\backend\\models\\LearningPlan.js": {"path":"C:\\programmation\\learning_english\\backend\\models\\LearningPlan.js","statementMap":{"0":{"start":{"line":6,"column":22},"end":{"line":6,"column":42}},"1":{"start":{"line":7,"column":18},"end":{"line":7,"column":51}},"2":{"start":{"line":8,"column":13},"end":{"line":8,"column":30}},"3":{"start":{"line":10,"column":21},"end":{"line":75,"column":2}},"4":{"start":{"line":78,"column":0},"end":{"line":78,"column":67}},"5":{"start":{"line":79,"column":0},"end":{"line":79,"column":74}},"6":{"start":{"line":81,"column":0},"end":{"line":81,"column":30}}},"fnMap":{},"branchMap":{},"s":{"0":0,"1":0,"2":0,"3":0,"4":0,"5":0,"6":0},"f":{},"b":{}}
,"C:\\programmation\\learning_english\\backend\\models\\User.js": {"path":"C:\\programmation\\learning_english\\backend\\models\\User.js","statementMap":{"0":{"start":{"line":6,"column":22},"end":{"line":6,"column":42}},"1":{"start":{"line":7,"column":15},"end":{"line":7,"column":34}},"2":{"start":{"line":8,"column":18},"end":{"line":8,"column":51}},"3":{"start":{"line":10,"column":13},"end":{"line":79,"column":2}},"4":{"start":{"line":82,"column":0},"end":{"line":93,"column":3}},"5":{"start":{"line":84,"column":2},"end":{"line":86,"column":3}},"6":{"start":{"line":85,"column":4},"end":{"line":85,"column":49}},"7":{"start":{"line":89,"column":2},"end":{"line":92,"column":3}},"8":{"start":{"line":90,"column":17},"end":{"line":90,"column":41}},"9":{"start":{"line":91,"column":4},"end":{"line":91,"column":59}},"10":{"start":{"line":96,"column":0},"end":{"line":98,"column":2}},"11":{"start":{"line":97,"column":2},"end":{"line":97,"column":64}},"12":{"start":{"line":101,"column":0},"end":{"line":107,"column":2}},"13":{"start":{"line":102,"column":17},"end":{"line":102,"column":46}},"14":{"start":{"line":103,"column":2},"end":{"line":103,"column":25}},"15":{"start":{"line":104,"column":2},"end":{"line":104,"column":39}},"16":{"start":{"line":105,"column":2},"end":{"line":105,"column":35}},"17":{"start":{"line":106,"column":2},"end":{"line":106,"column":16}},"18":{"start":{"line":109,"column":0},"end":{"line":109,"column":22}}},"fnMap":{"0":{"name":"(anonymous_0)","decl":{"start":{"line":82,"column":16},"end":{"line":82,"column":17}},"loc":{"start":{"line":82,"column":32},"end":{"line":93,"column":1}},"line":82},"1":{"name":"(anonymous_1)","decl":{"start":{"line":96,"column":33},"end":{"line":96,"column":34}},"loc":{"start":{"line":96,"column":67},"end":{"line":98,"column":1}},"line":96},"2":{"name":"(anonymous_2)","decl":{"start":{"line":101,"column":24},"end":{"line":101,"column":25}},"loc":{"start":{"line":101,"column":35},"end":{"line":107,"column":1}},"line":101}},"branchMap":{"0":{"loc":{"start":{"line":84,"column":2},"end":{"line":86,"column":3}},"type":"if","locations":[{"start":{"line":84,"column":2},"end":{"line":86,"column":3}},{"start":{},"end":{}}],"line":84},"1":{"loc":{"start":{"line":89,"column":2},"end":{"line":92,"column":3}},"type":"if","locations":[{"start":{"line":89,"column":2},"end":{"line":92,"column":3}},{"start":{},"end":{}}],"line":89}},"s":{"0":0,"1":0,"2":0,"3":0,"4":0,"5":0,"6":0,"7":0,"8":0,"9":0,"10":0,"11":0,"12":0,"13":0,"14":0,"15":0,"16":0,"17":0,"18":0},"f":{"0":0,"1":0,"2":0},"b":{"0":[0,0],"1":[0,0]}}
,"C:\\programmation\\learning_english\\backend\\models\\UserProgress.js": {"path":"C:\\programmation\\learning_english\\backend\\models\\UserProgress.js","statementMap":{"0":{"start":{"line":6,"column":22},"end":{"line":6,"column":42}},"1":{"start":{"line":7,"column":18},"end":{"line":7,"column":51}},"2":{"start":{"line":8,"column":13},"end":{"line":8,"column":30}},"3":{"start":{"line":10,"column":21},"end":{"line":68,"column":2}},"4":{"start":{"line":71,"column":0},"end":{"line":71,"column":67}},"5":{"start":{"line":72,"column":0},"end":{"line":72,"column":69}},"6":{"start":{"line":74,"column":0},"end":{"line":74,"column":30}}},"fnMap":{},"branchMap":{},"s":{"0":0,"1":0,"2":0,"3":0,"4":0,"5":0,"6":0},"f":{},"b":{}}
,"C:\\programmation\\learning_english\\backend\\routes\\admin.js": {"path":"C:\\programmation\\learning_english\\backend\\routes\\admin.js","statementMap":{"0":{"start":{"line":6,"column":16},"end":{"line":6,"column":34}},"1":{"start":{"line":7,"column":15},"end":{"line":7,"column":31}},"2":{"start":{"line":8,"column":26},"end":{"line":8,"column":55}},"3":{"start":{"line":9,"column":13},"end":{"line":9,"column":38}},"4":{"start":{"line":10,"column":21},"end":{"line":10,"column":54}},"5":{"start":{"line":11,"column":25},"end":{"line":11,"column":62}},"6":{"start":{"line":14,"column":0},"end":{"line":14,"column":26}},"7":{"start":{"line":17,"column":0},"end":{"line":43,"column":3}},"8":{"start":{"line":18,"column":2},"end":{"line":42,"column":3}},"9":{"start":{"line":19,"column":37},"end":{"line":19,"column":46}},"10":{"start":{"line":20,"column":19},"end":{"line":20,"column":37}},"11":{"start":{"line":22,"column":35},"end":{"line":27,"column":6}},"12":{"start":{"line":29,"column":4},"end":{"line":35,"column":7}},"13":{"start":{"line":38,"column":4},"end":{"line":41,"column":7}},"14":{"start":{"line":46,"column":0},"end":{"line":74,"column":3}},"15":{"start":{"line":47,"column":2},"end":{"line":73,"column":3}},"16":{"start":{"line":48,"column":23},"end":{"line":48,"column":41}},"17":{"start":{"line":49,"column":24},"end":{"line":49,"column":71}},"18":{"start":{"line":50,"column":26},"end":{"line":50,"column":80}},"19":{"start":{"line":52,"column":26},"end":{"line":52,"column":52}},"20":{"start":{"line":53,"column":29},"end":{"line":53,"column":59}},"21":{"start":{"line":55,"column":4},"end":{"line":66,"column":7}},"22":{"start":{"line":69,"column":4},"end":{"line":72,"column":7}},"23":{"start":{"line":77,"column":0},"end":{"line":109,"column":3}},"24":{"start":{"line":78,"column":2},"end":{"line":108,"column":3}},"25":{"start":{"line":79,"column":17},"end":{"line":79,"column":51}},"26":{"start":{"line":81,"column":4},"end":{"line":86,"column":5}},"27":{"start":{"line":82,"column":6},"end":{"line":85,"column":9}},"28":{"start":{"line":88,"column":4},"end":{"line":93,"column":5}},"29":{"start":{"line":89,"column":6},"end":{"line":92,"column":9}},"30":{"start":{"line":95,"column":4},"end":{"line":95,"column":26}},"31":{"start":{"line":96,"column":4},"end":{"line":96,"column":22}},"32":{"start":{"line":98,"column":4},"end":{"line":101,"column":7}},"33":{"start":{"line":104,"column":4},"end":{"line":107,"column":7}},"34":{"start":{"line":111,"column":0},"end":{"line":111,"column":24}}},"fnMap":{"0":{"name":"(anonymous_0)","decl":{"start":{"line":17,"column":21},"end":{"line":17,"column":22}},"loc":{"start":{"line":17,"column":41},"end":{"line":43,"column":1}},"line":17},"1":{"name":"(anonymous_1)","decl":{"start":{"line":46,"column":21},"end":{"line":46,"column":22}},"loc":{"start":{"line":46,"column":41},"end":{"line":74,"column":1}},"line":46},"2":{"name":"(anonymous_2)","decl":{"start":{"line":77,"column":36},"end":{"line":77,"column":37}},"loc":{"start":{"line":77,"column":56},"end":{"line":109,"column":1}},"line":77}},"branchMap":{"0":{"loc":{"start":{"line":19,"column":12},"end":{"line":19,"column":20}},"type":"default-arg","locations":[{"start":{"line":19,"column":19},"end":{"line":19,"column":20}}],"line":19},"1":{"loc":{"start":{"line":19,"column":22},"end":{"line":19,"column":32}},"type":"default-arg","locations":[{"start":{"line":19,"column":30},"end":{"line":19,"column":32}}],"line":19},"2":{"loc":{"start":{"line":81,"column":4},"end":{"line":86,"column":5}},"type":"if","locations":[{"start":{"line":81,"column":4},"end":{"line":86,"column":5}},{"start":{},"end":{}}],"line":81},"3":{"loc":{"start":{"line":88,"column":4},"end":{"line":93,"column":5}},"type":"if","locations":[{"start":{"line":88,"column":4},"end":{"line":93,"column":5}},{"start":{},"end":{}}],"line":88}},"s":{"0":0,"1":0,"2":0,"3":0,"4":0,"5":0,"6":0,"7":0,"8":0,"9":0,"10":0,"11":0,"12":0,"13":0,"14":0,"15":0,"16":0,"17":0,"18":0,"19":0,"20":0,"21":0,"22":0,"23":0,"24":0,"25":0,"26":0,"27":0,"28":0,"29":0,"30":0,"31":0,"32":0,"33":0,"34":0},"f":{"0":0,"1":0,"2":0},"b":{"0":[0],"1":[0],"2":[0,0],"3":[0,0]}}
,"C:\\programmation\\learning_english\\backend\\routes\\auth.js": {"path":"C:\\programmation\\learning_english\\backend\\routes\\auth.js","statementMap":{"0":{"start":{"line":6,"column":16},"end":{"line":6,"column":34}},"1":{"start":{"line":7,"column":15},"end":{"line":7,"column":31}},"2":{"start":{"line":8,"column":18},"end":{"line":8,"column":47}},"3":{"start":{"line":9,"column":35},"end":{"line":9,"column":63}},"4":{"start":{"line":10,"column":12},"end":{"line":10,"column":35}},"5":{"start":{"line":11,"column":15},"end":{"line":11,"column":32}},"6":{"start":{"line":12,"column":15},"end":{"line":12,"column":35}},"7":{"start":{"line":13,"column":18},"end":{"line":13,"column":51}},"8":{"start":{"line":14,"column":13},"end":{"line":14,"column":38}},"9":{"start":{"line":15,"column":58},"end":{"line":15,"column":90}},"10":{"start":{"line":18,"column":33},"end":{"line":26,"column":2}},"11":{"start":{"line":24,"column":4},"end":{"line":24,"column":32}},"12":{"start":{"line":32,"column":0},"end":{"line":120,"column":2}},"13":{"start":{"line":44,"column":4},"end":{"line":118,"column":5}},"14":{"start":{"line":46,"column":6},"end":{"line":51,"column":9}},"15":{"start":{"line":54,"column":21},"end":{"line":54,"column":42}},"16":{"start":{"line":55,"column":6},"end":{"line":67,"column":7}},"17":{"start":{"line":57,"column":27},"end":{"line":57,"column":44}},"18":{"start":{"line":58,"column":29},"end":{"line":58,"column":88}},"19":{"start":{"line":60,"column":8},"end":{"line":60,"column":62}},"20":{"start":{"line":62,"column":8},"end":{"line":66,"column":11}},"21":{"start":{"line":69,"column":55},"end":{"line":69,"column":63}},"22":{"start":{"line":72,"column":27},"end":{"line":72,"column":67}},"23":{"start":{"line":73,"column":6},"end":{"line":78,"column":7}},"24":{"start":{"line":74,"column":8},"end":{"line":77,"column":11}},"25":{"start":{"line":81,"column":32},"end":{"line":81,"column":70}},"26":{"start":{"line":82,"column":34},"end":{"line":82,"column":76}},"27":{"start":{"line":85,"column":19},"end":{"line":92,"column":8}},"28":{"start":{"line":95,"column":6},"end":{"line":100,"column":7}},"29":{"start":{"line":96,"column":8},"end":{"line":96,"column":67}},"30":{"start":{"line":98,"column":8},"end":{"line":98,"column":57}},"31":{"start":{"line":105,"column":6},"end":{"line":110,"column":9}},"32":{"start":{"line":113,"column":6},"end":{"line":113,"column":50}},"33":{"start":{"line":114,"column":6},"end":{"line":117,"column":9}},"34":{"start":{"line":126,"column":0},"end":{"line":220,"column":2}},"35":{"start":{"line":137,"column":4},"end":{"line":218,"column":5}},"36":{"start":{"line":138,"column":21},"end":{"line":138,"column":42}},"37":{"start":{"line":139,"column":6},"end":{"line":149,"column":7}},"38":{"start":{"line":141,"column":27},"end":{"line":141,"column":44}},"39":{"start":{"line":142,"column":29},"end":{"line":142,"column":88}},"40":{"start":{"line":144,"column":8},"end":{"line":148,"column":11}},"41":{"start":{"line":152,"column":20},"end":{"line":152,"column":74}},"42":{"start":{"line":153,"column":23},"end":{"line":153,"column":40}},"43":{"start":{"line":156,"column":19},"end":{"line":161,"column":8}},"44":{"start":{"line":162,"column":6},"end":{"line":167,"column":7}},"45":{"start":{"line":163,"column":8},"end":{"line":166,"column":11}},"46":{"start":{"line":170,"column":6},"end":{"line":175,"column":7}},"47":{"start":{"line":171,"column":8},"end":{"line":174,"column":11}},"48":{"start":{"line":178,"column":30},"end":{"line":178,"column":66}},"49":{"start":{"line":179,"column":6},"end":{"line":184,"column":7}},"50":{"start":{"line":180,"column":8},"end":{"line":183,"column":11}},"51":{"start":{"line":187,"column":6},"end":{"line":192,"column":7}},"52":{"start":{"line":188,"column":8},"end":{"line":191,"column":11}},"53":{"start":{"line":195,"column":6},"end":{"line":195,"column":34}},"54":{"start":{"line":196,"column":6},"end":{"line":196,"column":24}},"55":{"start":{"line":199,"column":20},"end":{"line":203,"column":7}},"56":{"start":{"line":205,"column":6},"end":{"line":210,"column":9}},"57":{"start":{"line":213,"column":6},"end":{"line":213,"column":48}},"58":{"start":{"line":214,"column":6},"end":{"line":217,"column":9}},"59":{"start":{"line":227,"column":0},"end":{"line":305,"column":3}},"60":{"start":{"line":228,"column":2},"end":{"line":304,"column":3}},"61":{"start":{"line":229,"column":22},"end":{"line":229,"column":32}},"62":{"start":{"line":230,"column":25},"end":{"line":230,"column":94}},"63":{"start":{"line":232,"column":17},"end":{"line":237,"column":6}},"64":{"start":{"line":239,"column":4},"end":{"line":248,"column":5}},"65":{"start":{"line":240,"column":6},"end":{"line":245,"column":7}},"66":{"start":{"line":241,"column":8},"end":{"line":244,"column":11}},"67":{"start":{"line":247,"column":6},"end":{"line":247,"column":118}},"68":{"start":{"line":251,"column":4},"end":{"line":268,"column":5}},"69":{"start":{"line":252,"column":23},"end":{"line":256,"column":7}},"70":{"start":{"line":258,"column":6},"end":{"line":266,"column":7}},"71":{"start":{"line":259,"column":8},"end":{"line":265,"column":11}},"72":{"start":{"line":267,"column":6},"end":{"line":267,"column":123}},"73":{"start":{"line":271,"column":4},"end":{"line":271,"column":32}},"74":{"start":{"line":272,"column":4},"end":{"line":272,"column":39}},"75":{"start":{"line":273,"column":4},"end":{"line":273,"column":41}},"76":{"start":{"line":274,"column":4},"end":{"line":274,"column":22}},"77":{"start":{"line":277,"column":21},"end":{"line":281,"column":5}},"78":{"start":{"line":283,"column":4},"end":{"line":290,"column":5}},"79":{"start":{"line":284,"column":6},"end":{"line":289,"column":9}},"80":{"start":{"line":293,"column":4},"end":{"line":293,"column":121}},"81":{"start":{"line":295,"column":4},"end":{"line":295,"column":55}},"82":{"start":{"line":296,"column":25},"end":{"line":296,"column":94}},"83":{"start":{"line":297,"column":4},"end":{"line":302,"column":5}},"84":{"start":{"line":298,"column":6},"end":{"line":301,"column":9}},"85":{"start":{"line":303,"column":4},"end":{"line":303,"column":101}},"86":{"start":{"line":308,"column":0},"end":{"line":380,"column":3}},"87":{"start":{"line":309,"column":2},"end":{"line":379,"column":3}},"88":{"start":{"line":310,"column":22},"end":{"line":310,"column":32}},"89":{"start":{"line":313,"column":17},"end":{"line":317,"column":6}},"90":{"start":{"line":320,"column":4},"end":{"line":325,"column":5}},"91":{"start":{"line":321,"column":6},"end":{"line":324,"column":9}},"92":{"start":{"line":328,"column":4},"end":{"line":343,"column":5}},"93":{"start":{"line":330,"column":23},"end":{"line":334,"column":7}},"94":{"start":{"line":336,"column":6},"end":{"line":342,"column":9}},"95":{"start":{"line":346,"column":4},"end":{"line":351,"column":5}},"96":{"start":{"line":347,"column":6},"end":{"line":350,"column":9}},"97":{"start":{"line":354,"column":4},"end":{"line":354,"column":32}},"98":{"start":{"line":355,"column":4},"end":{"line":355,"column":39}},"99":{"start":{"line":356,"column":4},"end":{"line":356,"column":41}},"100":{"start":{"line":357,"column":4},"end":{"line":357,"column":22}},"101":{"start":{"line":360,"column":21},"end":{"line":364,"column":5}},"102":{"start":{"line":366,"column":4},"end":{"line":371,"column":7}},"103":{"start":{"line":374,"column":4},"end":{"line":374,"column":55}},"104":{"start":{"line":375,"column":4},"end":{"line":378,"column":7}},"105":{"start":{"line":386,"column":0},"end":{"line":440,"column":2}},"106":{"start":{"line":389,"column":4},"end":{"line":438,"column":5}},"107":{"start":{"line":391,"column":21},"end":{"line":391,"column":42}},"108":{"start":{"line":392,"column":6},"end":{"line":398,"column":7}},"109":{"start":{"line":393,"column":8},"end":{"line":397,"column":11}},"110":{"start":{"line":400,"column":24},"end":{"line":400,"column":32}},"111":{"start":{"line":402,"column":19},"end":{"line":402,"column":59}},"112":{"start":{"line":403,"column":6},"end":{"line":409,"column":7}},"113":{"start":{"line":405,"column":8},"end":{"line":408,"column":11}},"114":{"start":{"line":412,"column":25},"end":{"line":412,"column":63}},"115":{"start":{"line":413,"column":27},"end":{"line":413,"column":64}},"116":{"start":{"line":415,"column":6},"end":{"line":415,"column":43}},"117":{"start":{"line":416,"column":6},"end":{"line":416,"column":47}},"118":{"start":{"line":417,"column":6},"end":{"line":417,"column":24}},"119":{"start":{"line":420,"column":6},"end":{"line":425,"column":7}},"120":{"start":{"line":421,"column":8},"end":{"line":421,"column":61}},"121":{"start":{"line":423,"column":8},"end":{"line":423,"column":72}},"122":{"start":{"line":427,"column":6},"end":{"line":430,"column":9}},"123":{"start":{"line":433,"column":6},"end":{"line":433,"column":53}},"124":{"start":{"line":434,"column":6},"end":{"line":437,"column":9}},"125":{"start":{"line":446,"column":0},"end":{"line":507,"column":2}},"126":{"start":{"line":453,"column":4},"end":{"line":505,"column":5}},"127":{"start":{"line":455,"column":20},"end":{"line":455,"column":54}},"128":{"start":{"line":456,"column":27},"end":{"line":456,"column":35}},"129":{"start":{"line":459,"column":21},"end":{"line":459,"column":42}},"130":{"start":{"line":460,"column":6},"end":{"line":466,"column":7}},"131":{"start":{"line":461,"column":8},"end":{"line":465,"column":11}},"132":{"start":{"line":468,"column":6},"end":{"line":473,"column":7}},"133":{"start":{"line":469,"column":8},"end":{"line":472,"column":11}},"134":{"start":{"line":475,"column":19},"end":{"line":480,"column":8}},"135":{"start":{"line":482,"column":6},"end":{"line":487,"column":7}},"136":{"start":{"line":483,"column":8},"end":{"line":486,"column":11}},"137":{"start":{"line":489,"column":6},"end":{"line":489,"column":31}},"138":{"start":{"line":490,"column":6},"end":{"line":490,"column":37}},"139":{"start":{"line":491,"column":6},"end":{"line":491,"column":39}},"140":{"start":{"line":492,"column":6},"end":{"line":492,"column":24}},"141":{"start":{"line":494,"column":6},"end":{"line":497,"column":9}},"142":{"start":{"line":500,"column":6},"end":{"line":500,"column":53}},"143":{"start":{"line":501,"column":6},"end":{"line":504,"column":9}},"144":{"start":{"line":509,"column":0},"end":{"line":509,"column":24}}},"fnMap":{"0":{"name":"(anonymous_0)","decl":{"start":{"line":22,"column":8},"end":{"line":22,"column":9}},"loc":{"start":{"line":22,"column":17},"end":{"line":25,"column":3}},"line":22},"1":{"name":"(anonymous_1)","decl":{"start":{"line":43,"column":2},"end":{"line":43,"column":3}},"loc":{"start":{"line":43,"column":22},"end":{"line":119,"column":3}},"line":43},"2":{"name":"(anonymous_2)","decl":{"start":{"line":136,"column":2},"end":{"line":136,"column":3}},"loc":{"start":{"line":136,"column":22},"end":{"line":219,"column":3}},"line":136},"3":{"name":"(anonymous_3)","decl":{"start":{"line":227,"column":35},"end":{"line":227,"column":36}},"loc":{"start":{"line":227,"column":55},"end":{"line":305,"column":1}},"line":227},"4":{"name":"(anonymous_4)","decl":{"start":{"line":308,"column":62},"end":{"line":308,"column":63}},"loc":{"start":{"line":308,"column":82},"end":{"line":380,"column":1}},"line":308},"5":{"name":"(anonymous_5)","decl":{"start":{"line":388,"column":2},"end":{"line":388,"column":3}},"loc":{"start":{"line":388,"column":22},"end":{"line":439,"column":3}},"line":388},"6":{"name":"(anonymous_6)","decl":{"start":{"line":452,"column":2},"end":{"line":452,"column":3}},"loc":{"start":{"line":452,"column":22},"end":{"line":506,"column":3}},"line":452}},"branchMap":{"0":{"loc":{"start":{"line":55,"column":6},"end":{"line":67,"column":7}},"type":"if","locations":[{"start":{"line":55,"column":6},"end":{"line":67,"column":7}},{"start":{},"end":{}}],"line":55},"1":{"loc":{"start":{"line":58,"column":29},"end":{"line":58,"column":88}},"type":"binary-expr","locations":[{"start":{"line":58,"column":29},"end":{"line":58,"column":43}},{"start":{"line":58,"column":47},"end":{"line":58,"column":65}},{"start":{"line":58,"column":69},"end":{"line":58,"column":88}}],"line":58},"2":{"loc":{"start":{"line":73,"column":6},"end":{"line":78,"column":7}},"type":"if","locations":[{"start":{"line":73,"column":6},"end":{"line":78,"column":7}},{"start":{},"end":{}}],"line":73},"3":{"loc":{"start":{"line":139,"column":6},"end":{"line":149,"column":7}},"type":"if","locations":[{"start":{"line":139,"column":6},"end":{"line":149,"column":7}},{"start":{},"end":{}}],"line":139},"4":{"loc":{"start":{"line":142,"column":29},"end":{"line":142,"column":88}},"type":"binary-expr","locations":[{"start":{"line":142,"column":29},"end":{"line":142,"column":43}},{"start":{"line":142,"column":47},"end":{"line":142,"column":65}},{"start":{"line":142,"column":69},"end":{"line":142,"column":88}}],"line":142},"5":{"loc":{"start":{"line":152,"column":20},"end":{"line":152,"column":74}},"type":"binary-expr","locations":[{"start":{"line":152,"column":20},"end":{"line":152,"column":56}},{"start":{"line":152,"column":60},"end":{"line":152,"column":74}}],"line":152},"6":{"loc":{"start":{"line":162,"column":6},"end":{"line":167,"column":7}},"type":"if","locations":[{"start":{"line":162,"column":6},"end":{"line":167,"column":7}},{"start":{},"end":{}}],"line":162},"7":{"loc":{"start":{"line":170,"column":6},"end":{"line":175,"column":7}},"type":"if","locations":[{"start":{"line":170,"column":6},"end":{"line":175,"column":7}},{"start":{},"end":{}}],"line":170},"8":{"loc":{"start":{"line":179,"column":6},"end":{"line":184,"column":7}},"type":"if","locations":[{"start":{"line":179,"column":6},"end":{"line":184,"column":7}},{"start":{},"end":{}}],"line":179},"9":{"loc":{"start":{"line":187,"column":6},"end":{"line":192,"column":7}},"type":"if","locations":[{"start":{"line":187,"column":6},"end":{"line":192,"column":7}},{"start":{},"end":{}}],"line":187},"10":{"loc":{"start":{"line":202,"column":21},"end":{"line":202,"column":55}},"type":"binary-expr","locations":[{"start":{"line":202,"column":21},"end":{"line":202,"column":47}},{"start":{"line":202,"column":51},"end":{"line":202,"column":55}}],"line":202},"11":{"loc":{"start":{"line":230,"column":25},"end":{"line":230,"column":94}},"type":"binary-expr","locations":[{"start":{"line":230,"column":25},"end":{"line":230,"column":43}},{"start":{"line":230,"column":47},"end":{"line":230,"column":94}}],"line":230},"12":{"loc":{"start":{"line":239,"column":4},"end":{"line":248,"column":5}},"type":"if","locations":[{"start":{"line":239,"column":4},"end":{"line":248,"column":5}},{"start":{},"end":{}}],"line":239},"13":{"loc":{"start":{"line":240,"column":6},"end":{"line":245,"column":7}},"type":"if","locations":[{"start":{"line":240,"column":6},"end":{"line":245,"column":7}},{"start":{},"end":{}}],"line":240},"14":{"loc":{"start":{"line":247,"column":29},"end":{"line":247,"column":80}},"type":"binary-expr","locations":[{"start":{"line":247,"column":29},"end":{"line":247,"column":53}},{"start":{"line":247,"column":57},"end":{"line":247,"column":80}}],"line":247},"15":{"loc":{"start":{"line":251,"column":4},"end":{"line":268,"column":5}},"type":"if","locations":[{"start":{"line":251,"column":4},"end":{"line":268,"column":5}},{"start":{},"end":{}}],"line":251},"16":{"loc":{"start":{"line":255,"column":21},"end":{"line":255,"column":55}},"type":"binary-expr","locations":[{"start":{"line":255,"column":21},"end":{"line":255,"column":47}},{"start":{"line":255,"column":51},"end":{"line":255,"column":55}}],"line":255},"17":{"loc":{"start":{"line":258,"column":6},"end":{"line":266,"column":7}},"type":"if","locations":[{"start":{"line":258,"column":6},"end":{"line":266,"column":7}},{"start":{},"end":{}}],"line":258},"18":{"loc":{"start":{"line":267,"column":29},"end":{"line":267,"column":80}},"type":"binary-expr","locations":[{"start":{"line":267,"column":29},"end":{"line":267,"column":53}},{"start":{"line":267,"column":57},"end":{"line":267,"column":80}}],"line":267},"19":{"loc":{"start":{"line":280,"column":19},"end":{"line":280,"column":53}},"type":"binary-expr","locations":[{"start":{"line":280,"column":19},"end":{"line":280,"column":45}},{"start":{"line":280,"column":49},"end":{"line":280,"column":53}}],"line":280},"20":{"loc":{"start":{"line":283,"column":4},"end":{"line":290,"column":5}},"type":"if","locations":[{"start":{"line":283,"column":4},"end":{"line":290,"column":5}},{"start":{},"end":{}}],"line":283},"21":{"loc":{"start":{"line":293,"column":27},"end":{"line":293,"column":78}},"type":"binary-expr","locations":[{"start":{"line":293,"column":27},"end":{"line":293,"column":51}},{"start":{"line":293,"column":55},"end":{"line":293,"column":78}}],"line":293},"22":{"loc":{"start":{"line":296,"column":25},"end":{"line":296,"column":94}},"type":"binary-expr","locations":[{"start":{"line":296,"column":25},"end":{"line":296,"column":43}},{"start":{"line":296,"column":47},"end":{"line":296,"column":94}}],"line":296},"23":{"loc":{"start":{"line":297,"column":4},"end":{"line":302,"column":5}},"type":"if","locations":[{"start":{"line":297,"column":4},"end":{"line":302,"column":5}},{"start":{},"end":{}}],"line":297},"24":{"loc":{"start":{"line":303,"column":27},"end":{"line":303,"column":78}},"type":"binary-expr","locations":[{"start":{"line":303,"column":27},"end":{"line":303,"column":51}},{"start":{"line":303,"column":55},"end":{"line":303,"column":78}}],"line":303},"25":{"loc":{"start":{"line":320,"column":4},"end":{"line":325,"column":5}},"type":"if","locations":[{"start":{"line":320,"column":4},"end":{"line":325,"column":5}},{"start":{},"end":{}}],"line":320},"26":{"loc":{"start":{"line":328,"column":4},"end":{"line":343,"column":5}},"type":"if","locations":[{"start":{"line":328,"column":4},"end":{"line":343,"column":5}},{"start":{},"end":{}}],"line":328},"27":{"loc":{"start":{"line":333,"column":21},"end":{"line":333,"column":55}},"type":"binary-expr","locations":[{"start":{"line":333,"column":21},"end":{"line":333,"column":47}},{"start":{"line":333,"column":51},"end":{"line":333,"column":55}}],"line":333},"28":{"loc":{"start":{"line":346,"column":4},"end":{"line":351,"column":5}},"type":"if","locations":[{"start":{"line":346,"column":4},"end":{"line":351,"column":5}},{"start":{},"end":{}}],"line":346},"29":{"loc":{"start":{"line":346,"column":8},"end":{"line":346,"column":83}},"type":"binary-expr","locations":[{"start":{"line":346,"column":8},"end":{"line":346,"column":37}},{"start":{"line":346,"column":41},"end":{"line":346,"column":83}}],"line":346},"30":{"loc":{"start":{"line":363,"column":19},"end":{"line":363,"column":53}},"type":"binary-expr","locations":[{"start":{"line":363,"column":19},"end":{"line":363,"column":45}},{"start":{"line":363,"column":49},"end":{"line":363,"column":53}}],"line":363},"31":{"loc":{"start":{"line":392,"column":6},"end":{"line":398,"column":7}},"type":"if","locations":[{"start":{"line":392,"column":6},"end":{"line":398,"column":7}},{"start":{},"end":{}}],"line":392},"32":{"loc":{"start":{"line":403,"column":6},"end":{"line":409,"column":7}},"type":"if","locations":[{"start":{"line":403,"column":6},"end":{"line":409,"column":7}},{"start":{},"end":{}}],"line":403},"33":{"loc":{"start":{"line":455,"column":20},"end":{"line":455,"column":54}},"type":"binary-expr","locations":[{"start":{"line":455,"column":20},"end":{"line":455,"column":36}},{"start":{"line":455,"column":40},"end":{"line":455,"column":54}}],"line":455},"34":{"loc":{"start":{"line":460,"column":6},"end":{"line":466,"column":7}},"type":"if","locations":[{"start":{"line":460,"column":6},"end":{"line":466,"column":7}},{"start":{},"end":{}}],"line":460},"35":{"loc":{"start":{"line":468,"column":6},"end":{"line":473,"column":7}},"type":"if","locations":[{"start":{"line":468,"column":6},"end":{"line":473,"column":7}},{"start":{},"end":{}}],"line":468},"36":{"loc":{"start":{"line":482,"column":6},"end":{"line":487,"column":7}},"type":"if","locations":[{"start":{"line":482,"column":6},"end":{"line":487,"column":7}},{"start":{},"end":{}}],"line":482}},"s":{"0":0,"1":0,"2":0,"3":0,"4":0,"5":0,"6":0,"7":0,"8":0,"9":0,"10":0,"11":0,"12":0,"13":0,"14":0,"15":0,"16":0,"17":0,"18":0,"19":0,"20":0,"21":0,"22":0,"23":0,"24":0,"25":0,"26":0,"27":0,"28":0,"29":0,"30":0,"31":0,"32":0,"33":0,"34":0,"35":0,"36":0,"37":0,"38":0,"39":0,"40":0,"41":0,"42":0,"43":0,"44":0,"45":0,"46":0,"47":0,"48":0,"49":0,"50":0,"51":0,"52":0,"53":0,"54":0,"55":0,"56":0,"57":0,"58":0,"59":0,"60":0,"61":0,"62":0,"63":0,"64":0,"65":0,"66":0,"67":0,"68":0,"69":0,"70":0,"71":0,"72":0,"73":0,"74":0,"75":0,"76":0,"77":0,"78":0,"79":0,"80":0,"81":0,"82":0,"83":0,"84":0,"85":0,"86":0,"87":0,"88":0,"89":0,"90":0,"91":0,"92":0,"93":0,"94":0,"95":0,"96":0,"97":0,"98":0,"99":0,"100":0,"101":0,"102":0,"103":0,"104":0,"105":0,"106":0,"107":0,"108":0,"109":0,"110":0,"111":0,"112":0,"113":0,"114":0,"115":0,"116":0,"117":0,"118":0,"119":0,"120":0,"121":0,"122":0,"123":0,"124":0,"125":0,"126":0,"127":0,"128":0,"129":0,"130":0,"131":0,"132":0,"133":0,"134":0,"135":0,"136":0,"137":0,"138":0,"139":0,"140":0,"141":0,"142":0,"143":0,"144":0},"f":{"0":0,"1":0,"2":0,"3":0,"4":0,"5":0,"6":0},"b":{"0":[0,0],"1":[0,0,0],"2":[0,0],"3":[0,0],"4":[0,0,0],"5":[0,0],"6":[0,0],"7":[0,0],"8":[0,0],"9":[0,0],"10":[0,0],"11":[0,0],"12":[0,0],"13":[0,0],"14":[0,0],"15":[0,0],"16":[0,0],"17":[0,0],"18":[0,0],"19":[0,0],"20":[0,0],"21":[0,0],"22":[0,0],"23":[0,0],"24":[0,0],"25":[0,0],"26":[0,0],"27":[0,0],"28":[0,0],"29":[0,0],"30":[0,0],"31":[0,0],"32":[0,0],"33":[0,0],"34":[0,0],"35":[0,0],"36":[0,0]}}
,"C:\\programmation\\learning_english\\backend\\routes\\conversation.js": {"path":"C:\\programmation\\learning_english\\backend\\routes\\conversation.js","statementMap":{"0":{"start":{"line":7,"column":16},"end":{"line":7,"column":34}},"1":{"start":{"line":8,"column":15},"end":{"line":8,"column":31}},"2":{"start":{"line":9,"column":22},"end":{"line":9,"column":58}},"3":{"start":{"line":10,"column":15},"end":{"line":10,"column":41}},"4":{"start":{"line":11,"column":18},"end":{"line":11,"column":47}},"5":{"start":{"line":14,"column":32},"end":{"line":18,"column":2}},"6":{"start":{"line":24,"column":0},"end":{"line":163,"column":3}},"7":{"start":{"line":25,"column":2},"end":{"line":162,"column":3}},"8":{"start":{"line":26,"column":87},"end":{"line":26,"column":95}},"9":{"start":{"line":28,"column":4},"end":{"line":33,"column":5}},"10":{"start":{"line":29,"column":6},"end":{"line":32,"column":9}},"11":{"start":{"line":36,"column":29},"end":{"line":36,"column":79}},"12":{"start":{"line":37,"column":4},"end":{"line":52,"column":5}},"13":{"start":{"line":39,"column":30},"end":{"line":39,"column":117}},"14":{"start":{"line":40,"column":6},"end":{"line":51,"column":7}},"15":{"start":{"line":42,"column":27},"end":{"line":42,"column":93}},"16":{"start":{"line":43,"column":27},"end":{"line":43,"column":60}},"17":{"start":{"line":45,"column":28},"end":{"line":45,"column":88}},"18":{"start":{"line":46,"column":8},"end":{"line":50,"column":11}},"19":{"start":{"line":55,"column":4},"end":{"line":134,"column":5}},"20":{"start":{"line":56,"column":6},"end":{"line":133,"column":7}},"21":{"start":{"line":58,"column":33},"end":{"line":64,"column":127}},"22":{"start":{"line":66,"column":29},"end":{"line":75,"column":60}},"23":{"start":{"line":66,"column":51},"end":{"line":66,"column":70}},"24":{"start":{"line":78,"column":34},"end":{"line":78,"column":36}},"25":{"start":{"line":79,"column":8},"end":{"line":85,"column":9}},"26":{"start":{"line":80,"column":10},"end":{"line":84,"column":24}},"27":{"start":{"line":81,"column":28},"end":{"line":81,"column":47}},"28":{"start":{"line":83,"column":25},"end":{"line":83,"column":85}},"29":{"start":{"line":88,"column":31},"end":{"line":88,"column":95}},"30":{"start":{"line":88,"column":56},"end":{"line":88,"column":78}},"31":{"start":{"line":89,"column":29},"end":{"line":92,"column":9}},"32":{"start":{"line":90,"column":10},"end":{"line":91,"column":55}},"33":{"start":{"line":94,"column":23},"end":{"line":100,"column":9}},"34":{"start":{"line":102,"column":25},"end":{"line":105,"column":10}},"35":{"start":{"line":107,"column":8},"end":{"line":129,"column":9}},"36":{"start":{"line":109,"column":28},"end":{"line":109,"column":30}},"37":{"start":{"line":110,"column":30},"end":{"line":110,"column":41}},"38":{"start":{"line":111,"column":28},"end":{"line":111,"column":30}},"39":{"start":{"line":113,"column":10},"end":{"line":118,"column":11}},"40":{"start":{"line":114,"column":12},"end":{"line":114,"column":33}},"41":{"start":{"line":116,"column":12},"end":{"line":116,"column":83}},"42":{"start":{"line":117,"column":12},"end":{"line":117,"column":121}},"43":{"start":{"line":117,"column":45},"end":{"line":117,"column":108}},"44":{"start":{"line":120,"column":10},"end":{"line":126,"column":13}},"45":{"start":{"line":128,"column":10},"end":{"line":128,"column":100}},"46":{"start":{"line":131,"column":8},"end":{"line":131,"column":61}},"47":{"start":{"line":138,"column":19},"end":{"line":138,"column":21}},"48":{"start":{"line":139,"column":4},"end":{"line":145,"column":5}},"49":{"start":{"line":140,"column":6},"end":{"line":140,"column":87}},"50":{"start":{"line":141,"column":6},"end":{"line":141,"column":93}},"51":{"start":{"line":141,"column":36},"end":{"line":141,"column":81}},"52":{"start":{"line":142,"column":6},"end":{"line":142,"column":61}},"53":{"start":{"line":144,"column":6},"end":{"line":144,"column":96}},"54":{"start":{"line":147,"column":4},"end":{"line":152,"column":7}},"55":{"start":{"line":154,"column":4},"end":{"line":154,"column":50}},"56":{"start":{"line":156,"column":4},"end":{"line":161,"column":7}},"57":{"start":{"line":169,"column":2},"end":{"line":187,"column":3}},"58":{"start":{"line":170,"column":4},"end":{"line":186,"column":5}},"59":{"start":{"line":171,"column":21},"end":{"line":176,"column":13}},"60":{"start":{"line":178,"column":26},"end":{"line":181,"column":8}},"61":{"start":{"line":183,"column":6},"end":{"line":183,"column":33}},"62":{"start":{"line":185,"column":6},"end":{"line":185,"column":51}},"63":{"start":{"line":190,"column":2},"end":{"line":190,"column":14}},"64":{"start":{"line":193,"column":0},"end":{"line":193,"column":24}}},"fnMap":{"0":{"name":"(anonymous_0)","decl":{"start":{"line":24,"column":42},"end":{"line":24,"column":43}},"loc":{"start":{"line":24,"column":62},"end":{"line":163,"column":1}},"line":24},"1":{"name":"(anonymous_1)","decl":{"start":{"line":66,"column":44},"end":{"line":66,"column":45}},"loc":{"start":{"line":66,"column":51},"end":{"line":66,"column":70}},"line":66},"2":{"name":"(anonymous_2)","decl":{"start":{"line":81,"column":20},"end":{"line":81,"column":21}},"loc":{"start":{"line":81,"column":28},"end":{"line":81,"column":47}},"line":81},"3":{"name":"(anonymous_3)","decl":{"start":{"line":83,"column":17},"end":{"line":83,"column":18}},"loc":{"start":{"line":83,"column":25},"end":{"line":83,"column":85}},"line":83},"4":{"name":"(anonymous_4)","decl":{"start":{"line":88,"column":48},"end":{"line":88,"column":49}},"loc":{"start":{"line":88,"column":56},"end":{"line":88,"column":78}},"line":88},"5":{"name":"(anonymous_5)","decl":{"start":{"line":89,"column":49},"end":{"line":89,"column":50}},"loc":{"start":{"line":90,"column":10},"end":{"line":91,"column":55}},"line":90},"6":{"name":"(anonymous_6)","decl":{"start":{"line":117,"column":38},"end":{"line":117,"column":39}},"loc":{"start":{"line":117,"column":45},"end":{"line":117,"column":108}},"line":117},"7":{"name":"(anonymous_7)","decl":{"start":{"line":141,"column":29},"end":{"line":141,"column":30}},"loc":{"start":{"line":141,"column":36},"end":{"line":141,"column":81}},"line":141},"8":{"name":"translateText","decl":{"start":{"line":168,"column":15},"end":{"line":168,"column":28}},"loc":{"start":{"line":168,"column":59},"end":{"line":191,"column":1}},"line":168}},"branchMap":{"0":{"loc":{"start":{"line":26,"column":22},"end":{"line":26,"column":34}},"type":"default-arg","locations":[{"start":{"line":26,"column":30},"end":{"line":26,"column":34}}],"line":26},"1":{"loc":{"start":{"line":26,"column":49},"end":{"line":26,"column":60}},"type":"default-arg","locations":[{"start":{"line":26,"column":58},"end":{"line":26,"column":60}}],"line":26},"2":{"loc":{"start":{"line":26,"column":62},"end":{"line":26,"column":82}},"type":"default-arg","locations":[{"start":{"line":26,"column":81},"end":{"line":26,"column":82}}],"line":26},"3":{"loc":{"start":{"line":28,"column":4},"end":{"line":33,"column":5}},"type":"if","locations":[{"start":{"line":28,"column":4},"end":{"line":33,"column":5}},{"start":{},"end":{}}],"line":28},"4":{"loc":{"start":{"line":28,"column":8},"end":{"line":28,"column":55}},"type":"binary-expr","locations":[{"start":{"line":28,"column":8},"end":{"line":28,"column":20}},{"start":{"line":28,"column":24},"end":{"line":28,"column":55}}],"line":28},"5":{"loc":{"start":{"line":37,"column":4},"end":{"line":52,"column":5}},"type":"if","locations":[{"start":{"line":37,"column":4},"end":{"line":52,"column":5}},{"start":{},"end":{}}],"line":37},"6":{"loc":{"start":{"line":40,"column":6},"end":{"line":51,"column":7}},"type":"if","locations":[{"start":{"line":40,"column":6},"end":{"line":51,"column":7}},{"start":{},"end":{}}],"line":40},"7":{"loc":{"start":{"line":42,"column":27},"end":{"line":42,"column":93}},"type":"cond-expr","locations":[{"start":{"line":42,"column":82},"end":{"line":42,"column":86}},{"start":{"line":42,"column":89},"end":{"line":42,"column":93}}],"line":42},"8":{"loc":{"start":{"line":43,"column":27},"end":{"line":43,"column":60}},"type":"cond-expr","locations":[{"start":{"line":43,"column":49},"end":{"line":43,"column":53}},{"start":{"line":43,"column":56},"end":{"line":43,"column":60}}],"line":43},"9":{"loc":{"start":{"line":49,"column":66},"end":{"line":49,"column":108}},"type":"cond-expr","locations":[{"start":{"line":49,"column":88},"end":{"line":49,"column":97}},{"start":{"line":49,"column":100},"end":{"line":49,"column":108}}],"line":49},"10":{"loc":{"start":{"line":55,"column":4},"end":{"line":134,"column":5}},"type":"if","locations":[{"start":{"line":55,"column":4},"end":{"line":134,"column":5}},{"start":{},"end":{}}],"line":55},"11":{"loc":{"start":{"line":58,"column":33},"end":{"line":64,"column":127}},"type":"cond-expr","locations":[{"start":{"line":59,"column":12},"end":{"line":59,"column":64}},{"start":{"line":60,"column":12},"end":{"line":64,"column":127}}],"line":58},"12":{"loc":{"start":{"line":60,"column":12},"end":{"line":64,"column":127}},"type":"cond-expr","locations":[{"start":{"line":61,"column":12},"end":{"line":61,"column":86}},{"start":{"line":62,"column":12},"end":{"line":64,"column":127}}],"line":60},"13":{"loc":{"start":{"line":62,"column":12},"end":{"line":64,"column":127}},"type":"cond-expr","locations":[{"start":{"line":63,"column":12},"end":{"line":63,"column":84}},{"start":{"line":64,"column":12},"end":{"line":64,"column":127}}],"line":62},"14":{"loc":{"start":{"line":66,"column":29},"end":{"line":75,"column":60}},"type":"binary-expr","locations":[{"start":{"line":66,"column":29},"end":{"line":66,"column":80}},{"start":{"line":67,"column":10},"end":{"line":75,"column":60}}],"line":66},"15":{"loc":{"start":{"line":79,"column":8},"end":{"line":85,"column":9}},"type":"if","locations":[{"start":{"line":79,"column":8},"end":{"line":85,"column":9}},{"start":{},"end":{}}],"line":79},"16":{"loc":{"start":{"line":79,"column":12},"end":{"line":79,"column":43}},"type":"binary-expr","locations":[{"start":{"line":79,"column":12},"end":{"line":79,"column":20}},{"start":{"line":79,"column":24},"end":{"line":79,"column":43}}],"line":79},"17":{"loc":{"start":{"line":83,"column":28},"end":{"line":83,"column":69}},"type":"cond-expr","locations":[{"start":{"line":83,"column":48},"end":{"line":83,"column":57}},{"start":{"line":83,"column":60},"end":{"line":83,"column":69}}],"line":83},"18":{"loc":{"start":{"line":88,"column":31},"end":{"line":88,"column":95}},"type":"binary-expr","locations":[{"start":{"line":88,"column":31},"end":{"line":88,"column":89}},{"start":{"line":88,"column":93},"end":{"line":88,"column":95}}],"line":88},"19":{"loc":{"start":{"line":90,"column":10},"end":{"line":91,"column":55}},"type":"binary-expr","locations":[{"start":{"line":90,"column":10},"end":{"line":90,"column":56}},{"start":{"line":91,"column":10},"end":{"line":91,"column":55}}],"line":90},"20":{"loc":{"start":{"line":96,"column":2},"end":{"line":96,"column":81}},"type":"cond-expr","locations":[{"start":{"line":96,"column":24},"end":{"line":96,"column":76}},{"start":{"line":96,"column":79},"end":{"line":96,"column":81}}],"line":96},"21":{"loc":{"start":{"line":97,"column":2},"end":{"line":97,"column":133}},"type":"cond-expr","locations":[{"start":{"line":97,"column":22},"end":{"line":97,"column":128}},{"start":{"line":97,"column":131},"end":{"line":97,"column":133}}],"line":97},"22":{"loc":{"start":{"line":98,"column":2},"end":{"line":98,"column":130}},"type":"cond-expr","locations":[{"start":{"line":98,"column":17},"end":{"line":98,"column":125}},{"start":{"line":98,"column":128},"end":{"line":98,"column":130}}],"line":98},"23":{"loc":{"start":{"line":107,"column":8},"end":{"line":129,"column":9}},"type":"if","locations":[{"start":{"line":107,"column":8},"end":{"line":129,"column":9}},{"start":{"line":127,"column":15},"end":{"line":129,"column":9}}],"line":107},"24":{"loc":{"start":{"line":107,"column":12},"end":{"line":107,"column":50}},"type":"binary-expr","locations":[{"start":{"line":107,"column":12},"end":{"line":107,"column":20}},{"start":{"line":107,"column":24},"end":{"line":107,"column":50}}],"line":107},"25":{"loc":{"start":{"line":113,"column":10},"end":{"line":118,"column":11}},"type":"if","locations":[{"start":{"line":113,"column":10},"end":{"line":118,"column":11}},{"start":{},"end":{}}],"line":113},"26":{"loc":{"start":{"line":125,"column":27},"end":{"line":125,"column":72}},"type":"cond-expr","locations":[{"start":{"line":125,"column":47},"end":{"line":125,"column":60}},{"start":{"line":125,"column":63},"end":{"line":125,"column":72}}],"line":125},"27":{"loc":{"start":{"line":139,"column":4},"end":{"line":145,"column":5}},"type":"if","locations":[{"start":{"line":139,"column":4},"end":{"line":145,"column":5}},{"start":{"line":143,"column":11},"end":{"line":145,"column":5}}],"line":139},"28":{"loc":{"start":{"line":150,"column":19},"end":{"line":150,"column":100}},"type":"cond-expr","locations":[{"start":{"line":150,"column":39},"end":{"line":150,"column":88}},{"start":{"line":150,"column":91},"end":{"line":150,"column":100}}],"line":150},"29":{"loc":{"start":{"line":169,"column":2},"end":{"line":187,"column":3}},"type":"if","locations":[{"start":{"line":169,"column":2},"end":{"line":187,"column":3}},{"start":{},"end":{}}],"line":169},"30":{"loc":{"start":{"line":171,"column":58},"end":{"line":171,"column":100}},"type":"cond-expr","locations":[{"start":{"line":171,"column":80},"end":{"line":171,"column":89}},{"start":{"line":171,"column":92},"end":{"line":171,"column":100}}],"line":171},"31":{"loc":{"start":{"line":171,"column":107},"end":{"line":171,"column":149}},"type":"cond-expr","locations":[{"start":{"line":171,"column":129},"end":{"line":171,"column":138}},{"start":{"line":171,"column":141},"end":{"line":171,"column":149}}],"line":171},"32":{"loc":{"start":{"line":183,"column":13},"end":{"line":183,"column":32}},"type":"binary-expr","locations":[{"start":{"line":183,"column":13},"end":{"line":183,"column":24}},{"start":{"line":183,"column":28},"end":{"line":183,"column":32}}],"line":183}},"s":{"0":0,"1":0,"2":0,"3":0,"4":0,"5":0,"6":0,"7":0,"8":0,"9":0,"10":0,"11":0,"12":0,"13":0,"14":0,"15":0,"16":0,"17":0,"18":0,"19":0,"20":0,"21":0,"22":0,"23":0,"24":0,"25":0,"26":0,"27":0,"28":0,"29":0,"30":0,"31":0,"32":0,"33":0,"34":0,"35":0,"36":0,"37":0,"38":0,"39":0,"40":0,"41":0,"42":0,"43":0,"44":0,"45":0,"46":0,"47":0,"48":0,"49":0,"50":0,"51":0,"52":0,"53":0,"54":0,"55":0,"56":0,"57":0,"58":0,"59":0,"60":0,"61":0,"62":0,"63":0,"64":0},"f":{"0":0,"1":0,"2":0,"3":0,"4":0,"5":0,"6":0,"7":0,"8":0},"b":{"0":[0],"1":[0],"2":[0],"3":[0,0],"4":[0,0],"5":[0,0],"6":[0,0],"7":[0,0],"8":[0,0],"9":[0,0],"10":[0,0],"11":[0,0],"12":[0,0],"13":[0,0],"14":[0,0],"15":[0,0],"16":[0,0],"17":[0,0],"18":[0,0],"19":[0,0],"20":[0,0],"21":[0,0],"22":[0,0],"23":[0,0],"24":[0,0],"25":[0,0],"26":[0,0],"27":[0,0],"28":[0,0],"29":[0,0],"30":[0,0],"31":[0,0],"32":[0,0]}}
,"C:\\programmation\\learning_english\\backend\\routes\\exercises.js": {"path":"C:\\programmation\\learning_english\\backend\\routes\\exercises.js","statementMap":{"0":{"start":{"line":6,"column":16},"end":{"line":6,"column":34}},"1":{"start":{"line":7,"column":15},"end":{"line":7,"column":31}},"2":{"start":{"line":8,"column":17},"end":{"line":8,"column":46}},"3":{"start":{"line":13,"column":0},"end":{"line":22,"column":3}},"4":{"start":{"line":14,"column":2},"end":{"line":21,"column":5}},"5":{"start":{"line":24,"column":0},"end":{"line":24,"column":24}}},"fnMap":{"0":{"name":"(anonymous_0)","decl":{"start":{"line":13,"column":22},"end":{"line":13,"column":23}},"loc":{"start":{"line":13,"column":42},"end":{"line":22,"column":1}},"line":13}},"branchMap":{},"s":{"0":0,"1":0,"2":0,"3":0,"4":0,"5":0},"f":{"0":0},"b":{}}
,"C:\\programmation\\learning_english\\backend\\routes\\progress.js": {"path":"C:\\programmation\\learning_english\\backend\\routes\\progress.js","statementMap":{"0":{"start":{"line":6,"column":16},"end":{"line":6,"column":34}},"1":{"start":{"line":7,"column":15},"end":{"line":7,"column":31}},"2":{"start":{"line":8,"column":17},"end":{"line":8,"column":46}},"3":{"start":{"line":9,"column":21},"end":{"line":9,"column":54}},"4":{"start":{"line":12,"column":0},"end":{"line":52,"column":3}},"5":{"start":{"line":13,"column":2},"end":{"line":51,"column":3}},"6":{"start":{"line":24,"column":8},"end":{"line":24,"column":16}},"7":{"start":{"line":26,"column":21},"end":{"line":37,"column":6}},"8":{"start":{"line":39,"column":4},"end":{"line":43,"column":7}},"9":{"start":{"line":46,"column":4},"end":{"line":46,"column":59}},"10":{"start":{"line":47,"column":4},"end":{"line":50,"column":7}},"11":{"start":{"line":55,"column":0},"end":{"line":74,"column":3}},"12":{"start":{"line":56,"column":2},"end":{"line":73,"column":3}},"13":{"start":{"line":57,"column":21},"end":{"line":60,"column":6}},"14":{"start":{"line":62,"column":4},"end":{"line":66,"column":7}},"15":{"start":{"line":69,"column":4},"end":{"line":72,"column":7}},"16":{"start":{"line":77,"column":0},"end":{"line":124,"column":3}},"17":{"start":{"line":78,"column":2},"end":{"line":123,"column":3}},"18":{"start":{"line":79,"column":28},"end":{"line":79,"column":48}},"19":{"start":{"line":81,"column":27},"end":{"line":85,"column":6}},"20":{"start":{"line":87,"column":27},"end":{"line":92,"column":6}},"21":{"start":{"line":94,"column":25},"end":{"line":96,"column":6}},"22":{"start":{"line":98,"column":25},"end":{"line":100,"column":9}},"23":{"start":{"line":102,"column":22},"end":{"line":104,"column":11}},"24":{"start":{"line":106,"column":4},"end":{"line":115,"column":7}},"25":{"start":{"line":118,"column":4},"end":{"line":118,"column":42}},"26":{"start":{"line":119,"column":4},"end":{"line":122,"column":7}},"27":{"start":{"line":126,"column":0},"end":{"line":126,"column":24}}},"fnMap":{"0":{"name":"(anonymous_0)","decl":{"start":{"line":12,"column":23},"end":{"line":12,"column":24}},"loc":{"start":{"line":12,"column":43},"end":{"line":52,"column":1}},"line":12},"1":{"name":"(anonymous_1)","decl":{"start":{"line":55,"column":22},"end":{"line":55,"column":23}},"loc":{"start":{"line":55,"column":42},"end":{"line":74,"column":1}},"line":55},"2":{"name":"(anonymous_2)","decl":{"start":{"line":77,"column":27},"end":{"line":77,"column":28}},"loc":{"start":{"line":77,"column":47},"end":{"line":124,"column":1}},"line":77}},"branchMap":{"0":{"loc":{"start":{"line":98,"column":25},"end":{"line":100,"column":9}},"type":"cond-expr","locations":[{"start":{"line":99,"column":8},"end":{"line":99,"column":57}},{"start":{"line":100,"column":8},"end":{"line":100,"column":9}}],"line":98},"1":{"loc":{"start":{"line":102,"column":22},"end":{"line":104,"column":11}},"type":"binary-expr","locations":[{"start":{"line":102,"column":22},"end":{"line":104,"column":6}},{"start":{"line":104,"column":10},"end":{"line":104,"column":11}}],"line":102}},"s":{"0":0,"1":0,"2":0,"3":0,"4":0,"5":0,"6":0,"7":0,"8":0,"9":0,"10":0,"11":0,"12":0,"13":0,"14":0,"15":0,"16":0,"17":0,"18":0,"19":0,"20":0,"21":0,"22":0,"23":0,"24":0,"25":0,"26":0,"27":0},"f":{"0":0,"1":0,"2":0},"b":{"0":[0,0],"1":[0,0]}}
[...]
,"C:\\programmation\\learning_english\\backend\\utils\\emailService.js": {"path":"C:\\programmation\\learning_english\\backend\\utils\\emailService.js","statementMap":{"0":{"start":{"line":6,"column":19},"end":{"line":6,"column":40}},"1":{"start":{"line":9,"column":20},"end":{"line":17,"column":2}},"2":{"start":{"line":20,"column":0},"end":{"line":26,"column":3}},"3":{"start":{"line":21,"column":2},"end":{"line":25,"column":3}},"4":{"start":{"line":22,"column":4},"end":{"line":22,"column":58}},"5":{"start":{"line":24,"column":4},"end":{"line":24,"column":40}},"6":{"start":{"line":31,"column":30},"end":{"line":87,"column":1}},"7":{"start":{"line":32,"column":22},"end":{"line":32,"column":73}},"8":{"start":{"line":33,"column":26},"end":{"line":33,"column":64}},"9":{"start":{"line":35,"column":22},"end":{"line":84,"column":3}},"10":{"start":{"line":86,"column":2},"end":{"line":86,"column":49}},"11":{"start":{"line":92,"column":31},"end":{"line":160,"column":1}},"12":{"start":{"line":93,"column":19},"end":{"line":93,"column":72}},"13":{"start":{"line":95,"column":22},"end":{"line":157,"column":3}},"14":{"start":{"line":159,"column":2},"end":{"line":159,"column":49}},"15":{"start":{"line":165,"column":25},"end":{"line":233,"column":1}},"16":{"start":{"line":166,"column":22},"end":{"line":230,"column":3}},"17":{"start":{"line":232,"column":2},"end":{"line":232,"column":49}},"18":{"start":{"line":235,"column":0},"end":{"line":239,"column":2}}},"fnMap":{"0":{"name":"(anonymous_0)","decl":{"start":{"line":20,"column":19},"end":{"line":20,"column":20}},"loc":{"start":{"line":20,"column":39},"end":{"line":26,"column":1}},"line":20},"1":{"name":"(anonymous_1)","decl":{"start":{"line":31,"column":30},"end":{"line":31,"column":31}},"loc":{"start":{"line":31,"column":54},"end":{"line":87,"column":1}},"line":31},"2":{"name":"(anonymous_2)","decl":{"start":{"line":92,"column":31},"end":{"line":92,"column":32}},"loc":{"start":{"line":92,"column":55},"end":{"line":160,"column":1}},"line":92},"3":{"name":"(anonymous_3)","decl":{"start":{"line":165,"column":25},"end":{"line":165,"column":26}},"loc":{"start":{"line":165,"column":53},"end":{"line":233,"column":1}},"line":165}},"branchMap":{"0":{"loc":{"start":{"line":11,"column":8},"end":{"line":11,"column":46}},"type":"binary-expr","locations":[{"start":{"line":11,"column":8},"end":{"line":11,"column":39}},{"start":{"line":11,"column":43},"end":{"line":11,"column":46}}],"line":11},"1":{"loc":{"start":{"line":21,"column":2},"end":{"line":25,"column":3}},"type":"if","locations":[{"start":{"line":21,"column":2},"end":{"line":25,"column":3}},{"start":{"line":23,"column":9},"end":{"line":25,"column":3}}],"line":21},"2":{"loc":{"start":{"line":32,"column":22},"end":{"line":32,"column":73}},"type":"binary-expr","locations":[{"start":{"line":32,"column":22},"end":{"line":32,"column":46}},{"start":{"line":32,"column":50},"end":{"line":32,"column":73}}],"line":32}},"s":{"0":0,"1":0,"2":0,"3":0,"4":0,"5":0,"6":0,"7":0,"8":0,"9":0,"10":0,"11":0,"12":0,"13":0,"14":0,"15":0,"16":0,"17":0,"18":0},"f":{"0":0,"1":0,"2":0,"3":0},"b":{"0":[0,0],"1":[0,0],"2":[0,0]}}
,"C:\\programmation\\learning_english\\backend\\utils\\firebaseMetrics.js": {"path":"C:\\programmation\\learning_english\\backend\\utils\\firebaseMetrics.js","statementMap":{"0":{"start":{"line":8,"column":16},"end":{"line":8,"column":43}},"1":{"start":{"line":15,"column":16},"end":{"line":15,"column":26}},"2":{"start":{"line":18,"column":2},"end":{"line":34,"column":5}},"3":{"start":{"line":19,"column":21},"end":{"line":19,"column":48}},"4":{"start":{"line":20,"column":20},"end":{"line":20,"column":52}},"5":{"start":{"line":21,"column":22},"end":{"line":21,"column":56}},"6":{"start":{"line":22,"column":19},"end":{"line":22,"column":62}},"7":{"start":{"line":25,"column":4},"end":{"line":29,"column":7}},"8":{"start":{"line":30,"column":4},"end":{"line":33,"column":6}},"9":{"start":{"line":36,"column":2},"end":{"line":36,"column":9}},"10":{"start":{"line":46,"column":16},"end":{"line":46,"column":26}},"11":{"start":{"line":47,"column":2},"end":{"line":76,"column":3}},"12":{"start":{"line":48,"column":19},"end":{"line":48,"column":32}},"13":{"start":{"line":49,"column":21},"end":{"line":49,"column":48}},"14":{"start":{"line":51,"column":4},"end":{"line":55,"column":7}},"15":{"start":{"line":56,"column":4},"end":{"line":59,"column":6}},"16":{"start":{"line":61,"column":4},"end":{"line":61,"column":18}},"17":{"start":{"line":63,"column":21},"end":{"line":63,"column":48}},"18":{"start":{"line":65,"column":4},"end":{"line":69,"column":7}},"19":{"start":{"line":70,"column":4},"end":{"line":73,"column":6}},"20":{"start":{"line":75,"column":4},"end":{"line":75,"column":16}},"21":{"start":{"line":79,"column":0},"end":{"line":82,"column":2}}},"fnMap":{"0":{"name":"firebaseMetricsMiddleware","decl":{"start":{"line":14,"column":9},"end":{"line":14,"column":34}},"loc":{"start":{"line":14,"column":51},"end":{"line":37,"column":1}},"line":14},"1":{"name":"(anonymous_1)","decl":{"start":{"line":18,"column":19},"end":{"line":18,"column":20}},"loc":{"start":{"line":18,"column":25},"end":{"line":34,"column":3}},"line":18},"2":{"name":"trackFirebaseCall","decl":{"start":{"line":45,"column":15},"end":{"line":45,"column":32}},"loc":{"start":{"line":45,"column":62},"end":{"line":77,"column":1}},"line":45}},"branchMap":{"0":{"loc":{"start":{"line":20,"column":20},"end":{"line":20,"column":52}},"type":"binary-expr","locations":[{"start":{"line":20,"column":20},"end":{"line":20,"column":39}},{"start":{"line":20,"column":43},"end":{"line":20,"column":52}}],"line":20},"1":{"loc":{"start":{"line":21,"column":22},"end":{"line":21,"column":56}},"type":"binary-expr","locations":[{"start":{"line":21,"column":22},"end":{"line":21,"column":43}},{"start":{"line":21,"column":47},"end":{"line":21,"column":56}}],"line":21},"2":{"loc":{"start":{"line":22,"column":19},"end":{"line":22,"column":62}},"type":"cond-expr","locations":[{"start":{"line":22,"column":43},"end":{"line":22,"column":50}},{"start":{"line":22,"column":53},"end":{"line":22,"column":62}}],"line":22}},"s":{"0":0,"1":0,"2":0,"3":0,"4":0,"5":0,"6":0,"7":0,"8":0,"9":0,"10":0,"11":0,"12":0,"13":0,"14":0,"15":0,"16":0,"17":0,"18":0,"19":0,"20":0,"21":0},"f":{"0":0,"1":0,"2":0},"b":{"0":[0,0],"1":[0,0],"2":[0,0]}}
,"C:\\programmation\\learning_english\\backend\\utils\\logger.js": {"path":"C:\\programmation\\learning_english\\backend\\utils\\logger.js","statementMap":{"0":{"start":{"line":8,"column":16},"end":{"line":8,"column":34}},"1":{"start":{"line":9,"column":13},"end":{"line":9,"column":28}},"2":{"start":{"line":10,"column":11},"end":{"line":10,"column":24}},"3":{"start":{"line":13,"column":16},"end":{"line":13,"column":50}},"4":{"start":{"line":14,"column":0},"end":{"line":16,"column":1}},"5":{"start":{"line":15,"column":2},"end":{"line":15,"column":45}},"6":{"start":{"line":19,"column":18},"end":{"line":24,"column":1}},"7":{"start":{"line":27,"column":22},"end":{"line":37,"column":1}},"8":{"start":{"line":31,"column":14},"end":{"line":31,"column":51}},"9":{"start":{"line":32,"column":4},"end":{"line":34,"column":5}},"10":{"start":{"line":33,"column":6},"end":{"line":33,"column":40}},"11":{"start":{"line":35,"column":4},"end":{"line":35,"column":15}},"12":{"start":{"line":40,"column":19},"end":{"line":78,"column":1}},"13":{"start":{"line":81,"column":15},"end":{"line":90,"column":2}},"14":{"start":{"line":93,"column":0},"end":{"line":95,"column":2}},"15":{"start":{"line":94,"column":2},"end":{"line":94,"column":50}},"16":{"start":{"line":98,"column":0},"end":{"line":100,"column":2}},"17":{"start":{"line":99,"column":2},"end":{"line":99,"column":55}},"18":{"start":{"line":103,"column":0},"end":{"line":105,"column":2}},"19":{"start":{"line":104,"column":2},"end":{"line":104,"column":53}},"20":{"start":{"line":108,"column":0},"end":{"line":110,"column":2}},"21":{"start":{"line":109,"column":2},"end":{"line":109,"column":90}},"22":{"start":{"line":112,"column":0},"end":{"line":112,"column":24}}},"fnMap":{"0":{"name":"(anonymous_0)","decl":{"start":{"line":30,"column":24},"end":{"line":30,"column":25}},"loc":{"start":{"line":30,"column":68},"end":{"line":36,"column":3}},"line":30},"1":{"name":"(anonymous_1)","decl":{"start":{"line":93,"column":14},"end":{"line":93,"column":15}},"loc":{"start":{"line":93,"column":38},"end":{"line":95,"column":1}},"line":93},"2":{"name":"(anonymous_2)","decl":{"start":{"line":98,"column":12},"end":{"line":98,"column":13}},"loc":{"start":{"line":98,"column":36},"end":{"line":100,"column":1}},"line":98},"3":{"name":"(anonymous_3)","decl":{"start":{"line":103,"column":17},"end":{"line":103,"column":18}},"loc":{"start":{"line":103,"column":41},"end":{"line":105,"column":1}},"line":103},"4":{"name":"(anonymous_4)","decl":{"start":{"line":108,"column":15},"end":{"line":108,"column":16}},"loc":{"start":{"line":108,"column":39},"end":{"line":110,"column":1}},"line":108}},"branchMap":{"0":{"loc":{"start":{"line":14,"column":0},"end":{"line":16,"column":1}},"type":"if","locations":[{"start":{"line":14,"column":0},"end":{"line":16,"column":1}},{"start":{},"end":{}}],"line":14},"1":{"loc":{"start":{"line":32,"column":4},"end":{"line":34,"column":5}},"type":"if","locations":[{"start":{"line":32,"column":4},"end":{"line":34,"column":5}},{"start":{},"end":{}}],"line":32},"2":{"loc":{"start":{"line":43,"column":11},"end":{"line":43,"column":94}},"type":"binary-expr","locations":[{"start":{"line":43,"column":11},"end":{"line":43,"column":32}},{"start":{"line":43,"column":37},"end":{"line":43,"column":93}}],"line":43},"3":{"loc":{"start":{"line":43,"column":37},"end":{"line":43,"column":93}},"type":"cond-expr","locations":[{"start":{"line":43,"column":77},"end":{"line":43,"column":83}},{"start":{"line":43,"column":86},"end":{"line":43,"column":93}}],"line":43},"4":{"loc":{"start":{"line":44,"column":12},"end":{"line":44,"column":77}},"type":"cond-expr","locations":[{"start":{"line":44,"column":52},"end":{"line":44,"column":61}},{"start":{"line":44,"column":64},"end":{"line":44,"column":77}}],"line":44},"5":{"loc":{"start":{"line":82,"column":9},"end":{"line":82,"column":92}},"type":"binary-expr","locations":[{"start":{"line":82,"column":9},"end":{"line":82,"column":30}},{"start":{"line":82,"column":35},"end":{"line":82,"column":91}}],"line":82},"6":{"loc":{"start":{"line":82,"column":35},"end":{"line":82,"column":91}},"type":"cond-expr","locations":[{"start":{"line":82,"column":75},"end":{"line":82,"column":81}},{"start":{"line":82,"column":84},"end":{"line":82,"column":91}}],"line":82},"7":{"loc":{"start":{"line":86,"column":17},"end":{"line":86,"column":54}},"type":"binary-expr","locations":[{"start":{"line":86,"column":17},"end":{"line":86,"column":37}},{"start":{"line":86,"column":41},"end":{"line":86,"column":54}}],"line":86},"8":{"loc":{"start":{"line":93,"column":24},"end":{"line":93,"column":33}},"type":"default-arg","locations":[{"start":{"line":93,"column":31},"end":{"line":93,"column":33}}],"line":93},"9":{"loc":{"start":{"line":98,"column":22},"end":{"line":98,"column":31}},"type":"default-arg","locations":[{"start":{"line":98,"column":29},"end":{"line":98,"column":31}}],"line":98},"10":{"loc":{"start":{"line":103,"column":27},"end":{"line":103,"column":36}},"type":"default-arg","locations":[{"start":{"line":103,"column":34},"end":{"line":103,"column":36}}],"line":103},"11":{"loc":{"start":{"line":108,"column":25},"end":{"line":108,"column":34}},"type":"default-arg","locations":[{"start":{"line":108,"column":32},"end":{"line":108,"column":34}}],"line":108},"12":{"loc":{"start":{"line":109,"column":60},"end":{"line":109,"column":86}},"type":"binary-expr","locations":[{"start":{"line":109,"column":60},"end":{"line":109,"column":73}},{"start":{"line":109,"column":77},"end":{"line":109,"column":86}}],"line":109}},"s":{"0":1,"1":1,"2":1,"3":1,"4":1,"5":0,"6":1,"7":1,"8":9,"9":9,"10":9,"11":9,"12":1,"13":1,"14":1,"15":0,"16":1,"17":0,"18":1,"19":0,"20":1,"21":0,"22":1},"f":{"0":9,"1":0,"2":0,"3":0,"4":0},"b":{"0":[0,1],"1":[9,0],"2":[1,1],"3":[0,1],"4":[0,1],"5":[1,1],"6":[0,1],"7":[1,0],"8":[0],"9":[0],"10":[0],"11":[0],"12":[0,0]},"_coverageSchema":"1a1c01bbd47fc00a2c39e90264f33305004495a9","hash":"859c44366905907b29c139afecd9dd6c22b83370"}
,"C:\\programmation\\learning_english\\backend\\utils\\metrics.js": {"path":"C:\\programmation\\learning_english\\backend\\utils\\metrics.js","statementMap":{"0":{"start":{"line":8,"column":15},"end":{"line":8,"column":37}},"1":{"start":{"line":9,"column":11},"end":{"line":9,"column":24}},"2":{"start":{"line":12,"column":17},"end":{"line":12,"column":38}},"3":{"start":{"line":15,"column":0},"end":{"line":19,"column":3}},"4":{"start":{"line":26,"column":28},"end":{"line":31,"column":2}},"5":{"start":{"line":33,"column":25},"end":{"line":37,"column":2}},"6":{"start":{"line":39,"column":30},"end":{"line":43,"column":2}},"7":{"start":{"line":46,"column":24},"end":{"line":51,"column":2}},"8":{"start":{"line":53,"column":21},"end":{"line":57,"column":2}},"9":{"start":{"line":59,"column":28},"end":{"line":62,"column":2}},"10":{"start":{"line":64,"column":27},"end":{"line":68,"column":2}},"11":{"start":{"line":71,"column":26},"end":{"line":75,"column":2}},"12":{"start":{"line":77,"column":25},"end":{"line":81,"column":2}},"13":{"start":{"line":84,"column":30},"end":{"line":88,"column":2}},"14":{"start":{"line":90,"column":28},"end":{"line":95,"column":2}},"15":{"start":{"line":98,"column":20},"end":{"line":101,"column":2}},"16":{"start":{"line":103,"column":27},"end":{"line":107,"column":2}},"17":{"start":{"line":109,"column":20},"end":{"line":113,"column":2}},"18":{"start":{"line":116,"column":26},"end":{"line":120,"column":2}},"19":{"start":{"line":122,"column":23},"end":{"line":125,"column":2}},"20":{"start":{"line":127,"column":24},"end":{"line":131,"column":2}},"21":{"start":{"line":134,"column":0},"end":{"line":134,"column":45}},"22":{"start":{"line":135,"column":0},"end":{"line":135,"column":42}},"23":{"start":{"line":136,"column":0},"end":{"line":136,"column":47}},"24":{"start":{"line":137,"column":0},"end":{"line":137,"column":41}},"25":{"start":{"line":138,"column":0},"end":{"line":138,"column":38}},"26":{"start":{"line":139,"column":0},"end":{"line":139,"column":45}},"27":{"start":{"line":140,"column":0},"end":{"line":140,"column":44}},"28":{"start":{"line":141,"column":0},"end":{"line":141,"column":43}},"29":{"start":{"line":142,"column":0},"end":{"line":142,"column":42}},"30":{"start":{"line":143,"column":0},"end":{"line":143,"column":47}},"31":{"start":{"line":144,"column":0},"end":{"line":144,"column":45}},"32":{"start":{"line":145,"column":0},"end":{"line":145,"column":37}},"33":{"start":{"line":146,"column":0},"end":{"line":146,"column":44}},"34":{"start":{"line":147,"column":0},"end":{"line":147,"column":37}},"35":{"start":{"line":148,"column":0},"end":{"line":148,"column":43}},"36":{"start":{"line":149,"column":0},"end":{"line":149,"column":40}},"37":{"start":{"line":150,"column":0},"end":{"line":150,"column":41}},"38":{"start":{"line":155,"column":19},"end":{"line":155,"column":40}},"39":{"start":{"line":156,"column":2},"end":{"line":156,"column":55}},"40":{"start":{"line":157,"column":2},"end":{"line":157,"column":67}},"41":{"start":{"line":158,"column":2},"end":{"line":158,"column":65}},"42":{"start":{"line":159,"column":2},"end":{"line":159,"column":65}},"43":{"start":{"line":162,"column":15},"end":{"line":162,"column":24}},"44":{"start":{"line":163,"column":19},"end":{"line":167,"column":27}},"45":{"start":{"line":164,"column":18},"end":{"line":164,"column":69}},"46":{"start":{"line":164,"column":60},"end":{"line":164,"column":65}},"47":{"start":{"line":165,"column":17},"end":{"line":165,"column":31}},"48":{"start":{"line":166,"column":4},"end":{"line":166,"column":36}},"49":{"start":{"line":168,"column":2},"end":{"line":168,"column":31}},"50":{"start":{"line":172,"column":0},"end":{"line":172,"column":40}},"51":{"start":{"line":173,"column":0},"end":{"line":173,"column":22}},"52":{"start":{"line":177,"column":16},"end":{"line":177,"column":26}},"53":{"start":{"line":178,"column":16},"end":{"line":178,"column":53}},"54":{"start":{"line":181,"column":2},"end":{"line":181,"column":59}},"55":{"start":{"line":184,"column":2},"end":{"line":195,"column":5}},"56":{"start":{"line":185,"column":21},"end":{"line":185,"column":48}},"57":{"start":{"line":186,"column":23},"end":{"line":186,"column":37}},"58":{"start":{"line":189,"column":4},"end":{"line":192,"column":6}},"59":{"start":{"line":193,"column":4},"end":{"line":193,"column":81}},"60":{"start":{"line":194,"column":4},"end":{"line":194,"column":61}},"61":{"start":{"line":197,"column":2},"end":{"line":197,"column":9}},"62":{"start":{"line":202,"column":2},"end":{"line":202,"column":34}},"63":{"start":{"line":205,"column":0},"end":{"line":240,"column":2}}},"fnMap":{"0":{"name":"updateSystemMetrics","decl":{"start":{"line":153,"column":9},"end":{"line":153,"column":28}},"loc":{"start":{"line":153,"column":31},"end":{"line":169,"column":1}},"line":153},"1":{"name":"(anonymous_1)","decl":{"start":{"line":163,"column":31},"end":{"line":163,"column":32}},"loc":{"start":{"line":163,"column":45},"end":{"line":167,"column":3}},"line":163},"2":{"name":"(anonymous_2)","decl":{"start":{"line":164,"column":50},"end":{"line":164,"column":51}},"loc":{"start":{"line":164,"column":60},"end":{"line":164,"column":65}},"line":164},"3":{"name":"metricsMiddleware","decl":{"start":{"line":176,"column":9},"end":{"line":176,"column":26}},"loc":{"start":{"line":176,"column":43},"end":{"line":198,"column":1}},"line":176},"4":{"name":"(anonymous_4)","decl":{"start":{"line":184,"column":19},"end":{"line":184,"column":20}},"loc":{"start":{"line":184,"column":25},"end":{"line":195,"column":3}},"line":184},"5":{"name":"getMetrics","decl":{"start":{"line":201,"column":15},"end":{"line":201,"column":25}},"loc":{"start":{"line":201,"column":28},"end":{"line":203,"column":1}},"line":201}},"branchMap":{"0":{"loc":{"start":{"line":178,"column":16},"end":{"line":178,"column":53}},"type":"cond-expr","locations":[{"start":{"line":178,"column":28},"end":{"line":178,"column":42}},{"start":{"line":178,"column":45},"end":{"line":178,"column":53}}],"line":178}},"s":{"0":0,"1":0,"2":0,"3":0,"4":0,"5":0,"6":0,"7":0,"8":0,"9":0,"10":0,"11":0,"12":0,"13":0,"14":0,"15":0,"16":0,"17":0,"18":0,"19":0,"20":0,"21":0,"22":0,"23":0,"24":0,"25":0,"26":0,"27":0,"28":0,"29":0,"30":0,"31":0,"32":0,"33":0,"34":0,"35":0,"36":0,"37":0,"38":0,"39":0,"40":0,"41":0,"42":0,"43":0,"44":0,"45":0,"46":0,"47":0,"48":0,"49":0,"50":0,"51":0,"52":0,"53":0,"54":0,"55":0,"56":0,"57":0,"58":0,"59":0,"60":0,"61":0,"62":0,"63":0},"f":{"0":0,"1":0,"2":0,"3":0,"4":0,"5":0},"b":{"0":[0,0]}}
}
