{"/home/user/learning_english/backend/server.js": {"path":"/home/user/learning_english/backend/server.js","statementMap":{"0":{"start":{"line":7,"column":16},"end":{"line":7,"column":34}},"1":{"start":{"line":8,"column":15},"end":{"line":8,"column":32}},"2":{"start":{"line":9,"column":13},"end":{"line":9,"column":28}},"3":{"start":{"line":10,"column":15},"end":{"line":10,"column":32}},"4":{"start":{"line":11,"column":15},"end":{"line":11,"column":32}},"5":{"start":{"line":12,"column":20},"end":{"line":12,"column":42}},"6":{"start":{"line":13,"column":21},"end":{"line":13,"column":45}},"7":{"start":{"line":14,"column":18},"end":{"line":14,"column":47}},"8":{"start":{"line":18,"column":13},"end":{"line":18,"column":28}},"9":{"start":{"line":19,"column":11},"end":{"line":19,"column":24}},"10":{"start":{"line":21,"column":14},"end":{"line":21,"column":48}},"11":{"start":{"line":22,"column":0},"end":{"line":25,"column":1}},"12":{"start":{"line":24,"column":2},"end":{"line":24,"column":44}},"13":{"start":{"line":27,"column":0},"end":{"line":33,"column":1}},"14":{"start":{"line":28,"column":2},"end":{"line":28,"column":35}},"15":{"start":{"line":29,"column":2},"end":{"line":29,"column":73}},"16":{"start":{"line":31,"column":2},"end":{"line":31,"column":96}},"17":{"start":{"line":32,"column":2},"end":{"line":32,"column":18}},"18":{"start":{"line":38,"column":24},"end":{"line":38,"column":50}},"19":{"start":{"line":39,"column":20},"end":{"line":39,"column":64}},"20":{"start":{"line":39,"column":48},"end":{"line":39,"column":63}},"21":{"start":{"line":41,"column":0},"end":{"line":46,"column":1}},"22":{"start":{"line":42,"column":2},"end":{"line":42,"column":77}},"23":{"start":{"line":43,"column":2},"end":{"line":43,"column":55}},"24":{"start":{"line":43,"column":27},"end":{"line":43,"column":53}},"25":{"start":{"line":44,"column":2},"end":{"line":44,"column":80}},"26":{"start":{"line":45,"column":2},"end":{"line":45,"column":18}},"27":{"start":{"line":49,"column":0},"end":{"line":55,"column":1}},"28":{"start":{"line":50,"column":2},"end":{"line":54,"column":3}},"29":{"start":{"line":51,"column":4},"end":{"line":51,"column":91}},"30":{"start":{"line":52,"column":4},"end":{"line":52,"column":130}},"31":{"start":{"line":53,"column":4},"end":{"line":53,"column":20}},"32":{"start":{"line":58,"column":0},"end":{"line":60,"column":1}},"33":{"start":{"line":59,"column":2},"end":{"line":59,"column":95}},"34":{"start":{"line":62,"column":0},"end":{"line":64,"column":1}},"35":{"start":{"line":63,"column":2},"end":{"line":63,"column":96}},"36":{"start":{"line":66,"column":12},"end":{"line":66,"column":21}},"37":{"start":{"line":67,"column":13},"end":{"line":67,"column":37}},"38":{"start":{"line":74,"column":0},"end":{"line":82,"column":1}},"39":{"start":{"line":75,"column":2},"end":{"line":81,"column":5}},"40":{"start":{"line":77,"column":4},"end":{"line":79,"column":5}},"41":{"start":{"line":78,"column":6},"end":{"line":78,"column":74}},"42":{"start":{"line":80,"column":4},"end":{"line":80,"column":11}},"43":{"start":{"line":85,"column":0},"end":{"line":100,"column":4}},"44":{"start":{"line":103,"column":26},"end":{"line":116,"column":1}},"45":{"start":{"line":104,"column":2},"end":{"line":107,"column":3}},"46":{"start":{"line":106,"column":4},"end":{"line":106,"column":87}},"47":{"start":{"line":110,"column":2},"end":{"line":112,"column":3}},"48":{"start":{"line":111,"column":4},"end":{"line":111,"column":75}},"49":{"start":{"line":111,"column":60},"end":{"line":111,"column":73}},"50":{"start":{"line":115,"column":2},"end":{"line":115,"column":35}},"51":{"start":{"line":118,"column":20},"end":{"line":137,"column":1}},"52":{"start":{"line":120,"column":27},"end":{"line":120,"column":46}},"53":{"start":{"line":123,"column":4},"end":{"line":125,"column":5}},"54":{"start":{"line":124,"column":6},"end":{"line":124,"column":34}},"55":{"start":{"line":127,"column":4},"end":{"line":131,"column":5}},"56":{"start":{"line":128,"column":6},"end":{"line":128,"column":27}},"57":{"start":{"line":130,"column":6},"end":{"line":130,"column":73}},"58":{"start":{"line":139,"column":0},"end":{"line":139,"column":27}},"59":{"start":{"line":142,"column":16},"end":{"line":148,"column":2}},"60":{"start":{"line":149,"column":0},"end":{"line":149,"column":26}},"61":{"start":{"line":152,"column":20},"end":{"line":156,"column":2}},"62":{"start":{"line":159,"column":33},"end":{"line":167,"column":2}},"63":{"start":{"line":165,"column":4},"end":{"line":165,"column":32}},"64":{"start":{"line":174,"column":0},"end":{"line":174,"column":41}},"65":{"start":{"line":175,"column":0},"end":{"line":175,"column":63}},"66":{"start":{"line":178,"column":0},"end":{"line":178,"column":24}},"67":{"start":{"line":181,"column":0},"end":{"line":181,"column":23}},"68":{"start":{"line":184,"column":0},"end":{"line":188,"column":1}},"69":{"start":{"line":185,"column":2},"end":{"line":185,"column":25}},"70":{"start":{"line":187,"column":2},"end":{"line":187,"column":30}},"71":{"start":{"line":194,"column":11},"end":{"line":194,"column":43}},"72":{"start":{"line":197,"column":0},"end":{"line":203,"column":5}},"73":{"start":{"line":199,"column":4},"end":{"line":199,"column":63}},"74":{"start":{"line":202,"column":4},"end":{"line":202,"column":70}},"75":{"start":{"line":210,"column":0},"end":{"line":217,"column":3}},"76":{"start":{"line":211,"column":2},"end":{"line":216,"column":5}},"77":{"start":{"line":220,"column":0},"end":{"line":250,"column":3}},"78":{"start":{"line":221,"column":2},"end":{"line":249,"column":5}},"79":{"start":{"line":253,"column":0},"end":{"line":253,"column":60}},"80":{"start":{"line":254,"column":0},"end":{"line":254,"column":49}},"81":{"start":{"line":255,"column":0},"end":{"line":255,"column":57}},"82":{"start":{"line":256,"column":0},"end":{"line":256,"column":55}},"83":{"start":{"line":257,"column":0},"end":{"line":257,"column":49}},"84":{"start":{"line":260,"column":0},"end":{"line":265,"column":3}},"85":{"start":{"line":261,"column":2},"end":{"line":264,"column":5}},"86":{"start":{"line":271,"column":0},"end":{"line":282,"column":3}},"87":{"start":{"line":272,"column":2},"end":{"line":272,"column":40}},"88":{"start":{"line":274,"column":21},"end":{"line":274,"column":42}},"89":{"start":{"line":275,"column":18},"end":{"line":275,"column":60}},"90":{"start":{"line":277,"column":2},"end":{"line":281,"column":5}},"91":{"start":{"line":288,"column":13},"end":{"line":288,"column":42}},"92":{"start":{"line":289,"column":15},"end":{"line":308,"column":2}},"93":{"start":{"line":290,"column":2},"end":{"line":290,"column":18}},"94":{"start":{"line":291,"column":2},"end":{"line":291,"column":77}},"95":{"start":{"line":292,"column":2},"end":{"line":292,"column":64}},"96":{"start":{"line":293,"column":2},"end":{"line":293,"column":57}},"97":{"start":{"line":294,"column":2},"end":{"line":294,"column":55}},"98":{"start":{"line":295,"column":2},"end":{"line":295,"column":59}},"99":{"start":{"line":296,"column":2},"end":{"line":296,"column":69}},"100":{"start":{"line":297,"column":2},"end":{"line":297,"column":77}},"101":{"start":{"line":298,"column":2},"end":{"line":298,"column":18}},"102":{"start":{"line":299,"column":2},"end":{"line":299,"column":37}},"103":{"start":{"line":300,"column":2},"end":{"line":300,"column":72}},"104":{"start":{"line":301,"column":2},"end":{"line":301,"column":57}},"105":{"start":{"line":302,"column":2},"end":{"line":302,"column":55}},"106":{"start":{"line":303,"column":2},"end":{"line":303,"column":64}},"107":{"start":{"line":304,"column":2},"end":{"line":304,"column":64}},"108":{"start":{"line":305,"column":2},"end":{"line":305,"column":18}},"109":{"start":{"line":306,"column":2},"end":{"line":306,"column":61}},"110":{"start":{"line":307,"column":2},"end":{"line":307,"column":18}},"111":{"start":{"line":311,"column":0},"end":{"line":317,"column":3}},"112":{"start":{"line":312,"column":2},"end":{"line":312,"column":63}},"113":{"start":{"line":313,"column":2},"end":{"line":316,"column":5}},"114":{"start":{"line":314,"column":4},"end":{"line":314,"column":47}},"115":{"start":{"line":315,"column":4},"end":{"line":315,"column":20}},"116":{"start":{"line":319,"column":0},"end":{"line":325,"column":3}},"117":{"start":{"line":320,"column":2},"end":{"line":320,"column":73}},"118":{"start":{"line":321,"column":2},"end":{"line":324,"column":5}},"119":{"start":{"line":322,"column":4},"end":{"line":322,"column":47}},"120":{"start":{"line":323,"column":4},"end":{"line":323,"column":20}},"121":{"start":{"line":327,"column":0},"end":{"line":327,"column":21}}},"fnMap":{"0":{"name":"(anonymous_0)","decl":{"start":{"line":39,"column":43},"end":{"line":39,"column":44}},"loc":{"start":{"line":39,"column":48},"end":{"line":39,"column":63}},"line":39},"1":{"name":"(anonymous_1)","decl":{"start":{"line":43,"column":22},"end":{"line":43,"column":23}},"loc":{"start":{"line":43,"column":27},"end":{"line":43,"column":53}},"line":43},"2":{"name":"(anonymous_2)","decl":{"start":{"line":75,"column":10},"end":{"line":75,"column":11}},"loc":{"start":{"line":75,"column":30},"end":{"line":81,"column":3}},"line":75},"3":{"name":"(anonymous_3)","decl":{"start":{"line":103,"column":26},"end":{"line":103,"column":27}},"loc":{"start":{"line":103,"column":32},"end":{"line":116,"column":1}},"line":103},"4":{"name":"(anonymous_4)","decl":{"start":{"line":111,"column":50},"end":{"line":111,"column":51}},"loc":{"start":{"line":111,"column":60},"end":{"line":111,"column":73}},"line":111},"5":{"name":"(anonymous_5)","decl":{"start":{"line":119,"column":10},"end":{"line":119,"column":11}},"loc":{"start":{"line":119,"column":32},"end":{"line":132,"column":3}},"line":119},"6":{"name":"(anonymous_6)","decl":{"start":{"line":163,"column":8},"end":{"line":163,"column":9}},"loc":{"start":{"line":163,"column":17},"end":{"line":166,"column":3}},"line":163},"7":{"name":"(anonymous_7)","decl":{"start":{"line":198,"column":8},"end":{"line":198,"column":9}},"loc":{"start":{"line":198,"column":14},"end":{"line":200,"column":3}},"line":198},"8":{"name":"(anonymous_8)","decl":{"start":{"line":201,"column":9},"end":{"line":201,"column":10}},"loc":{"start":{"line":201,"column":18},"end":{"line":203,"column":3}},"line":201},"9":{"name":"(anonymous_9)","decl":{"start":{"line":210,"column":19},"end":{"line":210,"column":20}},"loc":{"start":{"line":210,"column":33},"end":{"line":217,"column":1}},"line":210},"10":{"name":"(anonymous_10)","decl":{"start":{"line":220,"column":13},"end":{"line":220,"column":14}},"loc":{"start":{"line":220,"column":27},"end":{"line":250,"column":1}},"line":220},"11":{"name":"(anonymous_11)","decl":{"start":{"line":260,"column":8},"end":{"line":260,"column":9}},"loc":{"start":{"line":260,"column":22},"end":{"line":265,"column":1}},"line":260},"12":{"name":"(anonymous_12)","decl":{"start":{"line":271,"column":8},"end":{"line":271,"column":9}},"loc":{"start":{"line":271,"column":33},"end":{"line":282,"column":1}},"line":271},"13":{"name":"(anonymous_13)","decl":{"start":{"line":289,"column":38},"end":{"line":289,"column":39}},"loc":{"start":{"line":289,"column":44},"end":{"line":308,"column":1}},"line":289},"14":{"name":"(anonymous_14)","decl":{"start":{"line":311,"column":22},"end":{"line":311,"column":23}},"loc":{"start":{"line":311,"column":28},"end":{"line":317,"column":1}},"line":311},"15":{"name":"(anonymous_15)","decl":{"start":{"line":313,"column":15},"end":{"line":313,"column":16}},"loc":{"start":{"line":313,"column":21},"end":{"line":316,"column":3}},"line":313},"16":{"name":"(anonymous_16)","decl":{"start":{"line":319,"column":21},"end":{"line":319,"column":22}},"loc":{"start":{"line":319,"column":27},"end":{"line":325,"column":1}},"line":319},"17":{"name":"(anonymous_17)","decl":{"start":{"line":321,"column":15},"end":{"line":321,"column":16}},"loc":{"start":{"line":321,"column":21},"end":{"line":324,"column":3}},"line":321}},"branchMap":{"0":{"loc":{"start":{"line":22,"column":0},"end":{"line":25,"column":1}},"type":"if","locations":[{"start":{"line":22,"column":0},"end":{"line":25,"column":1}},{"start":{},"end":{}}],"line":22},"1":{"loc":{"start":{"line":27,"column":0},"end":{"line":33,"column":1}},"type":"if","locations":[{"start":{"line":27,"column":0},"end":{"line":33,"column":1}},{"start":{"line":30,"column":7},"end":{"line":33,"column":1}}],"line":27},"2":{"loc":{"start":{"line":41,"column":0},"end":{"line":46,"column":1}},"type":"if","locations":[{"start":{"line":41,"column":0},"end":{"line":46,"column":1}},{"start":{},"end":{}}],"line":41},"3":{"loc":{"start":{"line":49,"column":0},"end":{"line":55,"column":1}},"type":"if","locations":[{"start":{"line":49,"column":0},"end":{"line":55,"column":1}},{"start":{},"end":{}}],"line":49},"4":{"loc":{"start":{"line":50,"column":2},"end":{"line":54,"column":3}},"type":"if","locations":[{"start":{"line":50,"column":2},"end":{"line":54,"column":3}},{"start":{},"end":{}}],"line":50},"5":{"loc":{"start":{"line":58,"column":0},"end":{"line":60,"column":1}},"type":"if","locations":[{"start":{"line":58,"column":0},"end":{"line":60,"column":1}},{"start":{},"end":{}}],"line":58},"6":{"loc":{"start":{"line":58,"column":4},"end":{"line":58,"column":56}},"type":"binary-expr","locations":[{"start":{"line":58,"column":4},"end":{"line":58,"column":26}},{"start":{"line":58,"column":30},"end":{"line":58,"column":56}}],"line":58},"7":{"loc":{"start":{"line":62,"column":0},"end":{"line":64,"column":1}},"type":"if","locations":[{"start":{"line":62,"column":0},"end":{"line":64,"column":1}},{"start":{},"end":{}}],"line":62},"8":{"loc":{"start":{"line":62,"column":4},"end":{"line":62,"column":69}},"type":"binary-expr","locations":[{"start":{"line":62,"column":4},"end":{"line":62,"column":28}},{"start":{"line":62,"column":32},"end":{"line":62,"column":69}}],"line":62},"9":{"loc":{"start":{"line":67,"column":13},"end":{"line":67,"column":37}},"type":"binary-expr","locations":[{"start":{"line":67,"column":13},"end":{"line":67,"column":29}},{"start":{"line":67,"column":33},"end":{"line":67,"column":37}}],"line":67},"10":{"loc":{"start":{"line":74,"column":0},"end":{"line":82,"column":1}},"type":"if","locations":[{"start":{"line":74,"column":0},"end":{"line":82,"column":1}},{"start":{},"end":{}}],"line":74},"11":{"loc":{"start":{"line":77,"column":4},"end":{"line":79,"column":5}},"type":"if","locations":[{"start":{"line":77,"column":4},"end":{"line":79,"column":5}},{"start":{},"end":{}}],"line":77},"12":{"loc":{"start":{"line":77,"column":8},"end":{"line":77,"column":89}},"type":"binary-expr","locations":[{"start":{"line":77,"column":8},"end":{"line":77,"column":51}},{"start":{"line":77,"column":55},"end":{"line":77,"column":89}}],"line":77},"13":{"loc":{"start":{"line":104,"column":2},"end":{"line":107,"column":3}},"type":"if","locations":[{"start":{"line":104,"column":2},"end":{"line":107,"column":3}},{"start":{},"end":{}}],"line":104},"14":{"loc":{"start":{"line":110,"column":2},"end":{"line":112,"column":3}},"type":"if","locations":[{"start":{"line":110,"column":2},"end":{"line":112,"column":3}},{"start":{},"end":{}}],"line":110},"15":{"loc":{"start":{"line":123,"column":4},"end":{"line":125,"column":5}},"type":"if","locations":[{"start":{"line":123,"column":4},"end":{"line":125,"column":5}},{"start":{},"end":{}}],"line":123},"16":{"loc":{"start":{"line":123,"column":8},"end":{"line":123,"column":56}},"type":"binary-expr","locations":[{"start":{"line":123,"column":8},"end":{"line":123,"column":15}},{"start":{"line":123,"column":19},"end":{"line":123,"column":56}}],"line":123},"17":{"loc":{"start":{"line":127,"column":4},"end":{"line":131,"column":5}},"type":"if","locations":[{"start":{"line":127,"column":4},"end":{"line":131,"column":5}},{"start":{"line":129,"column":11},"end":{"line":131,"column":5}}],"line":127},"18":{"loc":{"start":{"line":127,"column":8},"end":{"line":127,"column":56}},"type":"binary-expr","locations":[{"start":{"line":127,"column":8},"end":{"line":127,"column":45}},{"start":{"line":127,"column":49},"end":{"line":127,"column":56}}],"line":127},"19":{"loc":{"start":{"line":143,"column":12},"end":{"line":143,"column":72}},"type":"binary-expr","locations":[{"start":{"line":143,"column":12},"end":{"line":143,"column":54}},{"start":{"line":143,"column":58},"end":{"line":143,"column":72}}],"line":143},"20":{"loc":{"start":{"line":144,"column":7},"end":{"line":144,"column":59}},"type":"binary-expr","locations":[{"start":{"line":144,"column":7},"end":{"line":144,"column":52}},{"start":{"line":144,"column":56},"end":{"line":144,"column":59}}],"line":144},"21":{"loc":{"start":{"line":184,"column":0},"end":{"line":188,"column":1}},"type":"if","locations":[{"start":{"line":184,"column":0},"end":{"line":188,"column":1}},{"start":{"line":186,"column":7},"end":{"line":188,"column":1}}],"line":184},"22":{"loc":{"start":{"line":274,"column":21},"end":{"line":274,"column":42}},"type":"binary-expr","locations":[{"start":{"line":274,"column":21},"end":{"line":274,"column":35}},{"start":{"line":274,"column":39},"end":{"line":274,"column":42}}],"line":274},"23":{"loc":{"start":{"line":275,"column":18},"end":{"line":275,"column":60}},"type":"binary-expr","locations":[{"start":{"line":275,"column":18},"end":{"line":275,"column":29}},{"start":{"line":275,"column":33},"end":{"line":275,"column":60}}],"line":275},"24":{"loc":{"start":{"line":280,"column":8},"end":{"line":280,"column":70}},"type":"binary-expr","locations":[{"start":{"line":280,"column":8},"end":{"line":280,"column":46}},{"start":{"line":280,"column":50},"end":{"line":280,"column":70}}],"line":280},"25":{"loc":{"start":{"line":288,"column":13},"end":{"line":288,"column":42}},"type":"binary-expr","locations":[{"start":{"line":288,"column":13},"end":{"line":288,"column":29}},{"start":{"line":288,"column":33},"end":{"line":288,"column":42}}],"line":288}},"s":{"0":0,"1":0,"2":0,"3":0,"4":0,"5":0,"6":0,"7":0,"8":0,"9":0,"10":0,"11":0,"12":0,"13":0,"14":0,"15":0,"16":0,"17":0,"18":0,"19":0,"20":0,"21":0,"22":0,"23":0,"24":0,"25":0,"26":0,"27":0,"28":0,"29":0,"30":0,"31":0,"32":0,"33":0,"34":0,"35":0,"36":0,"37":0,"38":0,"39":0,"40":0,"41":0,"42":0,"43":0,"44":0,"45":0,"46":0,"47":0,"48":0,"49":0,"50":0,"51":0,"52":0,"53":0,"54":0,"55":0,"56":0,"57":0,"58":0,"59":0,"60":0,"61":0,"62":0,"63":0,"64":0,"65":0,"66":0,"67":0,"68":0,"69":0,"70":0,"71":0,"72":0,"73":0,"74":0,"75":0,"76":0,"77":0,"78":0,"79":0,"80":0,"81":0,"82":0,"83":0,"84":0,"85":0,"86":0,"87":0,"88":0,"89":0,"90":0,"91":0,"92":0,"93":0,"94":0,"95":0,"96":0,"97":0,"98":0,"99":0,"100":0,"101":0,"102":0,"103":0,"104":0,"105":0,"106":0,"107":0,"108":0,"109":0,"110":0,"111":0,"112":0,"113":0,"114":0,"115":0,"116":0,"117":0,"118":0,"119":0,"120":0,"121":0},"f":{"0":0,"1":0,"2":0,"3":0,"4":0,"5":0,"6":0,"7":0,"8":0,"9":0,"10":0,"11":0,"12":0,"13":0,"14":0,"15":0,"16":0,"17":0},"b":{"0":[0,0],"1":[0,0],"2":[0,0],"3":[0,0],"4":[0,0],"5":[0,0],"6":[0,0],"7":[0,0],"8":[0,0],"9":[0,0],"10":[0,0],"11":[0,0],"12":[0,0],"13":[0,0],"14":[0,0],"15":[0,0],"16":[0,0],"17":[0,0],"18":[0,0],"19":[0,0],"20":[0,0],"21":[0,0],"22":[0,0],"23":[0,0],"24":[0,0],"25":[0,0]}}
,"/home/user/learning_english/backend/database/connection.js": {"path":"/home/user/learning_english/backend/database/connection.js","statementMap":{"0":{"start":{"line":6,"column":22},"end":{"line":6,"column":42}},"1":{"start":{"line":7,"column":13},"end":{"line":7,"column":28}},"2":{"start":{"line":10,"column":18},"end":{"line":20,"column":2}},"3":{"start":{"line":37,"column":0},"end":{"line":44,"column":5}},"4":{"start":{"line":40,"column":4},"end":{"line":40,"column":60}},"5":{"start":{"line":43,"column":4},"end":{"line":43,"column":70}},"6":{"start":{"line":46,"column":0},"end":{"line":46,"column":27}}},"fnMap":{"0":{"name":"(anonymous_0)","decl":{"start":{"line":39,"column":8},"end":{"line":39,"column":9}},"loc":{"start":{"line":39,"column":14},"end":{"line":41,"column":3}},"line":39},"1":{"name":"(anonymous_1)","decl":{"start":{"line":42,"column":9},"end":{"line":42,"column":10}},"loc":{"start":{"line":42,"column":18},"end":{"line":44,"column":3}},"line":42}},"branchMap":{"0":{"loc":{"start":{"line":13,"column":11},"end":{"line":13,"column":71}},"type":"cond-expr","locations":[{"start":{"line":13,"column":52},"end":{"line":13,"column":63}},{"start":{"line":13,"column":66},"end":{"line":13,"column":71}}],"line":13}},"s":{"0":2,"1":2,"2":2,"3":2,"4":2,"5":0,"6":2},"f":{"0":2,"1":0},"b":{"0":[0,2]},"_coverageSchema":"1a1c01bbd47fc00a2c39e90264f33305004495a9","hash":"bd3d7c5b7cbb6fc32c494d0687eaa2bd7af14f59"}
,"/home/user/learning_english/backend/database/seed.js": {"path":"/home/user/learning_english/backend/database/seed.js","statementMap":{"0":{"start":{"line":6,"column":0},"end":{"line":6,"column":46}},"1":{"start":{"line":7,"column":18},"end":{"line":7,"column":41}},"2":{"start":{"line":8,"column":13},"end":{"line":8,"column":38}},"3":{"start":{"line":11,"column":2},"end":{"line":63,"column":3}},"4":{"start":{"line":12,"column":4},"end":{"line":12,"column":46}},"5":{"start":{"line":15,"column":4},"end":{"line":15,"column":43}},"6":{"start":{"line":18,"column":23},"end":{"line":18,"column":80}},"7":{"start":{"line":19,"column":26},"end":{"line":19,"column":78}},"8":{"start":{"line":21,"column":4},"end":{"line":25,"column":5}},"9":{"start":{"line":22,"column":6},"end":{"line":22,"column":61}},"10":{"start":{"line":23,"column":6},"end":{"line":23,"column":45}},"11":{"start":{"line":24,"column":6},"end":{"line":24,"column":13}},"12":{"start":{"line":28,"column":26},"end":{"line":28,"column":52}},"13":{"start":{"line":30,"column":4},"end":{"line":34,"column":5}},"14":{"start":{"line":31,"column":6},"end":{"line":31,"column":61}},"15":{"start":{"line":32,"column":6},"end":{"line":32,"column":71}},"16":{"start":{"line":33,"column":6},"end":{"line":33,"column":22}},"17":{"start":{"line":36,"column":18},"end":{"line":46,"column":6}},"18":{"start":{"line":48,"column":4},"end":{"line":48,"column":62}},"19":{"start":{"line":49,"column":4},"end":{"line":49,"column":20}},"20":{"start":{"line":50,"column":4},"end":{"line":50,"column":59}},"21":{"start":{"line":51,"column":4},"end":{"line":51,"column":42}},"22":{"start":{"line":52,"column":4},"end":{"line":52,"column":55}},"23":{"start":{"line":53,"column":4},"end":{"line":53,"column":34}},"24":{"start":{"line":54,"column":4},"end":{"line":54,"column":59}},"25":{"start":{"line":55,"column":4},"end":{"line":55,"column":20}},"26":{"start":{"line":56,"column":4},"end":{"line":56,"column":80}},"27":{"start":{"line":59,"column":4},"end":{"line":59,"column":62}},"28":{"start":{"line":60,"column":4},"end":{"line":60,"column":20}},"29":{"start":{"line":62,"column":4},"end":{"line":62,"column":28}},"30":{"start":{"line":66,"column":0},"end":{"line":66,"column":7}}},"fnMap":{"0":{"name":"seed","decl":{"start":{"line":10,"column":15},"end":{"line":10,"column":19}},"loc":{"start":{"line":10,"column":22},"end":{"line":64,"column":1}},"line":10}},"branchMap":{"0":{"loc":{"start":{"line":18,"column":23},"end":{"line":18,"column":80}},"type":"binary-expr","locations":[{"start":{"line":18,"column":23},"end":{"line":18,"column":46}},{"start":{"line":18,"column":50},"end":{"line":18,"column":80}}],"line":18},"1":{"loc":{"start":{"line":21,"column":4},"end":{"line":25,"column":5}},"type":"if","locations":[{"start":{"line":21,"column":4},"end":{"line":25,"column":5}},{"start":{},"end":{}}],"line":21},"2":{"loc":{"start":{"line":30,"column":4},"end":{"line":34,"column":5}},"type":"if","locations":[{"start":{"line":30,"column":4},"end":{"line":34,"column":5}},{"start":{},"end":{}}],"line":30}},"s":{"0":0,"1":0,"2":0,"3":0,"4":0,"5":0,"6":0,"7":0,"8":0,"9":0,"10":0,"11":0,"12":0,"13":0,"14":0,"15":0,"16":0,"17":0,"18":0,"19":0,"20":0,"21":0,"22":0,"23":0,"24":0,"25":0,"26":0,"27":0,"28":0,"29":0,"30":0},"f":{"0":0},"b":{"0":[0,0],"1":[0,0],"2":[0,0]}}
,"/home/user/learning_english/backend/middleware/auth.js": {"path":"/home/user/learning_english/backend/middleware/auth.js","statementMap":{"0":{"start":{"line":6,"column":12},"end":{"line":6,"column":35}},"1":{"start":{"line":7,"column":13},"end":{"line":7,"column":38}},"2":{"start":{"line":9,"column":13},"end":{"line":57,"column":1}},"3":{"start":{"line":10,"column":2},"end":{"line":56,"column":3}},"4":{"start":{"line":12,"column":18},"end":{"line":12,"column":69}},"5":{"start":{"line":14,"column":4},"end":{"line":19,"column":5}},"6":{"start":{"line":15,"column":6},"end":{"line":18,"column":9}},"7":{"start":{"line":22,"column":20},"end":{"line":22,"column":61}},"8":{"start":{"line":25,"column":17},"end":{"line":25,"column":52}},"9":{"start":{"line":27,"column":4},"end":{"line":32,"column":5}},"10":{"start":{"line":28,"column":6},"end":{"line":31,"column":9}},"11":{"start":{"line":35,"column":4},"end":{"line":35,"column":20}},"12":{"start":{"line":36,"column":4},"end":{"line":36,"column":25}},"13":{"start":{"line":37,"column":4},"end":{"line":37,"column":11}},"14":{"start":{"line":40,"column":4},"end":{"line":45,"column":5}},"15":{"start":{"line":41,"column":6},"end":{"line":44,"column":9}},"16":{"start":{"line":46,"column":4},"end":{"line":51,"column":5}},"17":{"start":{"line":47,"column":6},"end":{"line":50,"column":9}},"18":{"start":{"line":52,"column":4},"end":{"line":55,"column":7}},"19":{"start":{"line":59,"column":16},"end":{"line":67,"column":1}},"20":{"start":{"line":60,"column":2},"end":{"line":65,"column":3}},"21":{"start":{"line":61,"column":4},"end":{"line":64,"column":7}},"22":{"start":{"line":66,"column":2},"end":{"line":66,"column":9}},"23":{"start":{"line":69,"column":0},"end":{"line":69,"column":35}}},"fnMap":{"0":{"name":"(anonymous_0)","decl":{"start":{"line":9,"column":13},"end":{"line":9,"column":14}},"loc":{"start":{"line":9,"column":39},"end":{"line":57,"column":1}},"line":9},"1":{"name":"(anonymous_1)","decl":{"start":{"line":59,"column":16},"end":{"line":59,"column":17}},"loc":{"start":{"line":59,"column":42},"end":{"line":67,"column":1}},"line":59}},"branchMap":{"0":{"loc":{"start":{"line":14,"column":4},"end":{"line":19,"column":5}},"type":"if","locations":[{"start":{"line":14,"column":4},"end":{"line":19,"column":5}},{"start":{},"end":{}}],"line":14},"1":{"loc":{"start":{"line":27,"column":4},"end":{"line":32,"column":5}},"type":"if","locations":[{"start":{"line":27,"column":4},"end":{"line":32,"column":5}},{"start":{},"end":{}}],"line":27},"2":{"loc":{"start":{"line":27,"column":8},"end":{"line":27,"column":31}},"type":"binary-expr","locations":[{"start":{"line":27,"column":8},"end":{"line":27,"column":13}},{"start":{"line":27,"column":17},"end":{"line":27,"column":31}}],"line":27},"3":{"loc":{"start":{"line":40,"column":4},"end":{"line":45,"column":5}},"type":"if","locations":[{"start":{"line":40,"column":4},"end":{"line":45,"column":5}},{"start":{},"end":{}}],"line":40},"4":{"loc":{"start":{"line":46,"column":4},"end":{"line":51,"column":5}},"type":"if","locations":[{"start":{"line":46,"column":4},"end":{"line":51,"column":5}},{"start":{},"end":{}}],"line":46},"5":{"loc":{"start":{"line":60,"column":2},"end":{"line":65,"column":3}},"type":"if","locations":[{"start":{"line":60,"column":2},"end":{"line":65,"column":3}},{"start":{},"end":{}}],"line":60},"6":{"loc":{"start":{"line":60,"column":6},"end":{"line":60,"column":44}},"type":"binary-expr","locations":[{"start":{"line":60,"column":6},"end":{"line":60,"column":15}},{"start":{"line":60,"column":19},"end":{"line":60,"column":44}}],"line":60}},"s":{"0":0,"1":0,"2":0,"3":0,"4":0,"5":0,"6":0,"7":0,"8":0,"9":0,"10":0,"11":0,"12":0,"13":0,"14":0,"15":0,"16":0,"17":0,"18":0,"19":0,"20":0,"21":0,"22":0,"23":0},"f":{"0":0,"1":0},"b":{"0":[0,0],"1":[0,0],"2":[0,0],"3":[0,0],"4":[0,0],"5":[0,0],"6":[0,0]}}
,"/home/user/learning_english/backend/models/AssessmentResult.js": {"path":"/home/user/learning_english/backend/models/AssessmentResult.js","statementMap":{"0":{"start":{"line":6,"column":22},"end":{"line":6,"column":42}},"1":{"start":{"line":7,"column":18},"end":{"line":7,"column":51}},"2":{"start":{"line":8,"column":13},"end":{"line":8,"column":30}},"3":{"start":{"line":10,"column":25},"end":{"line":79,"column":2}},"4":{"start":{"line":82,"column":0},"end":{"line":82,"column":71}},"5":{"start":{"line":83,"column":0},"end":{"line":83,"column":76}},"6":{"start":{"line":85,"column":0},"end":{"line":85,"column":34}}},"fnMap":{},"branchMap":{},"s":{"0":0,"1":0,"2":0,"3":0,"4":0,"5":0,"6":0},"f":{},"b":{}}
,"/home/user/learning_english/backend/models/LearningPlan.js": {"path":"/home/user/learning_english/backend/models/LearningPlan.js","statementMap":{"0":{"start":{"line":6,"column":22},"end":{"line":6,"column":42}},"1":{"start":{"line":7,"column":18},"end":{"line":7,"column":51}},"2":{"start":{"line":8,"column":13},"end":{"line":8,"column":30}},"3":{"start":{"line":10,"column":21},"end":{"line":75,"column":2}},"4":{"start":{"line":78,"column":0},"end":{"line":78,"column":67}},"5":{"start":{"line":79,"column":0},"end":{"line":79,"column":74}},"6":{"start":{"line":81,"column":0},"end":{"line":81,"column":30}}},"fnMap":{},"branchMap":{},"s":{"0":0,"1":0,"2":0,"3":0,"4":0,"5":0,"6":0},"f":{},"b":{}}
,"/home/user/learning_english/backend/models/User.js": {"path":"/home/user/learning_english/backend/models/User.js","statementMap":{"0":{"start":{"line":6,"column":22},"end":{"line":6,"column":42}},"1":{"start":{"line":7,"column":15},"end":{"line":7,"column":34}},"2":{"start":{"line":8,"column":18},"end":{"line":8,"column":51}},"3":{"start":{"line":10,"column":13},"end":{"line":79,"column":2}},"4":{"start":{"line":82,"column":0},"end":{"line":93,"column":3}},"5":{"start":{"line":84,"column":2},"end":{"line":86,"column":3}},"6":{"start":{"line":85,"column":4},"end":{"line":85,"column":49}},"7":{"start":{"line":89,"column":2},"end":{"line":92,"column":3}},"8":{"start":{"line":90,"column":17},"end":{"line":90,"column":41}},"9":{"start":{"line":91,"column":4},"end":{"line":91,"column":59}},"10":{"start":{"line":96,"column":0},"end":{"line":98,"column":2}},"11":{"start":{"line":97,"column":2},"end":{"line":97,"column":64}},"12":{"start":{"line":101,"column":0},"end":{"line":107,"column":2}},"13":{"start":{"line":102,"column":17},"end":{"line":102,"column":46}},"14":{"start":{"line":103,"column":2},"end":{"line":103,"column":25}},"15":{"start":{"line":104,"column":2},"end":{"line":104,"column":39}},"16":{"start":{"line":105,"column":2},"end":{"line":105,"column":35}},"17":{"start":{"line":106,"column":2},"end":{"line":106,"column":16}},"18":{"start":{"line":109,"column":0},"end":{"line":109,"column":22}}},"fnMap":{"0":{"name":"(anonymous_0)","decl":{"start":{"line":82,"column":16},"end":{"line":82,"column":17}},"loc":{"start":{"line":82,"column":32},"end":{"line":93,"column":1}},"line":82},"1":{"name":"(anonymous_1)","decl":{"start":{"line":96,"column":33},"end":{"line":96,"column":34}},"loc":{"start":{"line":96,"column":67},"end":{"line":98,"column":1}},"line":96},"2":{"name":"(anonymous_2)","decl":{"start":{"line":101,"column":24},"end":{"line":101,"column":25}},"loc":{"start":{"line":101,"column":35},"end":{"line":107,"column":1}},"line":101}},"branchMap":{"0":{"loc":{"start":{"line":84,"column":2},"end":{"line":86,"column":3}},"type":"if","locations":[{"start":{"line":84,"column":2},"end":{"line":86,"column":3}},{"start":{},"end":{}}],"line":84},"1":{"loc":{"start":{"line":89,"column":2},"end":{"line":92,"column":3}},"type":"if","locations":[{"start":{"line":89,"column":2},"end":{"line":92,"column":3}},{"start":{},"end":{}}],"line":89}},"s":{"0":1,"1":1,"2":1,"3":1,"4":1,"5":0,"6":0,"7":0,"8":0,"9":0,"10":1,"11":0,"12":1,"13":0,"14":0,"15":0,"16":0,"17":0,"18":1},"f":{"0":0,"1":0,"2":0},"b":{"0":[0,0],"1":[0,0]},"_coverageSchema":"1a1c01bbd47fc00a2c39e90264f33305004495a9","hash":"45d30a34e80288fb384d3f87f2cdb68db8f47902"}
,"/home/user/learning_english/backend/models/UserProgress.js": {"path":"/home/user/learning_english/backend/models/UserProgress.js","statementMap":{"0":{"start":{"line":6,"column":22},"end":{"line":6,"column":42}},"1":{"start":{"line":7,"column":18},"end":{"line":7,"column":51}},"2":{"start":{"line":8,"column":13},"end":{"line":8,"column":30}},"3":{"start":{"line":10,"column":21},"end":{"line":68,"column":2}},"4":{"start":{"line":71,"column":0},"end":{"line":71,"column":67}},"5":{"start":{"line":72,"column":0},"end":{"line":72,"column":69}},"6":{"start":{"line":74,"column":0},"end":{"line":74,"column":30}}},"fnMap":{},"branchMap":{},"s":{"0":0,"1":0,"2":0,"3":0,"4":0,"5":0,"6":0},"f":{},"b":{}}
,"/home/user/learning_english/backend/routes/admin.js": {"path":"/home/user/learning_english/backend/routes/admin.js","statementMap":{"0":{"start":{"line":6,"column":16},"end":{"line":6,"column":34}},"1":{"start":{"line":7,"column":15},"end":{"line":7,"column":31}},"2":{"start":{"line":8,"column":26},"end":{"line":8,"column":55}},"3":{"start":{"line":9,"column":13},"end":{"line":9,"column":38}},"4":{"start":{"line":10,"column":21},"end":{"line":10,"column":54}},"5":{"start":{"line":11,"column":25},"end":{"line":11,"column":62}},"6":{"start":{"line":14,"column":0},"end":{"line":14,"column":26}},"7":{"start":{"line":17,"column":0},"end":{"line":43,"column":3}},"8":{"start":{"line":18,"column":2},"end":{"line":42,"column":3}},"9":{"start":{"line":19,"column":37},"end":{"line":19,"column":46}},"10":{"start":{"line":20,"column":19},"end":{"line":20,"column":37}},"11":{"start":{"line":22,"column":35},"end":{"line":27,"column":6}},"12":{"start":{"line":29,"column":4},"end":{"line":35,"column":7}},"13":{"start":{"line":38,"column":4},"end":{"line":41,"column":7}},"14":{"start":{"line":46,"column":0},"end":{"line":74,"column":3}},"15":{"start":{"line":47,"column":2},"end":{"line":73,"column":3}},"16":{"start":{"line":48,"column":23},"end":{"line":48,"column":41}},"17":{"start":{"line":49,"column":24},"end":{"line":49,"column":71}},"18":{"start":{"line":50,"column":26},"end":{"line":50,"column":80}},"19":{"start":{"line":52,"column":26},"end":{"line":52,"column":52}},"20":{"start":{"line":53,"column":29},"end":{"line":53,"column":59}},"21":{"start":{"line":55,"column":4},"end":{"line":66,"column":7}},"22":{"start":{"line":69,"column":4},"end":{"line":72,"column":7}},"23":{"start":{"line":77,"column":0},"end":{"line":109,"column":3}},"24":{"start":{"line":78,"column":2},"end":{"line":108,"column":3}},"25":{"start":{"line":79,"column":17},"end":{"line":79,"column":51}},"26":{"start":{"line":81,"column":4},"end":{"line":86,"column":5}},"27":{"start":{"line":82,"column":6},"end":{"line":85,"column":9}},"28":{"start":{"line":88,"column":4},"end":{"line":93,"column":5}},"29":{"start":{"line":89,"column":6},"end":{"line":92,"column":9}},"30":{"start":{"line":95,"column":4},"end":{"line":95,"column":26}},"31":{"start":{"line":96,"column":4},"end":{"line":96,"column":22}},"32":{"start":{"line":98,"column":4},"end":{"line":101,"column":7}},"33":{"start":{"line":104,"column":4},"end":{"line":107,"column":7}},"34":{"start":{"line":111,"column":0},"end":{"line":111,"column":24}}},"fnMap":{"0":{"name":"(anonymous_0)","decl":{"start":{"line":17,"column":21},"end":{"line":17,"column":22}},"loc":{"start":{"line":17,"column":41},"end":{"line":43,"column":1}},"line":17},"1":{"name":"(anonymous_1)","decl":{"start":{"line":46,"column":21},"end":{"line":46,"column":22}},"loc":{"start":{"line":46,"column":41},"end":{"line":74,"column":1}},"line":46},"2":{"name":"(anonymous_2)","decl":{"start":{"line":77,"column":36},"end":{"line":77,"column":37}},"loc":{"start":{"line":77,"column":56},"end":{"line":109,"column":1}},"line":77}},"branchMap":{"0":{"loc":{"start":{"line":19,"column":12},"end":{"line":19,"column":20}},"type":"default-arg","locations":[{"start":{"line":19,"column":19},"end":{"line":19,"column":20}}],"line":19},"1":{"loc":{"start":{"line":19,"column":22},"end":{"line":19,"column":32}},"type":"default-arg","locations":[{"start":{"line":19,"column":30},"end":{"line":19,"column":32}}],"line":19},"2":{"loc":{"start":{"line":81,"column":4},"end":{"line":86,"column":5}},"type":"if","locations":[{"start":{"line":81,"column":4},"end":{"line":86,"column":5}},{"start":{},"end":{}}],"line":81},"3":{"loc":{"start":{"line":88,"column":4},"end":{"line":93,"column":5}},"type":"if","locations":[{"start":{"line":88,"column":4},"end":{"line":93,"column":5}},{"start":{},"end":{}}],"line":88}},"s":{"0":0,"1":0,"2":0,"3":0,"4":0,"5":0,"6":0,"7":0,"8":0,"9":0,"10":0,"11":0,"12":0,"13":0,"14":0,"15":0,"16":0,"17":0,"18":0,"19":0,"20":0,"21":0,"22":0,"23":0,"24":0,"25":0,"26":0,"27":0,"28":0,"29":0,"30":0,"31":0,"32":0,"33":0,"34":0},"f":{"0":0,"1":0,"2":0},"b":{"0":[0],"1":[0],"2":[0,0],"3":[0,0]}}
,"/home/user/learning_english/backend/routes/auth.js": {"path":"/home/user/learning_english/backend/routes/auth.js","statementMap":{"0":{"start":{"line":6,"column":16},"end":{"line":6,"column":34}},"1":{"start":{"line":7,"column":15},"end":{"line":7,"column":31}},"2":{"start":{"line":8,"column":18},"end":{"line":8,"column":47}},"3":{"start":{"line":9,"column":35},"end":{"line":9,"column":63}},"4":{"start":{"line":10,"column":12},"end":{"line":10,"column":35}},"5":{"start":{"line":11,"column":15},"end":{"line":11,"column":32}},"6":{"start":{"line":12,"column":15},"end":{"line":12,"column":35}},"7":{"start":{"line":13,"column":18},"end":{"line":13,"column":51}},"8":{"start":{"line":14,"column":13},"end":{"line":14,"column":38}},"9":{"start":{"line":15,"column":58},"end":{"line":15,"column":90}},"10":{"start":{"line":18,"column":33},"end":{"line":26,"column":2}},"11":{"start":{"line":24,"column":4},"end":{"line":24,"column":32}},"12":{"start":{"line":32,"column":0},"end":{"line":120,"column":2}},"13":{"start":{"line":44,"column":4},"end":{"line":118,"column":5}},"14":{"start":{"line":46,"column":6},"end":{"line":51,"column":9}},"15":{"start":{"line":54,"column":21},"end":{"line":54,"column":42}},"16":{"start":{"line":55,"column":6},"end":{"line":67,"column":7}},"17":{"start":{"line":57,"column":27},"end":{"line":57,"column":44}},"18":{"start":{"line":58,"column":29},"end":{"line":58,"column":88}},"19":{"start":{"line":60,"column":8},"end":{"line":60,"column":62}},"20":{"start":{"line":62,"column":8},"end":{"line":66,"column":11}},"21":{"start":{"line":69,"column":55},"end":{"line":69,"column":63}},"22":{"start":{"line":72,"column":27},"end":{"line":72,"column":67}},"23":{"start":{"line":73,"column":6},"end":{"line":78,"column":7}},"24":{"start":{"line":74,"column":8},"end":{"line":77,"column":11}},"25":{"start":{"line":81,"column":32},"end":{"line":81,"column":70}},"26":{"start":{"line":82,"column":34},"end":{"line":82,"column":76}},"27":{"start":{"line":85,"column":19},"end":{"line":92,"column":8}},"28":{"start":{"line":95,"column":6},"end":{"line":100,"column":7}},"29":{"start":{"line":96,"column":8},"end":{"line":96,"column":67}},"30":{"start":{"line":98,"column":8},"end":{"line":98,"column":57}},"31":{"start":{"line":105,"column":6},"end":{"line":110,"column":9}},"32":{"start":{"line":113,"column":6},"end":{"line":113,"column":50}},"33":{"start":{"line":114,"column":6},"end":{"line":117,"column":9}},"34":{"start":{"line":126,"column":0},"end":{"line":212,"column":2}},"35":{"start":{"line":137,"column":4},"end":{"line":210,"column":5}},"36":{"start":{"line":138,"column":21},"end":{"line":138,"column":42}},"37":{"start":{"line":139,"column":6},"end":{"line":149,"column":7}},"38":{"start":{"line":141,"column":27},"end":{"line":141,"column":44}},"39":{"start":{"line":142,"column":29},"end":{"line":142,"column":88}},"40":{"start":{"line":144,"column":8},"end":{"line":148,"column":11}},"41":{"start":{"line":152,"column":20},"end":{"line":152,"column":74}},"42":{"start":{"line":153,"column":23},"end":{"line":153,"column":40}},"43":{"start":{"line":156,"column":19},"end":{"line":161,"column":8}},"44":{"start":{"line":162,"column":6},"end":{"line":167,"column":7}},"45":{"start":{"line":163,"column":8},"end":{"line":166,"column":11}},"46":{"start":{"line":170,"column":6},"end":{"line":175,"column":7}},"47":{"start":{"line":171,"column":8},"end":{"line":174,"column":11}},"48":{"start":{"line":178,"column":30},"end":{"line":178,"column":66}},"49":{"start":{"line":179,"column":6},"end":{"line":184,"column":7}},"50":{"start":{"line":180,"column":8},"end":{"line":183,"column":11}},"51":{"start":{"line":187,"column":6},"end":{"line":187,"column":34}},"52":{"start":{"line":188,"column":6},"end":{"line":188,"column":24}},"53":{"start":{"line":191,"column":20},"end":{"line":195,"column":7}},"54":{"start":{"line":197,"column":6},"end":{"line":202,"column":9}},"55":{"start":{"line":205,"column":6},"end":{"line":205,"column":48}},"56":{"start":{"line":206,"column":6},"end":{"line":209,"column":9}},"57":{"start":{"line":219,"column":0},"end":{"line":254,"column":3}},"58":{"start":{"line":220,"column":2},"end":{"line":253,"column":3}},"59":{"start":{"line":221,"column":22},"end":{"line":221,"column":32}},"60":{"start":{"line":223,"column":17},"end":{"line":228,"column":6}},"61":{"start":{"line":230,"column":4},"end":{"line":233,"column":5}},"62":{"start":{"line":232,"column":6},"end":{"line":232,"column":118}},"63":{"start":{"line":236,"column":4},"end":{"line":236,"column":32}},"64":{"start":{"line":237,"column":4},"end":{"line":237,"column":39}},"65":{"start":{"line":238,"column":4},"end":{"line":238,"column":41}},"66":{"start":{"line":239,"column":4},"end":{"line":239,"column":22}},"67":{"start":{"line":242,"column":21},"end":{"line":246,"column":5}},"68":{"start":{"line":249,"column":4},"end":{"line":249,"column":121}},"69":{"start":{"line":251,"column":4},"end":{"line":251,"column":55}},"70":{"start":{"line":252,"column":4},"end":{"line":252,"column":101}},"71":{"start":{"line":257,"column":0},"end":{"line":329,"column":3}},"72":{"start":{"line":258,"column":2},"end":{"line":328,"column":3}},"73":{"start":{"line":259,"column":22},"end":{"line":259,"column":32}},"74":{"start":{"line":262,"column":17},"end":{"line":266,"column":6}},"75":{"start":{"line":269,"column":4},"end":{"line":274,"column":5}},"76":{"start":{"line":270,"column":6},"end":{"line":273,"column":9}},"77":{"start":{"line":277,"column":4},"end":{"line":292,"column":5}},"78":{"start":{"line":279,"column":23},"end":{"line":283,"column":7}},"79":{"start":{"line":285,"column":6},"end":{"line":291,"column":9}},"80":{"start":{"line":295,"column":4},"end":{"line":300,"column":5}},"81":{"start":{"line":296,"column":6},"end":{"line":299,"column":9}},"82":{"start":{"line":303,"column":4},"end":{"line":303,"column":32}},"83":{"start":{"line":304,"column":4},"end":{"line":304,"column":39}},"84":{"start":{"line":305,"column":4},"end":{"line":305,"column":41}},"85":{"start":{"line":306,"column":4},"end":{"line":306,"column":22}},"86":{"start":{"line":309,"column":21},"end":{"line":313,"column":5}},"87":{"start":{"line":315,"column":4},"end":{"line":320,"column":7}},"88":{"start":{"line":323,"column":4},"end":{"line":323,"column":55}},"89":{"start":{"line":324,"column":4},"end":{"line":327,"column":7}},"90":{"start":{"line":335,"column":0},"end":{"line":374,"column":2}},"91":{"start":{"line":338,"column":4},"end":{"line":372,"column":5}},"92":{"start":{"line":339,"column":24},"end":{"line":339,"column":32}},"93":{"start":{"line":341,"column":19},"end":{"line":341,"column":59}},"94":{"start":{"line":342,"column":6},"end":{"line":348,"column":7}},"95":{"start":{"line":344,"column":8},"end":{"line":347,"column":11}},"96":{"start":{"line":351,"column":25},"end":{"line":351,"column":63}},"97":{"start":{"line":352,"column":27},"end":{"line":352,"column":64}},"98":{"start":{"line":354,"column":6},"end":{"line":354,"column":43}},"99":{"start":{"line":355,"column":6},"end":{"line":355,"column":47}},"100":{"start":{"line":356,"column":6},"end":{"line":356,"column":24}},"101":{"start":{"line":359,"column":6},"end":{"line":359,"column":59}},"102":{"start":{"line":361,"column":6},"end":{"line":364,"column":9}},"103":{"start":{"line":367,"column":6},"end":{"line":367,"column":53}},"104":{"start":{"line":368,"column":6},"end":{"line":371,"column":9}},"105":{"start":{"line":380,"column":0},"end":{"line":423,"column":2}},"106":{"start":{"line":387,"column":4},"end":{"line":421,"column":5}},"107":{"start":{"line":388,"column":24},"end":{"line":388,"column":34}},"108":{"start":{"line":389,"column":27},"end":{"line":389,"column":35}},"109":{"start":{"line":391,"column":19},"end":{"line":396,"column":8}},"110":{"start":{"line":398,"column":6},"end":{"line":403,"column":7}},"111":{"start":{"line":399,"column":8},"end":{"line":402,"column":11}},"112":{"start":{"line":405,"column":6},"end":{"line":405,"column":31}},"113":{"start":{"line":406,"column":6},"end":{"line":406,"column":37}},"114":{"start":{"line":407,"column":6},"end":{"line":407,"column":39}},"115":{"start":{"line":408,"column":6},"end":{"line":408,"column":24}},"116":{"start":{"line":410,"column":6},"end":{"line":413,"column":9}},"117":{"start":{"line":416,"column":6},"end":{"line":416,"column":53}},"118":{"start":{"line":417,"column":6},"end":{"line":420,"column":9}},"119":{"start":{"line":425,"column":0},"end":{"line":425,"column":24}}},"fnMap":{"0":{"name":"(anonymous_0)","decl":{"start":{"line":22,"column":8},"end":{"line":22,"column":9}},"loc":{"start":{"line":22,"column":17},"end":{"line":25,"column":3}},"line":22},"1":{"name":"(anonymous_1)","decl":{"start":{"line":43,"column":2},"end":{"line":43,"column":3}},"loc":{"start":{"line":43,"column":22},"end":{"line":119,"column":3}},"line":43},"2":{"name":"(anonymous_2)","decl":{"start":{"line":136,"column":2},"end":{"line":136,"column":3}},"loc":{"start":{"line":136,"column":22},"end":{"line":211,"column":3}},"line":136},"3":{"name":"(anonymous_3)","decl":{"start":{"line":219,"column":35},"end":{"line":219,"column":36}},"loc":{"start":{"line":219,"column":55},"end":{"line":254,"column":1}},"line":219},"4":{"name":"(anonymous_4)","decl":{"start":{"line":257,"column":62},"end":{"line":257,"column":63}},"loc":{"start":{"line":257,"column":82},"end":{"line":329,"column":1}},"line":257},"5":{"name":"(anonymous_5)","decl":{"start":{"line":337,"column":2},"end":{"line":337,"column":3}},"loc":{"start":{"line":337,"column":22},"end":{"line":373,"column":3}},"line":337},"6":{"name":"(anonymous_6)","decl":{"start":{"line":386,"column":2},"end":{"line":386,"column":3}},"loc":{"start":{"line":386,"column":22},"end":{"line":422,"column":3}},"line":386}},"branchMap":{"0":{"loc":{"start":{"line":55,"column":6},"end":{"line":67,"column":7}},"type":"if","locations":[{"start":{"line":55,"column":6},"end":{"line":67,"column":7}},{"start":{},"end":{}}],"line":55},"1":{"loc":{"start":{"line":58,"column":29},"end":{"line":58,"column":88}},"type":"binary-expr","locations":[{"start":{"line":58,"column":29},"end":{"line":58,"column":43}},{"start":{"line":58,"column":47},"end":{"line":58,"column":65}},{"start":{"line":58,"column":69},"end":{"line":58,"column":88}}],"line":58},"2":{"loc":{"start":{"line":73,"column":6},"end":{"line":78,"column":7}},"type":"if","locations":[{"start":{"line":73,"column":6},"end":{"line":78,"column":7}},{"start":{},"end":{}}],"line":73},"3":{"loc":{"start":{"line":139,"column":6},"end":{"line":149,"column":7}},"type":"if","locations":[{"start":{"line":139,"column":6},"end":{"line":149,"column":7}},{"start":{},"end":{}}],"line":139},"4":{"loc":{"start":{"line":142,"column":29},"end":{"line":142,"column":88}},"type":"binary-expr","locations":[{"start":{"line":142,"column":29},"end":{"line":142,"column":43}},{"start":{"line":142,"column":47},"end":{"line":142,"column":65}},{"start":{"line":142,"column":69},"end":{"line":142,"column":88}}],"line":142},"5":{"loc":{"start":{"line":152,"column":20},"end":{"line":152,"column":74}},"type":"binary-expr","locations":[{"start":{"line":152,"column":20},"end":{"line":152,"column":56}},{"start":{"line":152,"column":60},"end":{"line":152,"column":74}}],"line":152},"6":{"loc":{"start":{"line":162,"column":6},"end":{"line":167,"column":7}},"type":"if","locations":[{"start":{"line":162,"column":6},"end":{"line":167,"column":7}},{"start":{},"end":{}}],"line":162},"7":{"loc":{"start":{"line":170,"column":6},"end":{"line":175,"column":7}},"type":"if","locations":[{"start":{"line":170,"column":6},"end":{"line":175,"column":7}},{"start":{},"end":{}}],"line":170},"8":{"loc":{"start":{"line":179,"column":6},"end":{"line":184,"column":7}},"type":"if","locations":[{"start":{"line":179,"column":6},"end":{"line":184,"column":7}},{"start":{},"end":{}}],"line":179},"9":{"loc":{"start":{"line":194,"column":21},"end":{"line":194,"column":55}},"type":"binary-expr","locations":[{"start":{"line":194,"column":21},"end":{"line":194,"column":47}},{"start":{"line":194,"column":51},"end":{"line":194,"column":55}}],"line":194},"10":{"loc":{"start":{"line":230,"column":4},"end":{"line":233,"column":5}},"type":"if","locations":[{"start":{"line":230,"column":4},"end":{"line":233,"column":5}},{"start":{},"end":{}}],"line":230},"11":{"loc":{"start":{"line":232,"column":29},"end":{"line":232,"column":80}},"type":"binary-expr","locations":[{"start":{"line":232,"column":29},"end":{"line":232,"column":53}},{"start":{"line":232,"column":57},"end":{"line":232,"column":80}}],"line":232},"12":{"loc":{"start":{"line":245,"column":19},"end":{"line":245,"column":53}},"type":"binary-expr","locations":[{"start":{"line":245,"column":19},"end":{"line":245,"column":45}},{"start":{"line":245,"column":49},"end":{"line":245,"column":53}}],"line":245},"13":{"loc":{"start":{"line":249,"column":27},"end":{"line":249,"column":78}},"type":"binary-expr","locations":[{"start":{"line":249,"column":27},"end":{"line":249,"column":51}},{"start":{"line":249,"column":55},"end":{"line":249,"column":78}}],"line":249},"14":{"loc":{"start":{"line":252,"column":27},"end":{"line":252,"column":78}},"type":"binary-expr","locations":[{"start":{"line":252,"column":27},"end":{"line":252,"column":51}},{"start":{"line":252,"column":55},"end":{"line":252,"column":78}}],"line":252},"15":{"loc":{"start":{"line":269,"column":4},"end":{"line":274,"column":5}},"type":"if","locations":[{"start":{"line":269,"column":4},"end":{"line":274,"column":5}},{"start":{},"end":{}}],"line":269},"16":{"loc":{"start":{"line":277,"column":4},"end":{"line":292,"column":5}},"type":"if","locations":[{"start":{"line":277,"column":4},"end":{"line":292,"column":5}},{"start":{},"end":{}}],"line":277},"17":{"loc":{"start":{"line":282,"column":21},"end":{"line":282,"column":55}},"type":"binary-expr","locations":[{"start":{"line":282,"column":21},"end":{"line":282,"column":47}},{"start":{"line":282,"column":51},"end":{"line":282,"column":55}}],"line":282},"18":{"loc":{"start":{"line":295,"column":4},"end":{"line":300,"column":5}},"type":"if","locations":[{"start":{"line":295,"column":4},"end":{"line":300,"column":5}},{"start":{},"end":{}}],"line":295},"19":{"loc":{"start":{"line":295,"column":8},"end":{"line":295,"column":83}},"type":"binary-expr","locations":[{"start":{"line":295,"column":8},"end":{"line":295,"column":37}},{"start":{"line":295,"column":41},"end":{"line":295,"column":83}}],"line":295},"20":{"loc":{"start":{"line":312,"column":19},"end":{"line":312,"column":53}},"type":"binary-expr","locations":[{"start":{"line":312,"column":19},"end":{"line":312,"column":45}},{"start":{"line":312,"column":49},"end":{"line":312,"column":53}}],"line":312},"21":{"loc":{"start":{"line":342,"column":6},"end":{"line":348,"column":7}},"type":"if","locations":[{"start":{"line":342,"column":6},"end":{"line":348,"column":7}},{"start":{},"end":{}}],"line":342},"22":{"loc":{"start":{"line":398,"column":6},"end":{"line":403,"column":7}},"type":"if","locations":[{"start":{"line":398,"column":6},"end":{"line":403,"column":7}},{"start":{},"end":{}}],"line":398}},"s":{"0":1,"1":1,"2":1,"3":1,"4":1,"5":1,"6":1,"7":1,"8":1,"9":1,"10":1,"11":0,"12":1,"13":8,"14":8,"15":8,"16":8,"17":4,"18":4,"19":4,"20":4,"21":4,"22":4,"23":4,"24":1,"25":3,"26":3,"27":3,"28":2,"29":2,"30":1,"31":2,"32":1,"33":1,"34":1,"35":10,"36":10,"37":10,"38":2,"39":2,"40":2,"41":8,"42":8,"43":8,"44":8,"45":1,"46":7,"47":1,"48":6,"49":6,"50":1,"51":5,"52":5,"53":4,"54":4,"55":1,"56":1,"57":1,"58":4,"59":4,"60":4,"61":4,"62":1,"63":3,"64":3,"65":3,"66":3,"67":1,"68":1,"69":2,"70":2,"71":1,"72":0,"73":0,"74":0,"75":0,"76":0,"77":0,"78":0,"79":0,"80":0,"81":0,"82":0,"83":0,"84":0,"85":0,"86":0,"87":0,"88":0,"89":0,"90":1,"91":4,"92":4,"93":4,"94":4,"95":2,"96":2,"97":2,"98":2,"99":2,"100":2,"101":2,"102":1,"103":1,"104":1,"105":1,"106":0,"107":0,"108":0,"109":0,"110":0,"111":0,"112":0,"113":0,"114":0,"115":0,"116":0,"117":0,"118":0,"119":1},"f":{"0":0,"1":8,"2":10,"3":4,"4":0,"5":4,"6":0},"b":{"0":[4,4],"1":[4,0,0],"2":[1,3],"3":[2,8],"4":[2,0,0],"5":[8,0],"6":[1,7],"7":[1,6],"8":[1,5],"9":[4,4],"10":[1,3],"11":[1,1],"12":[1,1],"13":[1,1],"14":[2,2],"15":[0,0],"16":[0,0],"17":[0,0],"18":[0,0],"19":[0,0],"20":[0,0],"21":[2,2],"22":[0,0]},"_coverageSchema":"1a1c01bbd47fc00a2c39e90264f33305004495a9","hash":"7a6cb118ff99b2bf3a6d9eeeac89b6cea0ff4424"}
,"/home/user/learning_english/backend/routes/exercises.js": {"path":"/home/user/learning_english/backend/routes/exercises.js","statementMap":{"0":{"start":{"line":6,"column":16},"end":{"line":6,"column":34}},"1":{"start":{"line":7,"column":15},"end":{"line":7,"column":31}},"2":{"start":{"line":8,"column":17},"end":{"line":8,"column":46}},"3":{"start":{"line":13,"column":0},"end":{"line":22,"column":3}},"4":{"start":{"line":14,"column":2},"end":{"line":21,"column":5}},"5":{"start":{"line":24,"column":0},"end":{"line":24,"column":24}}},"fnMap":{"0":{"name":"(anonymous_0)","decl":{"start":{"line":13,"column":22},"end":{"line":13,"column":23}},"loc":{"start":{"line":13,"column":42},"end":{"line":22,"column":1}},"line":13}},"branchMap":{},"s":{"0":0,"1":0,"2":0,"3":0,"4":0,"5":0},"f":{"0":0},"b":{}}
,"/home/user/learning_english/backend/routes/progress.js": {"path":"/home/user/learning_english/backend/routes/progress.js","statementMap":{"0":{"start":{"line":6,"column":16},"end":{"line":6,"column":34}},"1":{"start":{"line":7,"column":15},"end":{"line":7,"column":31}},"2":{"start":{"line":8,"column":17},"end":{"line":8,"column":46}},"3":{"start":{"line":9,"column":21},"end":{"line":9,"column":54}},"4":{"start":{"line":12,"column":0},"end":{"line":52,"column":3}},"5":{"start":{"line":13,"column":2},"end":{"line":51,"column":3}},"6":{"start":{"line":24,"column":8},"end":{"line":24,"column":16}},"7":{"start":{"line":26,"column":21},"end":{"line":37,"column":6}},"8":{"start":{"line":39,"column":4},"end":{"line":43,"column":7}},"9":{"start":{"line":46,"column":4},"end":{"line":46,"column":59}},"10":{"start":{"line":47,"column":4},"end":{"line":50,"column":7}},"11":{"start":{"line":55,"column":0},"end":{"line":74,"column":3}},"12":{"start":{"line":56,"column":2},"end":{"line":73,"column":3}},"13":{"start":{"line":57,"column":21},"end":{"line":60,"column":6}},"14":{"start":{"line":62,"column":4},"end":{"line":66,"column":7}},"15":{"start":{"line":69,"column":4},"end":{"line":72,"column":7}},"16":{"start":{"line":77,"column":0},"end":{"line":124,"column":3}},"17":{"start":{"line":78,"column":2},"end":{"line":123,"column":3}},"18":{"start":{"line":79,"column":28},"end":{"line":79,"column":48}},"19":{"start":{"line":81,"column":27},"end":{"line":85,"column":6}},"20":{"start":{"line":87,"column":27},"end":{"line":92,"column":6}},"21":{"start":{"line":94,"column":25},"end":{"line":96,"column":6}},"22":{"start":{"line":98,"column":25},"end":{"line":100,"column":9}},"23":{"start":{"line":102,"column":22},"end":{"line":104,"column":11}},"24":{"start":{"line":106,"column":4},"end":{"line":115,"column":7}},"25":{"start":{"line":118,"column":4},"end":{"line":118,"column":42}},"26":{"start":{"line":119,"column":4},"end":{"line":122,"column":7}},"27":{"start":{"line":126,"column":0},"end":{"line":126,"column":24}}},"fnMap":{"0":{"name":"(anonymous_0)","decl":{"start":{"line":12,"column":23},"end":{"line":12,"column":24}},"loc":{"start":{"line":12,"column":43},"end":{"line":52,"column":1}},"line":12},"1":{"name":"(anonymous_1)","decl":{"start":{"line":55,"column":22},"end":{"line":55,"column":23}},"loc":{"start":{"line":55,"column":42},"end":{"line":74,"column":1}},"line":55},"2":{"name":"(anonymous_2)","decl":{"start":{"line":77,"column":27},"end":{"line":77,"column":28}},"loc":{"start":{"line":77,"column":47},"end":{"line":124,"column":1}},"line":77}},"branchMap":{"0":{"loc":{"start":{"line":98,"column":25},"end":{"line":100,"column":9}},"type":"cond-expr","locations":[{"start":{"line":99,"column":8},"end":{"line":99,"column":57}},{"start":{"line":100,"column":8},"end":{"line":100,"column":9}}],"line":98},"1":{"loc":{"start":{"line":102,"column":22},"end":{"line":104,"column":11}},"type":"binary-expr","locations":[{"start":{"line":102,"column":22},"end":{"line":104,"column":6}},{"start":{"line":104,"column":10},"end":{"line":104,"column":11}}],"line":102}},"s":{"0":0,"1":0,"2":0,"3":0,"4":0,"5":0,"6":0,"7":0,"8":0,"9":0,"10":0,"11":0,"12":0,"13":0,"14":0,"15":0,"16":0,"17":0,"18":0,"19":0,"20":0,"21":0,"22":0,"23":0,"24":0,"25":0,"26":0,"27":0},"f":{"0":0,"1":0,"2":0},"b":{"0":[0,0],"1":[0,0]}}
,"/home/user/learning_english/backend/routes/users.js": {"path":"/home/user/learning_english/backend/routes/users.js","statementMap":{"0":{"start":{"line":6,"column":16},"end":{"line":6,"column":34}},"1":{"start":{"line":7,"column":15},"end":{"line":7,"column":31}},"2":{"start":{"line":8,"column":17},"end":{"line":8,"column":46}},"3":{"start":{"line":9,"column":13},"end":{"line":9,"column":38}},"4":{"start":{"line":12,"column":0},"end":{"line":24,"column":3}},"5":{"start":{"line":13,"column":2},"end":{"line":23,"column":3}},"6":{"start":{"line":14,"column":4},"end":{"line":17,"column":7}},"7":{"start":{"line":19,"column":4},"end":{"line":22,"column":7}},"8":{"start":{"line":27,"column":0},"end":{"line":52,"column":3}},"9":{"start":{"line":28,"column":2},"end":{"line":51,"column":3}},"10":{"start":{"line":29,"column":20},"end":{"line":29,"column":22}},"11":{"start":{"line":30,"column":27},"end":{"line":30,"column":83}},"12":{"start":{"line":32,"column":4},"end":{"line":36,"column":7}},"13":{"start":{"line":33,"column":6},"end":{"line":35,"column":7}},"14":{"start":{"line":34,"column":8},"end":{"line":34,"column":41}},"15":{"start":{"line":38,"column":4},"end":{"line":38,"column":35}},"16":{"start":{"line":40,"column":4},"end":{"line":44,"column":7}},"17":{"start":{"line":47,"column":4},"end":{"line":50,"column":7}},"18":{"start":{"line":54,"column":0},"end":{"line":54,"column":24}}},"fnMap":{"0":{"name":"(anonymous_0)","decl":{"start":{"line":12,"column":24},"end":{"line":12,"column":25}},"loc":{"start":{"line":12,"column":44},"end":{"line":24,"column":1}},"line":12},"1":{"name":"(anonymous_1)","decl":{"start":{"line":27,"column":24},"end":{"line":27,"column":25}},"loc":{"start":{"line":27,"column":44},"end":{"line":52,"column":1}},"line":27},"2":{"name":"(anonymous_2)","decl":{"start":{"line":32,"column":27},"end":{"line":32,"column":28}},"loc":{"start":{"line":32,"column":36},"end":{"line":36,"column":5}},"line":32}},"branchMap":{"0":{"loc":{"start":{"line":33,"column":6},"end":{"line":35,"column":7}},"type":"if","locations":[{"start":{"line":33,"column":6},"end":{"line":35,"column":7}},{"start":{},"end":{}}],"line":33}},"s":{"0":0,"1":0,"2":0,"3":0,"4":0,"5":0,"6":0,"7":0,"8":0,"9":0,"10":0,"11":0,"12":0,"13":0,"14":0,"15":0,"16":0,"17":0,"18":0},"f":{"0":0,"1":0,"2":0},"b":{"0":[0,0]}}
,"/home/user/learning_english/backend/scripts/checkUser.js": {"path":"/home/user/learning_english/backend/scripts/checkUser.js","statementMap":{"0":{"start":{"line":7,"column":13},"end":{"line":7,"column":28}},"1":{"start":{"line":8,"column":11},"end":{"line":8,"column":24}},"2":{"start":{"line":11,"column":14},"end":{"line":11,"column":51}},"3":{"start":{"line":12,"column":0},"end":{"line":14,"column":1}},"4":{"start":{"line":13,"column":2},"end":{"line":13,"column":47}},"5":{"start":{"line":15,"column":0},"end":{"line":19,"column":1}},"6":{"start":{"line":16,"column":2},"end":{"line":16,"column":46}},"7":{"start":{"line":18,"column":2},"end":{"line":18,"column":29}},"8":{"start":{"line":21,"column":13},"end":{"line":21,"column":38}},"9":{"start":{"line":22,"column":18},"end":{"line":22,"column":51}},"10":{"start":{"line":25,"column":2},"end":{"line":80,"column":3}},"11":{"start":{"line":26,"column":4},"end":{"line":26,"column":35}},"12":{"start":{"line":27,"column":4},"end":{"line":27,"column":20}},"13":{"start":{"line":28,"column":4},"end":{"line":28,"column":79}},"14":{"start":{"line":29,"column":4},"end":{"line":29,"column":70}},"15":{"start":{"line":30,"column":4},"end":{"line":30,"column":79}},"16":{"start":{"line":31,"column":4},"end":{"line":31,"column":20}},"17":{"start":{"line":33,"column":4},"end":{"line":70,"column":5}},"18":{"start":{"line":35,"column":19},"end":{"line":38,"column":8}},"19":{"start":{"line":40,"column":6},"end":{"line":45,"column":7}},"20":{"start":{"line":41,"column":8},"end":{"line":41,"column":46}},"21":{"start":{"line":42,"column":8},"end":{"line":42,"column":60}},"22":{"start":{"line":44,"column":8},"end":{"line":44,"column":73}},"23":{"start":{"line":48,"column":20},"end":{"line":51,"column":8}},"24":{"start":{"line":53,"column":6},"end":{"line":53,"column":62}},"25":{"start":{"line":54,"column":6},"end":{"line":54,"column":22}},"26":{"start":{"line":56,"column":6},"end":{"line":69,"column":7}},"27":{"start":{"line":57,"column":8},"end":{"line":57,"column":47}},"28":{"start":{"line":58,"column":8},"end":{"line":66,"column":11}},"29":{"start":{"line":59,"column":10},"end":{"line":59,"column":92}},"30":{"start":{"line":60,"column":10},"end":{"line":60,"column":43}},"31":{"start":{"line":61,"column":10},"end":{"line":61,"column":47}},"32":{"start":{"line":62,"column":10},"end":{"line":62,"column":64}},"33":{"start":{"line":63,"column":10},"end":{"line":63,"column":62}},"34":{"start":{"line":64,"column":10},"end":{"line":64,"column":87}},"35":{"start":{"line":65,"column":10},"end":{"line":65,"column":79}},"36":{"start":{"line":68,"column":8},"end":{"line":68,"column":66}},"37":{"start":{"line":72,"column":4},"end":{"line":72,"column":20}},"38":{"start":{"line":73,"column":4},"end":{"line":73,"column":79}},"39":{"start":{"line":74,"column":4},"end":{"line":74,"column":20}},"40":{"start":{"line":76,"column":4},"end":{"line":76,"column":20}},"41":{"start":{"line":78,"column":4},"end":{"line":78,"column":46}},"42":{"start":{"line":79,"column":4},"end":{"line":79,"column":20}},"43":{"start":{"line":83,"column":14},"end":{"line":83,"column":29}},"44":{"start":{"line":84,"column":0},"end":{"line":84,"column":17}}},"fnMap":{"0":{"name":"checkUser","decl":{"start":{"line":24,"column":15},"end":{"line":24,"column":24}},"loc":{"start":{"line":24,"column":32},"end":{"line":81,"column":1}},"line":24},"1":{"name":"(anonymous_1)","decl":{"start":{"line":58,"column":22},"end":{"line":58,"column":23}},"loc":{"start":{"line":58,"column":39},"end":{"line":66,"column":9}},"line":58}},"branchMap":{"0":{"loc":{"start":{"line":12,"column":0},"end":{"line":14,"column":1}},"type":"if","locations":[{"start":{"line":12,"column":0},"end":{"line":14,"column":1}},{"start":{},"end":{}}],"line":12},"1":{"loc":{"start":{"line":15,"column":0},"end":{"line":19,"column":1}},"type":"if","locations":[{"start":{"line":15,"column":0},"end":{"line":19,"column":1}},{"start":{"line":17,"column":7},"end":{"line":19,"column":1}}],"line":15},"2":{"loc":{"start":{"line":33,"column":4},"end":{"line":70,"column":5}},"type":"if","locations":[{"start":{"line":33,"column":4},"end":{"line":70,"column":5}},{"start":{"line":46,"column":11},"end":{"line":70,"column":5}}],"line":33},"3":{"loc":{"start":{"line":40,"column":6},"end":{"line":45,"column":7}},"type":"if","locations":[{"start":{"line":40,"column":6},"end":{"line":45,"column":7}},{"start":{"line":43,"column":13},"end":{"line":45,"column":7}}],"line":40},"4":{"loc":{"start":{"line":56,"column":6},"end":{"line":69,"column":7}},"type":"if","locations":[{"start":{"line":56,"column":6},"end":{"line":69,"column":7}},{"start":{"line":67,"column":13},"end":{"line":69,"column":7}}],"line":56},"5":{"loc":{"start":{"line":64,"column":43},"end":{"line":64,"column":83}},"type":"cond-expr","locations":[{"start":{"line":64,"column":66},"end":{"line":64,"column":73}},{"start":{"line":64,"column":76},"end":{"line":64,"column":83}}],"line":64}},"s":{"0":0,"1":0,"2":0,"3":0,"4":0,"5":0,"6":0,"7":0,"8":0,"9":0,"10":0,"11":0,"12":0,"13":0,"14":0,"15":0,"16":0,"17":0,"18":0,"19":0,"20":0,"21":0,"22":0,"23":0,"24":0,"25":0,"26":0,"27":0,"28":0,"29":0,"30":0,"31":0,"32":0,"33":0,"34":0,"35":0,"36":0,"37":0,"38":0,"39":0,"40":0,"41":0,"42":0,"43":0,"44":0},"f":{"0":0,"1":0},"b":{"0":[0,0],"1":[0,0],"2":[0,0],"3":[0,0],"4":[0,0],"5":[0,0]}}
,"/home/user/learning_english/backend/scripts/testEmail.js": {"path":"/home/user/learning_english/backend/scripts/testEmail.js","statementMap":{"0":{"start":{"line":12,"column":13},"end":{"line":12,"column":28}},"1":{"start":{"line":13,"column":11},"end":{"line":13,"column":24}},"2":{"start":{"line":16,"column":14},"end":{"line":16,"column":18}},"3":{"start":{"line":17,"column":17},"end":{"line":17,"column":26}},"4":{"start":{"line":19,"column":0},"end":{"line":26,"column":1}},"5":{"start":{"line":20,"column":23},"end":{"line":20,"column":52}},"6":{"start":{"line":21,"column":2},"end":{"line":24,"column":3}},"7":{"start":{"line":22,"column":4},"end":{"line":22,"column":27}},"8":{"start":{"line":23,"column":4},"end":{"line":23,"column":10}},"9":{"start":{"line":25,"column":2},"end":{"line":25,"column":40}},"10":{"start":{"line":29,"column":0},"end":{"line":40,"column":1}},"11":{"start":{"line":30,"column":2},"end":{"line":30,"column":46}},"12":{"start":{"line":33,"column":23},"end":{"line":33,"column":60}},"13":{"start":{"line":34,"column":2},"end":{"line":39,"column":3}},"14":{"start":{"line":35,"column":4},"end":{"line":35,"column":53}},"15":{"start":{"line":38,"column":4},"end":{"line":38,"column":31}},"16":{"start":{"line":42,"column":19},"end":{"line":42,"column":40}},"17":{"start":{"line":45,"column":20},"end":{"line":53,"column":2}},"18":{"start":{"line":57,"column":2},"end":{"line":57,"column":18}},"19":{"start":{"line":58,"column":2},"end":{"line":58,"column":77}},"20":{"start":{"line":59,"column":2},"end":{"line":59,"column":50}},"21":{"start":{"line":60,"column":2},"end":{"line":60,"column":77}},"22":{"start":{"line":61,"column":2},"end":{"line":61,"column":18}},"23":{"start":{"line":64,"column":25},"end":{"line":64,"column":89}},"24":{"start":{"line":65,"column":2},"end":{"line":65,"column":40}},"25":{"start":{"line":66,"column":2},"end":{"line":66,"column":71}},"26":{"start":{"line":67,"column":2},"end":{"line":67,"column":58}},"27":{"start":{"line":68,"column":2},"end":{"line":68,"column":67}},"28":{"start":{"line":69,"column":2},"end":{"line":78,"column":3}},"29":{"start":{"line":70,"column":4},"end":{"line":70,"column":76}},"30":{"start":{"line":71,"column":4},"end":{"line":75,"column":5}},"31":{"start":{"line":72,"column":6},"end":{"line":72,"column":97}},"32":{"start":{"line":73,"column":6},"end":{"line":73,"column":91}},"33":{"start":{"line":74,"column":6},"end":{"line":74,"column":74}},"34":{"start":{"line":77,"column":4},"end":{"line":77,"column":43}},"35":{"start":{"line":79,"column":2},"end":{"line":79,"column":68}},"36":{"start":{"line":80,"column":2},"end":{"line":80,"column":18}},"37":{"start":{"line":82,"column":2},"end":{"line":94,"column":3}},"38":{"start":{"line":83,"column":4},"end":{"line":83,"column":79}},"39":{"start":{"line":84,"column":4},"end":{"line":84,"column":20}},"40":{"start":{"line":85,"column":4},"end":{"line":85,"column":45}},"41":{"start":{"line":86,"column":4},"end":{"line":86,"column":83}},"42":{"start":{"line":87,"column":4},"end":{"line":87,"column":78}},"43":{"start":{"line":88,"column":4},"end":{"line":88,"column":80}},"44":{"start":{"line":89,"column":4},"end":{"line":89,"column":44}},"45":{"start":{"line":90,"column":4},"end":{"line":90,"column":57}},"46":{"start":{"line":91,"column":4},"end":{"line":91,"column":69}},"47":{"start":{"line":92,"column":4},"end":{"line":92,"column":20}},"48":{"start":{"line":93,"column":4},"end":{"line":93,"column":20}},"49":{"start":{"line":97,"column":2},"end":{"line":97,"column":57}},"50":{"start":{"line":98,"column":2},"end":{"line":129,"column":3}},"51":{"start":{"line":99,"column":4},"end":{"line":99,"column":31}},"52":{"start":{"line":100,"column":4},"end":{"line":100,"column":46}},"53":{"start":{"line":101,"column":4},"end":{"line":101,"column":20}},"54":{"start":{"line":102,"column":4},"end":{"line":102,"column":16}},"55":{"start":{"line":104,"column":4},"end":{"line":104,"column":49}},"56":{"start":{"line":105,"column":4},"end":{"line":105,"column":41}},"57":{"start":{"line":106,"column":4},"end":{"line":106,"column":20}},"58":{"start":{"line":108,"column":4},"end":{"line":126,"column":5}},"59":{"start":{"line":109,"column":6},"end":{"line":109,"column":54}},"60":{"start":{"line":110,"column":6},"end":{"line":110,"column":92}},"61":{"start":{"line":111,"column":6},"end":{"line":111,"column":86}},"62":{"start":{"line":112,"column":6},"end":{"line":112,"column":81}},"63":{"start":{"line":113,"column":6},"end":{"line":113,"column":22}},"64":{"start":{"line":114,"column":6},"end":{"line":114,"column":40}},"65":{"start":{"line":115,"column":6},"end":{"line":115,"column":80}},"66":{"start":{"line":116,"column":6},"end":{"line":116,"column":80}},"67":{"start":{"line":117,"column":6},"end":{"line":117,"column":82}},"68":{"start":{"line":118,"column":6},"end":{"line":118,"column":59}},"69":{"start":{"line":119,"column":6},"end":{"line":119,"column":66}},"70":{"start":{"line":120,"column":6},"end":{"line":120,"column":61}},"71":{"start":{"line":121,"column":6},"end":{"line":121,"column":22}},"72":{"start":{"line":122,"column":11},"end":{"line":126,"column":5}},"73":{"start":{"line":123,"column":6},"end":{"line":123,"column":47}},"74":{"start":{"line":124,"column":6},"end":{"line":124,"column":58}},"75":{"start":{"line":125,"column":6},"end":{"line":125,"column":60}},"76":{"start":{"line":127,"column":4},"end":{"line":127,"column":20}},"77":{"start":{"line":128,"column":4},"end":{"line":128,"column":17}},"78":{"start":{"line":134,"column":20},"end":{"line":134,"column":50}},"79":{"start":{"line":136,"column":2},"end":{"line":143,"column":3}},"80":{"start":{"line":137,"column":4},"end":{"line":137,"column":50}},"81":{"start":{"line":138,"column":4},"end":{"line":138,"column":20}},"82":{"start":{"line":139,"column":4},"end":{"line":139,"column":60}},"83":{"start":{"line":140,"column":4},"end":{"line":140,"column":74}},"84":{"start":{"line":141,"column":4},"end":{"line":141,"column":20}},"85":{"start":{"line":142,"column":4},"end":{"line":142,"column":20}},"86":{"start":{"line":145,"column":2},"end":{"line":145,"column":49}},"87":{"start":{"line":146,"column":2},"end":{"line":146,"column":47}},"88":{"start":{"line":147,"column":2},"end":{"line":147,"column":18}},"89":{"start":{"line":149,"column":22},"end":{"line":204,"column":3}},"90":{"start":{"line":206,"column":2},"end":{"line":232,"column":3}},"91":{"start":{"line":207,"column":17},"end":{"line":207,"column":56}},"92":{"start":{"line":208,"column":4},"end":{"line":208,"column":48}},"93":{"start":{"line":209,"column":4},"end":{"line":209,"column":20}},"94":{"start":{"line":210,"column":4},"end":{"line":210,"column":45}},"95":{"start":{"line":211,"column":4},"end":{"line":211,"column":52}},"96":{"start":{"line":212,"column":4},"end":{"line":212,"column":49}},"97":{"start":{"line":213,"column":4},"end":{"line":213,"column":20}},"98":{"start":{"line":214,"column":4},"end":{"line":214,"column":58}},"99":{"start":{"line":215,"column":4},"end":{"line":215,"column":20}},"100":{"start":{"line":216,"column":4},"end":{"line":216,"column":16}},"101":{"start":{"line":218,"column":4},"end":{"line":218,"column":60}},"102":{"start":{"line":219,"column":4},"end":{"line":219,"column":41}},"103":{"start":{"line":220,"column":4},"end":{"line":220,"column":20}},"104":{"start":{"line":222,"column":4},"end":{"line":229,"column":5}},"105":{"start":{"line":223,"column":6},"end":{"line":223,"column":54}},"106":{"start":{"line":224,"column":6},"end":{"line":224,"column":62}},"107":{"start":{"line":225,"column":6},"end":{"line":225,"column":65}},"108":{"start":{"line":226,"column":11},"end":{"line":229,"column":5}},"109":{"start":{"line":227,"column":6},"end":{"line":227,"column":56}},"110":{"start":{"line":228,"column":6},"end":{"line":228,"column":67}},"111":{"start":{"line":230,"column":4},"end":{"line":230,"column":20}},"112":{"start":{"line":231,"column":4},"end":{"line":231,"column":17}},"113":{"start":{"line":237,"column":16},"end":{"line":237,"column":31}},"114":{"start":{"line":239,"column":2},"end":{"line":239,"column":18}},"115":{"start":{"line":240,"column":2},"end":{"line":240,"column":77}},"116":{"start":{"line":241,"column":2},"end":{"line":241,"column":67}},"117":{"start":{"line":242,"column":2},"end":{"line":242,"column":77}},"118":{"start":{"line":243,"column":2},"end":{"line":243,"column":18}},"119":{"start":{"line":246,"column":23},"end":{"line":246,"column":45}},"120":{"start":{"line":247,"column":2},"end":{"line":249,"column":3}},"121":{"start":{"line":248,"column":4},"end":{"line":248,"column":20}},"122":{"start":{"line":252,"column":20},"end":{"line":252,"column":46}},"123":{"start":{"line":253,"column":2},"end":{"line":255,"column":3}},"124":{"start":{"line":254,"column":4},"end":{"line":254,"column":20}},"125":{"start":{"line":257,"column":2},"end":{"line":257,"column":77}},"126":{"start":{"line":258,"column":2},"end":{"line":258,"column":51}},"127":{"start":{"line":259,"column":2},"end":{"line":259,"column":77}},"128":{"start":{"line":260,"column":2},"end":{"line":260,"column":18}},"129":{"start":{"line":261,"column":2},"end":{"line":261,"column":65}},"130":{"start":{"line":262,"column":2},"end":{"line":262,"column":67}},"131":{"start":{"line":263,"column":2},"end":{"line":263,"column":55}},"132":{"start":{"line":264,"column":2},"end":{"line":264,"column":42}},"133":{"start":{"line":265,"column":2},"end":{"line":265,"column":18}},"134":{"start":{"line":269,"column":0},"end":{"line":272,"column":3}},"135":{"start":{"line":270,"column":2},"end":{"line":270,"column":41}},"136":{"start":{"line":271,"column":2},"end":{"line":271,"column":18}}},"fnMap":{"0":{"name":"testConnection","decl":{"start":{"line":56,"column":15},"end":{"line":56,"column":29}},"loc":{"start":{"line":56,"column":32},"end":{"line":130,"column":1}},"line":56},"1":{"name":"sendTestEmail","decl":{"start":{"line":133,"column":15},"end":{"line":133,"column":28}},"loc":{"start":{"line":133,"column":36},"end":{"line":233,"column":1}},"line":133},"2":{"name":"main","decl":{"start":{"line":236,"column":15},"end":{"line":236,"column":19}},"loc":{"start":{"line":236,"column":22},"end":{"line":266,"column":1}},"line":236},"3":{"name":"(anonymous_3)","decl":{"start":{"line":269,"column":13},"end":{"line":269,"column":14}},"loc":{"start":{"line":269,"column":22},"end":{"line":272,"column":1}},"line":269}},"branchMap":{"0":{"loc":{"start":{"line":21,"column":2},"end":{"line":24,"column":3}},"type":"if","locations":[{"start":{"line":21,"column":2},"end":{"line":24,"column":3}},{"start":{},"end":{}}],"line":21},"1":{"loc":{"start":{"line":29,"column":0},"end":{"line":40,"column":1}},"type":"if","locations":[{"start":{"line":29,"column":0},"end":{"line":40,"column":1}},{"start":{"line":31,"column":7},"end":{"line":40,"column":1}}],"line":29},"2":{"loc":{"start":{"line":34,"column":2},"end":{"line":39,"column":3}},"type":"if","locations":[{"start":{"line":34,"column":2},"end":{"line":39,"column":3}},{"start":{"line":36,"column":9},"end":{"line":39,"column":3}}],"line":34},"3":{"loc":{"start":{"line":46,"column":8},"end":{"line":46,"column":49}},"type":"binary-expr","locations":[{"start":{"line":46,"column":8},"end":{"line":46,"column":29}},{"start":{"line":46,"column":33},"end":{"line":46,"column":49}}],"line":46},"4":{"loc":{"start":{"line":47,"column":8},"end":{"line":47,"column":46}},"type":"binary-expr","locations":[{"start":{"line":47,"column":8},"end":{"line":47,"column":39}},{"start":{"line":47,"column":43},"end":{"line":47,"column":46}}],"line":47},"5":{"loc":{"start":{"line":64,"column":25},"end":{"line":64,"column":89}},"type":"cond-expr","locations":[{"start":{"line":64,"column":53},"end":{"line":64,"column":85}},{"start":{"line":64,"column":88},"end":{"line":64,"column":89}}],"line":64},"6":{"loc":{"start":{"line":66,"column":26},"end":{"line":66,"column":67}},"type":"binary-expr","locations":[{"start":{"line":66,"column":26},"end":{"line":66,"column":47}},{"start":{"line":66,"column":51},"end":{"line":66,"column":67}}],"line":66},"7":{"loc":{"start":{"line":67,"column":26},"end":{"line":67,"column":54}},"type":"binary-expr","locations":[{"start":{"line":67,"column":26},"end":{"line":67,"column":47}},{"start":{"line":67,"column":51},"end":{"line":67,"column":54}}],"line":67},"8":{"loc":{"start":{"line":68,"column":26},"end":{"line":68,"column":63}},"type":"binary-expr","locations":[{"start":{"line":68,"column":26},"end":{"line":68,"column":47}},{"start":{"line":68,"column":51},"end":{"line":68,"column":63}}],"line":68},"9":{"loc":{"start":{"line":69,"column":2},"end":{"line":78,"column":3}},"type":"if","locations":[{"start":{"line":69,"column":2},"end":{"line":78,"column":3}},{"start":{"line":76,"column":9},"end":{"line":78,"column":3}}],"line":69},"10":{"loc":{"start":{"line":71,"column":4},"end":{"line":75,"column":5}},"type":"if","locations":[{"start":{"line":71,"column":4},"end":{"line":75,"column":5}},{"start":{},"end":{}}],"line":71},"11":{"loc":{"start":{"line":79,"column":26},"end":{"line":79,"column":64}},"type":"binary-expr","locations":[{"start":{"line":79,"column":26},"end":{"line":79,"column":48}},{"start":{"line":79,"column":52},"end":{"line":79,"column":64}}],"line":79},"12":{"loc":{"start":{"line":82,"column":2},"end":{"line":94,"column":3}},"type":"if","locations":[{"start":{"line":82,"column":2},"end":{"line":94,"column":3}},{"start":{},"end":{}}],"line":82},"13":{"loc":{"start":{"line":82,"column":6},"end":{"line":82,"column":58}},"type":"binary-expr","locations":[{"start":{"line":82,"column":6},"end":{"line":82,"column":28}},{"start":{"line":82,"column":32},"end":{"line":82,"column":58}}],"line":82},"14":{"loc":{"start":{"line":108,"column":4},"end":{"line":126,"column":5}},"type":"if","locations":[{"start":{"line":108,"column":4},"end":{"line":126,"column":5}},{"start":{"line":122,"column":11},"end":{"line":126,"column":5}}],"line":108},"15":{"loc":{"start":{"line":108,"column":8},"end":{"line":108,"column":89}},"type":"binary-expr","locations":[{"start":{"line":108,"column":8},"end":{"line":108,"column":30}},{"start":{"line":108,"column":34},"end":{"line":108,"column":89}}],"line":108},"16":{"loc":{"start":{"line":122,"column":11},"end":{"line":126,"column":5}},"type":"if","locations":[{"start":{"line":122,"column":11},"end":{"line":126,"column":5}},{"start":{},"end":{}}],"line":122},"17":{"loc":{"start":{"line":134,"column":20},"end":{"line":134,"column":50}},"type":"binary-expr","locations":[{"start":{"line":134,"column":20},"end":{"line":134,"column":25}},{"start":{"line":134,"column":29},"end":{"line":134,"column":50}}],"line":134},"18":{"loc":{"start":{"line":136,"column":2},"end":{"line":143,"column":3}},"type":"if","locations":[{"start":{"line":136,"column":2},"end":{"line":143,"column":3}},{"start":{},"end":{}}],"line":136},"19":{"loc":{"start":{"line":150,"column":14},"end":{"line":150,"column":65}},"type":"binary-expr","locations":[{"start":{"line":150,"column":14},"end":{"line":150,"column":41}},{"start":{"line":150,"column":45},"end":{"line":150,"column":65}}],"line":150},"20":{"loc":{"start":{"line":150,"column":71},"end":{"line":150,"column":118}},"type":"binary-expr","locations":[{"start":{"line":150,"column":71},"end":{"line":150,"column":93}},{"start":{"line":150,"column":97},"end":{"line":150,"column":118}}],"line":150},"21":{"loc":{"start":{"line":161,"column":18},"end":{"line":161,"column":59}},"type":"binary-expr","locations":[{"start":{"line":161,"column":18},"end":{"line":161,"column":39}},{"start":{"line":161,"column":43},"end":{"line":161,"column":59}}],"line":161},"22":{"loc":{"start":{"line":162,"column":10},"end":{"line":162,"column":38}},"type":"binary-expr","locations":[{"start":{"line":162,"column":10},"end":{"line":162,"column":31}},{"start":{"line":162,"column":35},"end":{"line":162,"column":38}}],"line":162},"23":{"loc":{"start":{"line":192,"column":28},"end":{"line":192,"column":69}},"type":"binary-expr","locations":[{"start":{"line":192,"column":28},"end":{"line":192,"column":49}},{"start":{"line":192,"column":53},"end":{"line":192,"column":69}}],"line":192},"24":{"loc":{"start":{"line":193,"column":20},"end":{"line":193,"column":48}},"type":"binary-expr","locations":[{"start":{"line":193,"column":20},"end":{"line":193,"column":41}},{"start":{"line":193,"column":45},"end":{"line":193,"column":48}}],"line":193},"25":{"loc":{"start":{"line":222,"column":4},"end":{"line":229,"column":5}},"type":"if","locations":[{"start":{"line":222,"column":4},"end":{"line":229,"column":5}},{"start":{"line":226,"column":11},"end":{"line":229,"column":5}}],"line":222},"26":{"loc":{"start":{"line":226,"column":11},"end":{"line":229,"column":5}},"type":"if","locations":[{"start":{"line":226,"column":11},"end":{"line":229,"column":5}},{"start":{},"end":{}}],"line":226},"27":{"loc":{"start":{"line":247,"column":2},"end":{"line":249,"column":3}},"type":"if","locations":[{"start":{"line":247,"column":2},"end":{"line":249,"column":3}},{"start":{},"end":{}}],"line":247},"28":{"loc":{"start":{"line":253,"column":2},"end":{"line":255,"column":3}},"type":"if","locations":[{"start":{"line":253,"column":2},"end":{"line":255,"column":3}},{"start":{},"end":{}}],"line":253}},"s":{"0":0,"1":0,"2":0,"3":0,"4":0,"5":0,"6":0,"7":0,"8":0,"9":0,"10":0,"11":0,"12":0,"13":0,"14":0,"15":0,"16":0,"17":0,"18":0,"19":0,"20":0,"21":0,"22":0,"23":0,"24":0,"25":0,"26":0,"27":0,"28":0,"29":0,"30":0,"31":0,"32":0,"33":0,"34":0,"35":0,"36":0,"37":0,"38":0,"39":0,"40":0,"41":0,"42":0,"43":0,"44":0,"45":0,"46":0,"47":0,"48":0,"49":0,"50":0,"51":0,"52":0,"53":0,"54":0,"55":0,"56":0,"57":0,"58":0,"59":0,"60":0,"61":0,"62":0,"63":0,"64":0,"65":0,"66":0,"67":0,"68":0,"69":0,"70":0,"71":0,"72":0,"73":0,"74":0,"75":0,"76":0,"77":0,"78":0,"79":0,"80":0,"81":0,"82":0,"83":0,"84":0,"85":0,"86":0,"87":0,"88":0,"89":0,"90":0,"91":0,"92":0,"93":0,"94":0,"95":0,"96":0,"97":0,"98":0,"99":0,"100":0,"101":0,"102":0,"103":0,"104":0,"105":0,"106":0,"107":0,"108":0,"109":0,"110":0,"111":0,"112":0,"113":0,"114":0,"115":0,"116":0,"117":0,"118":0,"119":0,"120":0,"121":0,"122":0,"123":0,"124":0,"125":0,"126":0,"127":0,"128":0,"129":0,"130":0,"131":0,"132":0,"133":0,"134":0,"135":0,"136":0},"f":{"0":0,"1":0,"2":0,"3":0},"b":{"0":[0,0],"1":[0,0],"2":[0,0],"3":[0,0],"4":[0,0],"5":[0,0],"6":[0,0],"7":[0,0],"8":[0,0],"9":[0,0],"10":[0,0],"11":[0,0],"12":[0,0],"13":[0,0],"14":[0,0],"15":[0,0],"16":[0,0],"17":[0,0],"18":[0,0],"19":[0,0],"20":[0,0],"21":[0,0],"22":[0,0],"23":[0,0],"24":[0,0],"25":[0,0],"26":[0,0],"27":[0,0],"28":[0,0]}}
,"/home/user/learning_english/backend/utils/emailService.js": {"path":"/home/user/learning_english/backend/utils/emailService.js","statementMap":{"0":{"start":{"line":6,"column":19},"end":{"line":6,"column":40}},"1":{"start":{"line":9,"column":20},"end":{"line":17,"column":2}},"2":{"start":{"line":20,"column":0},"end":{"line":26,"column":3}},"3":{"start":{"line":21,"column":2},"end":{"line":25,"column":3}},"4":{"start":{"line":22,"column":4},"end":{"line":22,"column":58}},"5":{"start":{"line":24,"column":4},"end":{"line":24,"column":40}},"6":{"start":{"line":31,"column":30},"end":{"line":87,"column":1}},"7":{"start":{"line":32,"column":22},"end":{"line":32,"column":73}},"8":{"start":{"line":33,"column":26},"end":{"line":33,"column":64}},"9":{"start":{"line":35,"column":22},"end":{"line":84,"column":3}},"10":{"start":{"line":86,"column":2},"end":{"line":86,"column":49}},"11":{"start":{"line":92,"column":31},"end":{"line":160,"column":1}},"12":{"start":{"line":93,"column":19},"end":{"line":93,"column":72}},"13":{"start":{"line":95,"column":22},"end":{"line":157,"column":3}},"14":{"start":{"line":159,"column":2},"end":{"line":159,"column":49}},"15":{"start":{"line":165,"column":25},"end":{"line":233,"column":1}},"16":{"start":{"line":166,"column":22},"end":{"line":230,"column":3}},"17":{"start":{"line":232,"column":2},"end":{"line":232,"column":49}},"18":{"start":{"line":235,"column":0},"end":{"line":239,"column":2}}},"fnMap":{"0":{"name":"(anonymous_0)","decl":{"start":{"line":20,"column":19},"end":{"line":20,"column":20}},"loc":{"start":{"line":20,"column":39},"end":{"line":26,"column":1}},"line":20},"1":{"name":"(anonymous_1)","decl":{"start":{"line":31,"column":30},"end":{"line":31,"column":31}},"loc":{"start":{"line":31,"column":54},"end":{"line":87,"column":1}},"line":31},"2":{"name":"(anonymous_2)","decl":{"start":{"line":92,"column":31},"end":{"line":92,"column":32}},"loc":{"start":{"line":92,"column":55},"end":{"line":160,"column":1}},"line":92},"3":{"name":"(anonymous_3)","decl":{"start":{"line":165,"column":25},"end":{"line":165,"column":26}},"loc":{"start":{"line":165,"column":53},"end":{"line":233,"column":1}},"line":165}},"branchMap":{"0":{"loc":{"start":{"line":11,"column":8},"end":{"line":11,"column":46}},"type":"binary-expr","locations":[{"start":{"line":11,"column":8},"end":{"line":11,"column":39}},{"start":{"line":11,"column":43},"end":{"line":11,"column":46}}],"line":11},"1":{"loc":{"start":{"line":21,"column":2},"end":{"line":25,"column":3}},"type":"if","locations":[{"start":{"line":21,"column":2},"end":{"line":25,"column":3}},{"start":{"line":23,"column":9},"end":{"line":25,"column":3}}],"line":21},"2":{"loc":{"start":{"line":32,"column":22},"end":{"line":32,"column":73}},"type":"binary-expr","locations":[{"start":{"line":32,"column":22},"end":{"line":32,"column":46}},{"start":{"line":32,"column":50},"end":{"line":32,"column":73}}],"line":32}},"s":{"0":1,"1":1,"2":1,"3":1,"4":1,"5":0,"6":1,"7":0,"8":0,"9":0,"10":0,"11":1,"12":0,"13":0,"14":0,"15":1,"16":0,"17":0,"18":1},"f":{"0":1,"1":0,"2":0,"3":0},"b":{"0":[1,1],"1":[1,0],"2":[0,0]},"_coverageSchema":"1a1c01bbd47fc00a2c39e90264f33305004495a9","hash":"c2217591a7639171d233c462a48843d782dee03d"}
}
