TN:
SF:server.js
FN:39,(anonymous_0)
FN:43,(anonymous_1)
FN:75,(anonymous_2)
FN:103,(anonymous_3)
FN:111,(anonymous_4)
FN:119,(anonymous_5)
FN:163,(anonymous_6)
FN:198,(anonymous_7)
FN:201,(anonymous_8)
FN:210,(anonymous_9)
FN:220,(anonymous_10)
FN:265,(anonymous_11)
FN:276,(anonymous_12)
FN:294,(anonymous_13)
FN:316,(anonymous_14)
FN:318,(anonymous_15)
FN:324,(anonymous_16)
FN:326,(anonymous_17)
FNF:18
FNH:0
FNDA:0,(anonymous_0)
FNDA:0,(anonymous_1)
FNDA:0,(anonymous_2)
FNDA:0,(anonymous_3)
FNDA:0,(anonymous_4)
FNDA:0,(anonymous_5)
FNDA:0,(anonymous_6)
FNDA:0,(anonymous_7)
FNDA:0,(anonymous_8)
FNDA:0,(anonymous_9)
FNDA:0,(anonymous_10)
FNDA:0,(anonymous_11)
FNDA:0,(anonymous_12)
FNDA:0,(anonymous_13)
FNDA:0,(anonymous_14)
FNDA:0,(anonymous_15)
FNDA:0,(anonymous_16)
FNDA:0,(anonymous_17)
DA:7,0
DA:8,0
DA:9,0
DA:10,0
DA:11,0
DA:12,0
DA:13,0
DA:14,0
DA:18,0
DA:19,0
DA:21,0
DA:22,0
DA:24,0
DA:27,0
DA:28,0
DA:29,0
DA:31,0
DA:32,0
DA:38,0
DA:39,0
DA:41,0
DA:42,0
DA:43,0
DA:44,0
DA:45,0
DA:49,0
DA:50,0
DA:51,0
DA:52,0
DA:53,0
DA:58,0
DA:59,0
DA:62,0
DA:63,0
DA:66,0
DA:67,0
DA:74,0
DA:75,0
DA:77,0
DA:78,0
DA:80,0
DA:85,0
DA:103,0
DA:104,0
DA:106,0
DA:110,0
DA:111,0
DA:115,0
DA:118,0
DA:120,0
DA:123,0
DA:124,0
DA:127,0
DA:128,0
DA:130,0
DA:139,0
DA:142,0
DA:149,0
DA:152,0
DA:159,0
DA:165,0
DA:174,0
DA:175,0
DA:178,0
DA:181,0
DA:184,0
DA:185,0
DA:187,0
DA:194,0
DA:197,0
DA:199,0
DA:202,0
DA:210,0
DA:211,0
DA:220,0
DA:221,0
DA:253,0
DA:254,0
DA:255,0
DA:256,0
DA:257,0
DA:258,0
DA:259,0
DA:260,0
DA:261,0
DA:262,0
DA:265,0
DA:266,0
DA:276,0
DA:277,0
DA:279,0
DA:280,0
DA:282,0
DA:293,0
DA:294,0
DA:295,0
DA:296,0
DA:297,0
DA:298,0
DA:299,0
DA:300,0
DA:301,0
DA:302,0
DA:303,0
DA:304,0
DA:305,0
DA:306,0
DA:307,0
DA:308,0
DA:309,0
DA:310,0
DA:311,0
DA:312,0
DA:316,0
DA:317,0
DA:318,0
DA:319,0
DA:320,0
DA:324,0
DA:325,0
DA:326,0
DA:327,0
DA:328,0
DA:332,0
LF:124
LH:0
BRDA:22,0,0,0
BRDA:22,0,1,0
BRDA:27,1,0,0
BRDA:27,1,1,0
BRDA:41,2,0,0
BRDA:41,2,1,0
BRDA:49,3,0,0
BRDA:49,3,1,0
BRDA:50,4,0,0
BRDA:50,4,1,0
BRDA:58,5,0,0
BRDA:58,5,1,0
BRDA:58,6,0,0
BRDA:58,6,1,0
BRDA:62,7,0,0
BRDA:62,7,1,0
BRDA:62,8,0,0
BRDA:62,8,1,0
BRDA:67,9,0,0
BRDA:67,9,1,0
BRDA:74,10,0,0
BRDA:74,10,1,0
BRDA:77,11,0,0
BRDA:77,11,1,0
BRDA:77,12,0,0
BRDA:77,12,1,0
BRDA:104,13,0,0
BRDA:104,13,1,0
BRDA:110,14,0,0
BRDA:110,14,1,0
BRDA:123,15,0,0
BRDA:123,15,1,0
BRDA:123,16,0,0
BRDA:123,16,1,0
BRDA:127,17,0,0
BRDA:127,17,1,0
BRDA:127,18,0,0
BRDA:127,18,1,0
BRDA:143,19,0,0
BRDA:143,19,1,0
BRDA:144,20,0,0
BRDA:144,20,1,0
BRDA:184,21,0,0
BRDA:184,21,1,0
BRDA:279,22,0,0
BRDA:279,22,1,0
BRDA:280,23,0,0
BRDA:280,23,1,0
BRDA:285,24,0,0
BRDA:285,24,1,0
BRDA:293,25,0,0
BRDA:293,25,1,0
BRF:52
BRH:0
end_of_record
TN:
SF:database\connection.js
FN:39,(anonymous_0)
FN:42,(anonymous_1)
FNF:2
FNH:0
FNDA:0,(anonymous_0)
FNDA:0,(anonymous_1)
DA:6,0
DA:7,0
DA:10,0
DA:37,0
DA:40,0
DA:43,0
DA:46,0
LF:7
LH:0
BRDA:13,0,0,0
BRDA:13,0,1,0
BRF:2
BRH:0
end_of_record
TN:
SF:database\seed.js
FN:10,seed
FNF:1
FNH:0
FNDA:0,seed
DA:6,0
DA:7,0
DA:8,0
DA:11,0
DA:12,0
DA:15,0
DA:18,0
DA:19,0
DA:21,0
DA:22,0
DA:23,0
DA:24,0
DA:28,0
DA:30,0
DA:31,0
DA:32,0
DA:33,0
DA:36,0
DA:48,0
DA:49,0
DA:50,0
DA:51,0
DA:52,0
DA:53,0
DA:54,0
DA:55,0
DA:56,0
DA:59,0
DA:60,0
DA:62,0
DA:66,0
LF:31
LH:0
BRDA:18,0,0,0
BRDA:18,0,1,0
BRDA:21,1,0,0
BRDA:21,1,1,0
BRDA:30,2,0,0
BRDA:30,2,1,0
BRF:6
BRH:0
end_of_record
TN:
SF:middleware\auth.js
FN:9,(anonymous_0)
FN:59,(anonymous_1)
FNF:2
FNH:0
FNDA:0,(anonymous_0)
FNDA:0,(anonymous_1)
DA:6,0
DA:7,0
DA:9,0
DA:10,0
DA:12,0
DA:14,0
DA:15,0
DA:22,0
DA:25,0
DA:27,0
DA:28,0
DA:35,0
DA:36,0
DA:37,0
DA:40,0
DA:41,0
DA:46,0
DA:47,0
DA:52,0
DA:59,0
DA:60,0
DA:61,0
DA:66,0
DA:69,0
LF:24
LH:0
BRDA:14,0,0,0
BRDA:14,0,1,0
BRDA:27,1,0,0
BRDA:27,1,1,0
BRDA:27,2,0,0
BRDA:27,2,1,0
BRDA:40,3,0,0
BRDA:40,3,1,0
BRDA:46,4,0,0
BRDA:46,4,1,0
BRDA:60,5,0,0
BRDA:60,5,1,0
BRDA:60,6,0,0
BRDA:60,6,1,0
BRF:14
BRH:0
end_of_record
TN:
SF:middleware\firebaseAuth.js
FN:20,(anonymous_0)
FNF:1
FNH:0
FNDA:0,(anonymous_0)
DA:8,0
DA:14,0
DA:20,0
DA:21,0
DA:22,0
DA:23,0
DA:30,0
DA:31,0
DA:33,0
DA:34,0
DA:40,0
DA:41,0
DA:43,0
DA:44,0
DA:51,0
LF:15
LH:0
BRDA:22,0,0,0
BRDA:22,0,1,0
BRDA:33,1,0,0
BRDA:33,1,1,0
BRDA:33,2,0,0
BRDA:33,2,1,0
BRF:6
BRH:0
end_of_record
TN:
SF:models\AssessmentResult.js
FNF:0
FNH:0
DA:6,0
DA:7,0
DA:8,0
DA:10,0
DA:82,0
DA:83,0
DA:85,0
LF:7
LH:0
BRF:0
BRH:0
end_of_record
TN:
SF:models\LearningPlan.js
FNF:0
FNH:0
DA:6,0
DA:7,0
DA:8,0
DA:10,0
DA:78,0
DA:79,0
DA:81,0
LF:7
LH:0
BRF:0
BRH:0
end_of_record
TN:
SF:models\User.js
FN:82,(anonymous_0)
FN:96,(anonymous_1)
FN:101,(anonymous_2)
FNF:3
FNH:0
FNDA:0,(anonymous_0)
FNDA:0,(anonymous_1)
FNDA:0,(anonymous_2)
DA:6,0
DA:7,0
DA:8,0
DA:10,0
DA:82,0
DA:84,0
DA:85,0
DA:89,0
DA:90,0
DA:91,0
DA:96,0
DA:97,0
DA:101,0
DA:102,0
DA:103,0
DA:104,0
DA:105,0
DA:106,0
DA:109,0
LF:19
LH:0
BRDA:84,0,0,0
BRDA:84,0,1,0
BRDA:89,1,0,0
BRDA:89,1,1,0
BRF:4
BRH:0
end_of_record
TN:
SF:models\UserProgress.js
FNF:0
FNH:0
DA:6,0
DA:7,0
DA:8,0
DA:10,0
DA:71,0
DA:72,0
DA:74,0
LF:7
LH:0
BRF:0
BRH:0
end_of_record
TN:
SF:routes\admin.js
FN:17,(anonymous_0)
FN:46,(anonymous_1)
FN:77,(anonymous_2)
FNF:3
FNH:0
FNDA:0,(anonymous_0)
FNDA:0,(anonymous_1)
FNDA:0,(anonymous_2)
DA:6,0
DA:7,0
DA:8,0
DA:9,0
DA:10,0
DA:11,0
DA:14,0
DA:17,0
DA:18,0
DA:19,0
DA:20,0
DA:22,0
DA:29,0
DA:38,0
DA:46,0
DA:47,0
DA:48,0
DA:49,0
DA:50,0
DA:52,0
DA:53,0
DA:55,0
DA:69,0
DA:77,0
DA:78,0
DA:79,0
DA:81,0
DA:82,0
DA:88,0
DA:89,0
DA:95,0
DA:96,0
DA:98,0
DA:104,0
DA:111,0
LF:35
LH:0
BRDA:19,0,0,0
BRDA:19,1,0,0
BRDA:81,2,0,0
BRDA:81,2,1,0
BRDA:88,3,0,0
BRDA:88,3,1,0
BRF:6
BRH:0
end_of_record
TN:
SF:routes\auth.js
FN:22,(anonymous_0)
FN:43,(anonymous_1)
FN:136,(anonymous_2)
FN:227,(anonymous_3)
FN:308,(anonymous_4)
FN:388,(anonymous_5)
FN:452,(anonymous_6)
FNF:7
FNH:0
FNDA:0,(anonymous_0)
FNDA:0,(anonymous_1)
FNDA:0,(anonymous_2)
FNDA:0,(anonymous_3)
FNDA:0,(anonymous_4)
FNDA:0,(anonymous_5)
FNDA:0,(anonymous_6)
DA:6,0
DA:7,0
DA:8,0
DA:9,0
DA:10,0
DA:11,0
DA:12,0
DA:13,0
DA:14,0
DA:15,0
DA:18,0
DA:24,0
DA:32,0
DA:44,0
DA:46,0
DA:54,0
DA:55,0
DA:57,0
DA:58,0
DA:60,0
DA:62,0
DA:69,0
DA:72,0
DA:73,0
DA:74,0
DA:81,0
DA:82,0
DA:85,0
DA:95,0
DA:96,0
DA:98,0
DA:105,0
DA:113,0
DA:114,0
DA:126,0
DA:137,0
DA:138,0
DA:139,0
DA:141,0
DA:142,0
DA:144,0
DA:152,0
DA:153,0
DA:156,0
DA:162,0
DA:163,0
DA:170,0
DA:171,0
DA:178,0
DA:179,0
DA:180,0
DA:187,0
DA:188,0
DA:195,0
DA:196,0
DA:199,0
DA:205,0
DA:213,0
DA:214,0
DA:227,0
DA:228,0
DA:229,0
DA:230,0
DA:232,0
DA:239,0
DA:240,0
DA:241,0
DA:247,0
DA:251,0
DA:252,0
DA:258,0
DA:259,0
DA:267,0
DA:271,0
DA:272,0
DA:273,0
DA:274,0
DA:277,0
DA:283,0
DA:284,0
DA:293,0
DA:295,0
DA:296,0
DA:297,0
DA:298,0
DA:303,0
DA:308,0
DA:309,0
DA:310,0
DA:313,0
DA:320,0
DA:321,0
DA:328,0
DA:330,0
DA:336,0
DA:346,0
DA:347,0
DA:354,0
DA:355,0
DA:356,0
DA:357,0
DA:360,0
DA:366,0
DA:374,0
DA:375,0
DA:386,0
DA:389,0
DA:391,0
DA:392,0
DA:393,0
DA:400,0
DA:402,0
DA:403,0
DA:405,0
DA:412,0
DA:413,0
DA:415,0
DA:416,0
DA:417,0
DA:420,0
DA:421,0
DA:423,0
DA:427,0
DA:433,0
DA:434,0
DA:446,0
DA:453,0
DA:455,0
DA:456,0
DA:459,0
DA:460,0
DA:461,0
DA:468,0
DA:469,0
DA:475,0
DA:482,0
DA:483,0
DA:489,0
DA:490,0
DA:491,0
DA:492,0
DA:494,0
DA:500,0
DA:501,0
DA:509,0
LF:145
LH:0
BRDA:55,0,0,0
BRDA:55,0,1,0
BRDA:58,1,0,0
BRDA:58,1,1,0
BRDA:58,1,2,0
BRDA:73,2,0,0
BRDA:73,2,1,0
BRDA:139,3,0,0
BRDA:139,3,1,0
BRDA:142,4,0,0
BRDA:142,4,1,0
BRDA:142,4,2,0
BRDA:152,5,0,0
BRDA:152,5,1,0
BRDA:162,6,0,0
BRDA:162,6,1,0
BRDA:170,7,0,0
BRDA:170,7,1,0
BRDA:179,8,0,0
BRDA:179,8,1,0
BRDA:187,9,0,0
BRDA:187,9,1,0
BRDA:202,10,0,0
BRDA:202,10,1,0
BRDA:230,11,0,0
BRDA:230,11,1,0
BRDA:239,12,0,0
BRDA:239,12,1,0
BRDA:240,13,0,0
BRDA:240,13,1,0
BRDA:247,14,0,0
BRDA:247,14,1,0
BRDA:251,15,0,0
BRDA:251,15,1,0
BRDA:255,16,0,0
BRDA:255,16,1,0
BRDA:258,17,0,0
BRDA:258,17,1,0
BRDA:267,18,0,0
BRDA:267,18,1,0
BRDA:280,19,0,0
BRDA:280,19,1,0
BRDA:283,20,0,0
BRDA:283,20,1,0
BRDA:293,21,0,0
BRDA:293,21,1,0
BRDA:296,22,0,0
BRDA:296,22,1,0
BRDA:297,23,0,0
BRDA:297,23,1,0
BRDA:303,24,0,0
BRDA:303,24,1,0
BRDA:320,25,0,0
BRDA:320,25,1,0
BRDA:328,26,0,0
BRDA:328,26,1,0
BRDA:333,27,0,0
BRDA:333,27,1,0
BRDA:346,28,0,0
BRDA:346,28,1,0
BRDA:346,29,0,0
BRDA:346,29,1,0
BRDA:363,30,0,0
BRDA:363,30,1,0
BRDA:392,31,0,0
BRDA:392,31,1,0
BRDA:403,32,0,0
BRDA:403,32,1,0
BRDA:455,33,0,0
BRDA:455,33,1,0
BRDA:460,34,0,0
BRDA:460,34,1,0
BRDA:468,35,0,0
BRDA:468,35,1,0
BRDA:482,36,0,0
BRDA:482,36,1,0
BRF:76
BRH:0
end_of_record
TN:
SF:routes\conversation.js
FN:24,(anonymous_0)
FN:66,(anonymous_1)
FN:81,(anonymous_2)
FN:83,(anonymous_3)
FN:88,(anonymous_4)
FN:89,(anonymous_5)
FN:117,(anonymous_6)
FN:141,(anonymous_7)
FN:168,translateText
FNF:9
FNH:0
FNDA:0,(anonymous_0)
FNDA:0,(anonymous_1)
FNDA:0,(anonymous_2)
FNDA:0,(anonymous_3)
FNDA:0,(anonymous_4)
FNDA:0,(anonymous_5)
FNDA:0,(anonymous_6)
FNDA:0,(anonymous_7)
FNDA:0,translateText
DA:7,0
DA:8,0
DA:9,0
DA:10,0
DA:11,0
DA:14,0
DA:24,0
DA:25,0
DA:26,0
DA:28,0
DA:29,0
DA:36,0
DA:37,0
DA:39,0
DA:40,0
DA:42,0
DA:43,0
DA:45,0
DA:46,0
DA:55,0
DA:56,0
DA:58,0
DA:66,0
DA:78,0
DA:79,0
DA:80,0
DA:81,0
DA:83,0
DA:88,0
DA:89,0
DA:90,0
DA:94,0
DA:102,0
DA:107,0
DA:109,0
DA:110,0
DA:111,0
DA:113,0
DA:114,0
DA:116,0
DA:117,0
DA:120,0
DA:128,0
DA:131,0
DA:138,0
DA:139,0
DA:140,0
DA:141,0
DA:142,0
DA:144,0
DA:147,0
DA:154,0
DA:156,0
DA:169,0
DA:170,0
DA:171,0
DA:178,0
DA:183,0
DA:185,0
DA:190,0
DA:193,0
LF:61
LH:0
BRDA:26,0,0,0
BRDA:26,1,0,0
BRDA:26,2,0,0
BRDA:28,3,0,0
BRDA:28,3,1,0
BRDA:28,4,0,0
BRDA:28,4,1,0
BRDA:37,5,0,0
BRDA:37,5,1,0
BRDA:40,6,0,0
BRDA:40,6,1,0
BRDA:42,7,0,0
BRDA:42,7,1,0
BRDA:43,8,0,0
BRDA:43,8,1,0
BRDA:49,9,0,0
BRDA:49,9,1,0
BRDA:55,10,0,0
BRDA:55,10,1,0
BRDA:58,11,0,0
BRDA:58,11,1,0
BRDA:60,12,0,0
BRDA:60,12,1,0
BRDA:62,13,0,0
BRDA:62,13,1,0
BRDA:66,14,0,0
BRDA:66,14,1,0
BRDA:79,15,0,0
BRDA:79,15,1,0
BRDA:79,16,0,0
BRDA:79,16,1,0
BRDA:83,17,0,0
BRDA:83,17,1,0
BRDA:88,18,0,0
BRDA:88,18,1,0
BRDA:90,19,0,0
BRDA:90,19,1,0
BRDA:96,20,0,0
BRDA:96,20,1,0
BRDA:97,21,0,0
BRDA:97,21,1,0
BRDA:98,22,0,0
BRDA:98,22,1,0
BRDA:107,23,0,0
BRDA:107,23,1,0
BRDA:107,24,0,0
BRDA:107,24,1,0
BRDA:113,25,0,0
BRDA:113,25,1,0
BRDA:125,26,0,0
BRDA:125,26,1,0
BRDA:139,27,0,0
BRDA:139,27,1,0
BRDA:150,28,0,0
BRDA:150,28,1,0
BRDA:169,29,0,0
BRDA:169,29,1,0
BRDA:171,30,0,0
BRDA:171,30,1,0
BRDA:171,31,0,0
BRDA:171,31,1,0
BRDA:183,32,0,0
BRDA:183,32,1,0
BRF:63
BRH:0
end_of_record
TN:
SF:routes\exercises.js
FN:13,(anonymous_0)
FNF:1
FNH:0
FNDA:0,(anonymous_0)
DA:6,0
DA:7,0
DA:8,0
DA:13,0
DA:14,0
DA:24,0
LF:6
LH:0
BRF:0
BRH:0
end_of_record
TN:
SF:routes\progress.js
FN:12,(anonymous_0)
FN:55,(anonymous_1)
FN:77,(anonymous_2)
FNF:3
FNH:0
FNDA:0,(anonymous_0)
FNDA:0,(anonymous_1)
FNDA:0,(anonymous_2)
DA:6,0
DA:7,0
DA:8,0
DA:9,0
DA:12,0
DA:13,0
DA:24,0
DA:26,0
DA:39,0
DA:46,0
DA:47,0
DA:55,0
DA:56,0
DA:57,0
DA:62,0
DA:69,0
DA:77,0
DA:78,0
DA:79,0
DA:81,0
DA:87,0
DA:94,0
DA:98,0
DA:102,0
DA:106,0
DA:118,0
DA:119,0
DA:126,0
LF:28
LH:0
BRDA:98,0,0,0
BRDA:98,0,1,0
BRDA:102,1,0,0
BRDA:102,1,1,0
BRF:4
BRH:0
end_of_record
TN:
SF:routes\speakingAgent.js
FN:37,(anonymous_0)
FN:86,(anonymous_1)
FN:190,(anonymous_2)
FN:238,(anonymous_3)
FN:256,(anonymous_4)
FN:339,detectGrammarErrors
FN:348,(anonymous_6)
FN:402,generateCorrectedSentence
FN:405,(anonymous_8)
FN:408,(anonymous_9)
FN:418,calculateGrammarScore
FN:425,(anonymous_11)
FN:433,calculateFluencyScore
FN:442,calculateComplexity
FN:459,generateFeedback
FN:477,generateRecommendations
FN:481,(anonymous_16)
FN:482,(anonymous_17)
FN:508,generateSpeakingExercises
FN:510,(anonymous_19)
FN:512,(anonymous_20)
FN:524,createExerciseForErrorType
FN:571,createGeneralExercise
FN:607,generateExercisesForLevel
FN:618,getDurationForLevel
FN:623,getDifficultyForLevel
FN:628,conjugateThirdPerson
FN:645,removeThirdPersonS
FN:659,getBaseForm
FNF:29
FNH:25
FNDA:10,(anonymous_0)
FNDA:0,(anonymous_1)
FNDA:2,(anonymous_2)
FNDA:2,(anonymous_3)
FNDA:1,(anonymous_4)
FNDA:9,detectGrammarErrors
FNDA:54,(anonymous_6)
FNDA:9,generateCorrectedSentence
FNDA:0,(anonymous_8)
FNDA:2,(anonymous_9)
FNDA:8,calculateGrammarScore
FNDA:1,(anonymous_11)
FNDA:8,calculateFluencyScore
FNDA:8,calculateComplexity
FNDA:8,generateFeedback
FNDA:8,generateRecommendations
FNDA:1,(anonymous_16)
FNDA:1,(anonymous_17)
FNDA:8,generateSpeakingExercises
FNDA:1,(anonymous_19)
FNDA:1,(anonymous_20)
FNDA:1,createExerciseForErrorType
FNDA:31,createGeneralExercise
FNDA:2,generateExercisesForLevel
FNDA:32,getDurationForLevel
FNDA:32,getDifficultyForLevel
FNDA:2,conjugateThirdPerson
FNDA:0,removeThirdPersonS
FNDA:0,getBaseForm
DA:7,1
DA:8,1
DA:9,1
DA:10,1
DA:11,1
DA:14,1
DA:22,1
DA:31,1
DA:37,1
DA:38,10
DA:45,10
DA:48,10
DA:49,1
DA:55,9
DA:56,1
DA:74,8
DA:75,8
DA:78,8
DA:79,0
DA:80,0
DA:84,0
DA:86,0
DA:87,0
DA:89,0
DA:90,0
DA:98,0
DA:102,0
DA:105,0
DA:106,0
DA:109,0
DA:113,0
DA:118,8
DA:119,8
DA:120,8
DA:121,8
DA:126,8
DA:128,8
DA:129,0
DA:130,0
DA:140,0
DA:141,0
DA:149,8
DA:156,8
DA:158,8
DA:160,8
DA:175,0
DA:177,0
DA:190,1
DA:191,2
DA:192,2
DA:194,2
DA:197,2
DA:198,0
DA:199,0
DA:204,0
DA:206,0
DA:209,0
DA:213,2
DA:220,0
DA:225,0
DA:238,1
DA:239,2
DA:240,2
DA:242,2
DA:243,1
DA:249,1
DA:250,1
DA:252,1
DA:256,1
DA:266,0
DA:268,0
DA:279,1
DA:340,9
DA:343,9
DA:344,0
DA:345,0
DA:348,9
DA:349,54
DA:352,54
DA:353,2
DA:354,2
DA:357,2
DA:358,2
DA:359,2
DA:360,2
DA:361,2
DA:362,2
DA:363,0
DA:364,0
DA:367,0
DA:368,0
DA:369,0
DA:370,0
DA:371,0
DA:373,0
DA:375,0
DA:376,0
DA:377,0
DA:378,0
DA:380,0
DA:381,0
DA:382,0
DA:385,2
DA:386,2
DA:399,9
DA:403,9
DA:404,9
DA:405,0
DA:408,9
DA:409,2
DA:415,9
DA:419,8
DA:421,1
DA:422,1
DA:424,1
DA:425,1
DA:428,1
DA:430,1
DA:434,8
DA:435,8
DA:436,8
DA:437,8
DA:439,8
DA:443,8
DA:446,8
DA:449,8
DA:451,8
DA:452,8
DA:453,8
DA:454,8
DA:456,8
DA:460,8
DA:461,0
DA:462,8
DA:463,0
DA:464,0
DA:468,8
DA:469,7
DA:470,1
DA:471,0
DA:473,1
DA:478,8
DA:480,8
DA:481,1
DA:482,1
DA:483,1
DA:487,8
DA:488,8
DA:493,8
DA:494,0
DA:499,8
DA:500,0
DA:505,8
DA:509,8
DA:510,8
DA:512,8
DA:513,1
DA:514,1
DA:517,8
DA:518,23
DA:521,8
DA:525,1
DA:556,1
DA:557,1
DA:559,1
DA:572,31
DA:596,31
DA:598,31
DA:608,2
DA:609,2
DA:611,2
DA:612,8
DA:615,2
DA:619,32
DA:620,32
DA:624,32
DA:625,32
DA:629,2
DA:630,2
DA:631,0
DA:633,2
DA:640,2
DA:642,0
DA:646,0
DA:647,0
DA:648,0
DA:650,0
DA:651,0
DA:653,0
DA:654,0
DA:656,0
DA:660,0
DA:668,0
DA:671,1
LF:194
LH:130
BRDA:41,0,0,0
BRDA:42,1,0,9
BRDA:48,2,0,1
BRDA:48,2,1,9
BRDA:48,3,0,10
BRDA:48,3,1,9
BRDA:55,4,0,1
BRDA:55,4,1,8
BRDA:55,5,0,9
BRDA:55,5,1,8
BRDA:78,6,0,0
BRDA:78,6,1,8
BRDA:84,7,0,0
BRDA:84,7,1,0
BRDA:84,8,0,0
BRDA:84,8,1,0
BRDA:87,9,0,0
BRDA:87,9,1,0
BRDA:93,10,0,0
BRDA:93,10,1,0
BRDA:94,11,0,0
BRDA:94,11,1,0
BRDA:105,12,0,0
BRDA:105,12,1,0
BRDA:128,13,0,0
BRDA:128,13,1,8
BRDA:140,14,0,0
BRDA:140,14,1,0
BRDA:164,15,0,1
BRDA:164,15,1,7
BRDA:181,16,0,0
BRDA:181,16,1,0
BRDA:192,17,0,1
BRDA:192,18,0,1
BRDA:192,19,0,1
BRDA:197,20,0,0
BRDA:197,20,1,2
BRDA:204,21,0,0
BRDA:204,21,1,0
BRDA:204,22,0,0
BRDA:204,22,1,0
BRDA:229,23,0,0
BRDA:229,23,1,0
BRDA:240,24,0,1
BRDA:242,25,0,1
BRDA:242,25,1,1
BRDA:242,26,0,2
BRDA:242,26,1,1
BRDA:272,27,0,0
BRDA:272,27,1,0
BRDA:343,28,0,0
BRDA:343,28,1,9
BRDA:357,29,0,2
BRDA:357,29,1,0
BRDA:359,30,0,2
BRDA:359,30,1,0
BRDA:361,31,0,2
BRDA:361,31,1,0
BRDA:363,32,0,0
BRDA:363,32,1,0
BRDA:367,33,0,0
BRDA:367,33,1,0
BRDA:368,34,0,0
BRDA:368,34,1,0
BRDA:370,35,0,0
BRDA:370,35,1,0
BRDA:373,36,0,0
BRDA:373,36,1,0
BRDA:375,37,0,0
BRDA:375,37,1,0
BRDA:377,38,0,0
BRDA:377,38,1,0
BRDA:380,39,0,0
BRDA:380,39,1,0
BRDA:385,40,0,2
BRDA:385,40,1,0
BRDA:419,41,0,7
BRDA:419,41,1,1
BRDA:449,42,0,8
BRDA:449,42,1,8
BRDA:452,43,0,0
BRDA:452,43,1,8
BRDA:453,44,0,0
BRDA:453,44,1,8
BRDA:454,45,0,0
BRDA:454,45,1,8
BRDA:460,46,0,0
BRDA:460,46,1,8
BRDA:462,47,0,0
BRDA:462,47,1,8
BRDA:468,48,0,7
BRDA:468,48,1,1
BRDA:470,49,0,0
BRDA:470,49,1,1
BRDA:480,50,0,1
BRDA:480,50,1,7
BRDA:487,51,0,8
BRDA:487,51,1,0
BRDA:493,52,0,0
BRDA:493,52,1,8
BRDA:499,53,0,0
BRDA:499,53,1,8
BRDA:514,54,0,1
BRDA:514,54,1,0
BRDA:557,55,0,0
BRDA:557,55,1,1
BRDA:620,56,0,32
BRDA:620,56,1,0
BRDA:625,57,0,32
BRDA:625,57,1,0
BRDA:630,58,0,0
BRDA:630,58,1,2
BRDA:630,59,0,2
BRDA:630,59,1,0
BRDA:633,60,0,2
BRDA:633,60,1,0
BRDA:634,61,0,2
BRDA:634,61,1,2
BRDA:634,61,2,2
BRDA:634,61,3,2
BRDA:634,61,4,2
BRDA:647,62,0,0
BRDA:647,62,1,0
BRDA:650,63,0,0
BRDA:650,63,1,0
BRDA:653,64,0,0
BRDA:653,64,1,0
BRDA:668,65,0,0
BRDA:668,65,1,0
BRF:129
BRH:56
end_of_record
TN:
SF:routes\speechToText.js
FN:42,(anonymous_0)
FN:97,(anonymous_1)
FN:98,(anonymous_2)
FN:99,(anonymous_3)
FN:111,(anonymous_4)
FN:139,(anonymous_5)
FNF:6
FNH:0
FNDA:0,(anonymous_0)
FNDA:0,(anonymous_1)
FNDA:0,(anonymous_2)
FNDA:0,(anonymous_3)
FNDA:0,(anonymous_4)
FNDA:0,(anonymous_5)
DA:7,0
DA:8,0
DA:9,0
DA:10,0
DA:15,0
DA:17,0
DA:19,0
DA:21,0
DA:22,0
DA:24,0
DA:28,0
DA:31,0
DA:32,0
DA:34,0
DA:35,0
DA:42,0
DA:43,0
DA:44,0
DA:45,0
DA:51,0
DA:53,0
DA:54,0
DA:60,0
DA:63,0
DA:67,0
DA:77,0
DA:83,0
DA:85,0
DA:86,0
DA:96,0
DA:97,0
DA:98,0
DA:99,0
DA:102,0
DA:103,0
DA:105,0
DA:107,0
DA:111,0
DA:125,0
DA:127,0
DA:139,0
DA:140,0
DA:142,0
DA:155,0
DA:162,0
DA:164,0
DA:172,0
LF:47
LH:0
BRDA:19,0,0,0
BRDA:19,0,1,0
BRDA:22,1,0,0
BRDA:22,1,1,0
BRDA:22,2,0,0
BRDA:22,2,1,0
BRDA:44,3,0,0
BRDA:44,3,1,0
BRDA:51,4,0,0
BRDA:51,5,0,0
BRDA:51,6,0,0
BRDA:53,7,0,0
BRDA:53,7,1,0
BRDA:85,8,0,0
BRDA:85,8,1,0
BRDA:85,9,0,0
BRDA:85,9,1,0
BRDA:102,10,0,0
BRDA:102,10,1,0
BRDA:103,11,0,0
BRDA:103,11,1,0
BRDA:113,12,0,0
BRDA:113,12,1,0
BRDA:114,13,0,0
BRDA:114,13,1,0
BRDA:115,14,0,0
BRDA:115,14,1,0
BRDA:130,15,0,0
BRDA:130,15,1,0
BRDA:167,16,0,0
BRDA:167,16,1,0
BRF:31
BRH:0
end_of_record
TN:
SF:routes\textToSpeech.js
FN:42,(anonymous_0)
FN:120,(anonymous_1)
FN:138,(anonymous_2)
FN:139,(anonymous_3)
FNF:4
FNH:0
FNDA:0,(anonymous_0)
FNDA:0,(anonymous_1)
FNDA:0,(anonymous_2)
FNDA:0,(anonymous_3)
DA:7,0
DA:8,0
DA:9,0
DA:10,0
DA:15,0
DA:17,0
DA:19,0
DA:21,0
DA:22,0
DA:24,0
DA:28,0
DA:31,0
DA:32,0
DA:34,0
DA:35,0
DA:42,0
DA:43,0
DA:44,0
DA:45,0
DA:51,0
DA:53,0
DA:54,0
DA:61,0
DA:62,0
DA:68,0
DA:71,0
DA:87,0
DA:90,0
DA:92,0
DA:94,0
DA:106,0
DA:108,0
DA:120,0
DA:121,0
DA:122,0
DA:123,0
DA:129,0
DA:131,0
DA:134,0
DA:137,0
DA:138,0
DA:139,0
DA:146,0
DA:148,0
DA:155,0
DA:157,0
DA:165,0
LF:47
LH:0
BRDA:19,0,0,0
BRDA:19,0,1,0
BRDA:22,1,0,0
BRDA:22,1,1,0
BRDA:22,2,0,0
BRDA:22,2,1,0
BRDA:44,3,0,0
BRDA:44,3,1,0
BRDA:51,4,0,0
BRDA:51,5,0,0
BRDA:51,6,0,0
BRDA:53,7,0,0
BRDA:53,7,1,0
BRDA:61,8,0,0
BRDA:61,8,1,0
BRDA:75,9,0,0
BRDA:75,9,1,0
BRDA:77,10,0,0
BRDA:77,10,1,0
BRDA:100,11,0,0
BRDA:100,11,1,0
BRDA:111,12,0,0
BRDA:111,12,1,0
BRDA:122,13,0,0
BRDA:122,13,1,0
BRDA:129,14,0,0
BRDA:129,14,1,0
BRDA:160,15,0,0
BRDA:160,15,1,0
BRF:29
BRH:0
end_of_record
TN:
SF:routes\translation.js
FN:24,(anonymous_0)
FNF:1
FNH:0
FNDA:0,(anonymous_0)
DA:7,0
DA:8,0
DA:9,0
DA:10,0
DA:11,0
DA:14,0
DA:24,0
DA:25,0
DA:26,0
DA:28,0
DA:29,0
DA:35,0
DA:36,0
DA:43,0
DA:44,0
DA:45,0
DA:52,0
DA:57,0
DA:58,0
DA:66,0
DA:71,0
DA:78,0
DA:79,0
DA:86,0
LF:24
LH:0
BRDA:26,0,0,0
BRDA:26,1,0,0
BRDA:28,2,0,0
BRDA:28,2,1,0
BRDA:28,3,0,0
BRDA:28,3,1,0
BRDA:35,4,0,0
BRDA:35,4,1,0
BRDA:43,5,0,0
BRDA:43,5,1,0
BRDA:45,6,0,0
BRDA:45,6,1,0
BRDA:45,7,0,0
BRDA:45,7,1,0
BRDA:57,8,0,0
BRDA:57,8,1,0
BRDA:81,9,0,0
BRDA:81,9,1,0
BRF:18
BRH:0
end_of_record
TN:
SF:routes\users.js
FN:12,(anonymous_0)
FN:27,(anonymous_1)
FN:32,(anonymous_2)
FNF:3
FNH:0
FNDA:0,(anonymous_0)
FNDA:0,(anonymous_1)
FNDA:0,(anonymous_2)
DA:6,0
DA:7,0
DA:8,0
DA:9,0
DA:12,0
DA:13,0
DA:14,0
DA:19,0
DA:27,0
DA:28,0
DA:29,0
DA:30,0
DA:32,0
DA:33,0
DA:34,0
DA:38,0
DA:40,0
DA:47,0
DA:54,0
LF:19
LH:0
BRDA:33,0,0,0
BRDA:33,0,1,0
BRF:2
BRH:0
end_of_record
TN:
SF:scripts\checkUser.js
FN:24,checkUser
FN:58,(anonymous_1)
FNF:2
FNH:0
FNDA:0,checkUser
FNDA:0,(anonymous_1)
DA:7,0
DA:8,0
DA:11,0
DA:12,0
DA:13,0
DA:15,0
DA:16,0
DA:18,0
DA:21,0
DA:22,0
DA:25,0
DA:26,0
DA:27,0
DA:28,0
DA:29,0
DA:30,0
DA:31,0
DA:33,0
DA:35,0
DA:40,0
DA:41,0
DA:42,0
DA:44,0
DA:48,0
DA:53,0
DA:54,0
DA:56,0
DA:57,0
DA:58,0
DA:59,0
DA:60,0
DA:61,0
DA:62,0
DA:63,0
DA:64,0
DA:65,0
DA:68,0
DA:72,0
DA:73,0
DA:74,0
DA:76,0
DA:78,0
DA:79,0
DA:83,0
DA:84,0
LF:45
LH:0
BRDA:12,0,0,0
BRDA:12,0,1,0
BRDA:15,1,0,0
BRDA:15,1,1,0
BRDA:33,2,0,0
BRDA:33,2,1,0
BRDA:40,3,0,0
BRDA:40,3,1,0
BRDA:56,4,0,0
BRDA:56,4,1,0
BRDA:64,5,0,0
BRDA:64,5,1,0
BRF:12
BRH:0
end_of_record
TN:
SF:scripts\testEmail.js
FN:56,testConnection
FN:133,sendTestEmail
FN:236,main
FN:269,(anonymous_3)
FNF:4
FNH:0
FNDA:0,testConnection
FNDA:0,sendTestEmail
FNDA:0,main
FNDA:0,(anonymous_3)
DA:12,0
DA:13,0
DA:16,0
DA:17,0
DA:19,0
DA:20,0
DA:21,0
DA:22,0
DA:23,0
DA:25,0
DA:29,0
DA:30,0
DA:33,0
DA:34,0
DA:35,0
DA:38,0
DA:42,0
DA:45,0
DA:57,0
DA:58,0
DA:59,0
DA:60,0
DA:61,0
DA:64,0
DA:65,0
DA:66,0
DA:67,0
DA:68,0
DA:69,0
DA:70,0
DA:71,0
DA:72,0
DA:73,0
DA:74,0
DA:77,0
DA:79,0
DA:80,0
DA:82,0
DA:83,0
DA:84,0
DA:85,0
DA:86,0
DA:87,0
DA:88,0
DA:89,0
DA:90,0
DA:91,0
DA:92,0
DA:93,0
DA:97,0
DA:98,0
DA:99,0
DA:100,0
DA:101,0
DA:102,0
DA:104,0
DA:105,0
DA:106,0
DA:108,0
DA:109,0
DA:110,0
DA:111,0
DA:112,0
DA:113,0
DA:114,0
DA:115,0
DA:116,0
DA:117,0
DA:118,0
DA:119,0
DA:120,0
DA:121,0
DA:122,0
DA:123,0
DA:124,0
DA:125,0
DA:127,0
DA:128,0
DA:134,0
DA:136,0
DA:137,0
DA:138,0
DA:139,0
DA:140,0
DA:141,0
DA:142,0
DA:145,0
DA:146,0
DA:147,0
DA:149,0
DA:206,0
DA:207,0
DA:208,0
DA:209,0
DA:210,0
DA:211,0
DA:212,0
DA:213,0
DA:214,0
DA:215,0
DA:216,0
DA:218,0
DA:219,0
DA:220,0
DA:222,0
DA:223,0
DA:224,0
DA:225,0
DA:226,0
DA:227,0
DA:228,0
DA:230,0
DA:231,0
DA:237,0
DA:239,0
DA:240,0
DA:241,0
DA:242,0
DA:243,0
DA:246,0
DA:247,0
DA:248,0
DA:252,0
DA:253,0
DA:254,0
DA:257,0
DA:258,0
DA:259,0
DA:260,0
DA:261,0
DA:262,0
DA:263,0
DA:264,0
DA:265,0
DA:269,0
DA:270,0
DA:271,0
LF:137
LH:0
BRDA:21,0,0,0
BRDA:21,0,1,0
BRDA:29,1,0,0
BRDA:29,1,1,0
BRDA:34,2,0,0
BRDA:34,2,1,0
BRDA:46,3,0,0
BRDA:46,3,1,0
BRDA:47,4,0,0
BRDA:47,4,1,0
BRDA:64,5,0,0
BRDA:64,5,1,0
BRDA:66,6,0,0
BRDA:66,6,1,0
BRDA:67,7,0,0
BRDA:67,7,1,0
BRDA:68,8,0,0
BRDA:68,8,1,0
BRDA:69,9,0,0
BRDA:69,9,1,0
BRDA:71,10,0,0
BRDA:71,10,1,0
BRDA:79,11,0,0
BRDA:79,11,1,0
BRDA:82,12,0,0
BRDA:82,12,1,0
BRDA:82,13,0,0
BRDA:82,13,1,0
BRDA:108,14,0,0
BRDA:108,14,1,0
BRDA:108,15,0,0
BRDA:108,15,1,0
BRDA:122,16,0,0
BRDA:122,16,1,0
BRDA:134,17,0,0
BRDA:134,17,1,0
BRDA:136,18,0,0
BRDA:136,18,1,0
BRDA:150,19,0,0
BRDA:150,19,1,0
BRDA:150,20,0,0
BRDA:150,20,1,0
BRDA:161,21,0,0
BRDA:161,21,1,0
BRDA:162,22,0,0
BRDA:162,22,1,0
BRDA:192,23,0,0
BRDA:192,23,1,0
BRDA:193,24,0,0
BRDA:193,24,1,0
BRDA:222,25,0,0
BRDA:222,25,1,0
BRDA:226,26,0,0
BRDA:226,26,1,0
BRDA:247,27,0,0
BRDA:247,27,1,0
BRDA:253,28,0,0
BRDA:253,28,1,0
BRF:58
BRH:0
end_of_record
TN:
SF:services\firebaseAdmin.js
FN:17,initializeFirebaseAdmin
FN:61,verifyIdToken
FN:81,getUserByUid
FN:108,getUserDataFromFirestore
FN:133,saveUserDataToFirestore
FN:152,getUserProgressFromFirestore
FN:164,(anonymous_6)
FN:177,firebaseAuthMiddleware
FN:190,(anonymous_8)
FN:195,(anonymous_9)
FNF:10
FNH:0
FNDA:0,initializeFirebaseAdmin
FNDA:0,verifyIdToken
FNDA:0,getUserByUid
FNDA:0,getUserDataFromFirestore
FNDA:0,saveUserDataToFirestore
FNDA:0,getUserProgressFromFirestore
FNDA:0,(anonymous_6)
FNDA:0,firebaseAuthMiddleware
FNDA:0,(anonymous_8)
FNDA:0,(anonymous_9)
DA:8,0
DA:9,0
DA:10,0
DA:12,0
DA:18,0
DA:19,0
DA:22,0
DA:24,0
DA:27,0
DA:28,0
DA:29,0
DA:30,0
DA:31,0
DA:34,0
DA:37,0
DA:42,0
DA:43,0
DA:45,0
DA:51,0
DA:52,0
DA:62,0
DA:63,0
DA:64,0
DA:65,0
DA:68,0
DA:69,0
DA:71,0
DA:72,0
DA:82,0
DA:83,0
DA:84,0
DA:85,0
DA:88,0
DA:89,0
DA:98,0
DA:99,0
DA:109,0
DA:110,0
DA:111,0
DA:112,0
DA:115,0
DA:116,0
DA:117,0
DA:120,0
DA:122,0
DA:123,0
DA:134,0
DA:135,0
DA:136,0
DA:137,0
DA:140,0
DA:142,0
DA:143,0
DA:153,0
DA:154,0
DA:155,0
DA:156,0
DA:159,0
DA:164,0
DA:169,0
DA:170,0
DA:178,0
DA:180,0
DA:181,0
DA:187,0
DA:189,0
DA:191,0
DA:192,0
DA:193,0
DA:196,0
DA:205,0
DA:207,0
LF:72
LH:0
BRDA:18,0,0,0
BRDA:18,0,1,0
BRDA:24,1,0,0
BRDA:24,1,1,0
BRDA:27,2,0,0
BRDA:27,2,1,0
BRDA:39,3,0,0
BRDA:39,3,1,0
BRDA:64,4,0,0
BRDA:64,4,1,0
BRDA:84,5,0,0
BRDA:84,5,1,0
BRDA:111,6,0,0
BRDA:111,6,1,0
BRDA:116,7,0,0
BRDA:116,7,1,0
BRDA:136,8,0,0
BRDA:136,8,1,0
BRDA:155,9,0,0
BRDA:155,9,1,0
BRDA:180,10,0,0
BRDA:180,10,1,0
BRDA:180,11,0,0
BRDA:180,11,1,0
BRDA:215,12,0,0
BRDA:215,12,1,0
BRF:26
BRH:0
end_of_record
TN:
SF:services\ollamaService.js
FN:15,(anonymous_0)
FN:56,(anonymous_1)
FN:75,(anonymous_2)
FN:137,(anonymous_3)
FN:201,(anonymous_4)
FN:255,(anonymous_5)
FNF:6
FNH:2
FNDA:1,(anonymous_0)
FNDA:18,(anonymous_1)
FNDA:0,(anonymous_2)
FNDA:0,(anonymous_3)
FNDA:0,(anonymous_4)
FNDA:0,(anonymous_5)
DA:11,1
DA:12,1
DA:17,1
DA:20,1
DA:21,1
DA:22,1
DA:23,1
DA:26,1
DA:27,0
DA:31,1
DA:32,0
DA:36,1
DA:37,1
DA:38,0
DA:41,1
DA:42,1
DA:44,0
DA:45,0
DA:46,0
DA:49,1
DA:50,1
DA:57,18
DA:58,18
DA:61,0
DA:62,0
DA:65,0
DA:67,0
DA:68,0
DA:76,0
DA:77,0
DA:80,0
DA:100,0
DA:101,0
DA:117,0
DA:120,0
DA:121,0
DA:122,0
DA:123,0
DA:124,0
DA:127,0
DA:129,0
DA:130,0
DA:138,0
DA:139,0
DA:143,0
DA:145,0
DA:164,0
DA:165,0
DA:180,0
DA:181,0
DA:183,0
DA:184,0
DA:185,0
DA:188,0
DA:191,0
DA:193,0
DA:194,0
DA:207,0
DA:208,0
DA:211,0
DA:227,0
DA:228,0
DA:243,0
DA:244,0
DA:245,0
DA:247,0
DA:248,0
DA:256,0
DA:257,0
DA:260,0
DA:261,0
DA:278,0
DA:279,0
DA:280,0
DA:282,0
DA:283,0
DA:288,1
LF:77
LH:18
BRDA:17,0,0,1
BRDA:17,0,1,1
BRDA:26,1,0,0
BRDA:26,1,1,1
BRDA:31,2,0,0
BRDA:31,2,1,1
BRDA:36,3,0,1
BRDA:36,3,1,0
BRDA:36,4,0,0
BRDA:36,4,1,0
BRDA:37,5,0,0
BRDA:37,5,1,1
BRDA:37,6,0,1
BRDA:37,6,1,1
BRDA:50,7,0,1
BRDA:50,7,1,1
BRDA:57,8,0,18
BRDA:57,8,1,0
BRDA:75,9,0,0
BRDA:76,10,0,0
BRDA:76,10,1,0
BRDA:121,11,0,0
BRDA:121,11,1,0
BRDA:137,12,0,0
BRDA:137,13,0,0
BRDA:138,14,0,0
BRDA:138,14,1,0
BRDA:143,15,0,0
BRDA:143,15,1,0
BRDA:183,16,0,0
BRDA:183,16,1,0
BRDA:186,17,0,0
BRDA:186,17,1,0
BRDA:188,18,0,0
BRDA:188,18,1,0
BRDA:207,19,0,0
BRDA:207,19,1,0
BRDA:255,20,0,0
BRDA:256,21,0,0
BRDA:256,21,1,0
BRDA:268,22,0,0
BRDA:268,22,1,0
BRDA:269,23,0,0
BRDA:269,23,1,0
BRDA:270,24,0,0
BRDA:270,24,1,0
BRDA:274,25,0,0
BRDA:274,25,1,0
BRDA:280,26,0,0
BRDA:280,26,1,0
BRF:50
BRH:11
end_of_record
TN:
SF:utils\dbMonitoring.js
FN:11,setupSequelizeMetrics
FN:15,(anonymous_1)
FN:20,(anonymous_2)
FN:30,(anonymous_3)
FN:39,(anonymous_4)
FN:44,(anonymous_5)
FN:48,(anonymous_6)
FNF:7
FNH:0
FNDA:0,setupSequelizeMetrics
FNDA:0,(anonymous_1)
FNDA:0,(anonymous_2)
FNDA:0,(anonymous_3)
FNDA:0,(anonymous_4)
FNDA:0,(anonymous_5)
FNDA:0,(anonymous_6)
DA:8,0
DA:12,0
DA:15,0
DA:16,0
DA:20,0
DA:21,0
DA:22,0
DA:23,0
DA:25,0
DA:26,0
DA:30,0
DA:31,0
DA:32,0
DA:33,0
DA:34,0
DA:39,0
DA:40,0
DA:41,0
DA:44,0
DA:45,0
DA:48,0
DA:49,0
DA:50,0
DA:54,0
LF:24
LH:0
BRDA:22,0,0,0
BRDA:22,0,1,0
BRDA:23,1,0,0
BRDA:23,1,1,0
BRDA:23,1,2,0
BRDA:31,2,0,0
BRDA:31,2,1,0
BRDA:31,3,0,0
BRDA:31,3,1,0
BRDA:32,4,0,0
BRDA:32,4,1,0
BRDA:33,5,0,0
BRDA:33,5,1,0
BRDA:33,5,2,0
BRF:14
BRH:0
end_of_record
TN:
SF:utils\emailService.js
FN:20,(anonymous_0)
FN:31,(anonymous_1)
FN:92,(anonymous_2)
FN:165,(anonymous_3)
FNF:4
FNH:0
FNDA:0,(anonymous_0)
FNDA:0,(anonymous_1)
FNDA:0,(anonymous_2)
FNDA:0,(anonymous_3)
DA:6,0
DA:9,0
DA:20,0
DA:21,0
DA:22,0
DA:24,0
DA:31,0
DA:32,0
DA:33,0
DA:35,0
DA:86,0
DA:92,0
DA:93,0
DA:95,0
DA:159,0
DA:165,0
DA:166,0
DA:232,0
DA:235,0
LF:19
LH:0
BRDA:11,0,0,0
BRDA:11,0,1,0
BRDA:21,1,0,0
BRDA:21,1,1,0
BRDA:32,2,0,0
BRDA:32,2,1,0
BRF:6
BRH:0
end_of_record
TN:
SF:utils\firebaseMetrics.js
FN:14,firebaseMetricsMiddleware
FN:18,(anonymous_1)
FN:45,trackFirebaseCall
FNF:3
FNH:0
FNDA:0,firebaseMetricsMiddleware
FNDA:0,(anonymous_1)
FNDA:0,trackFirebaseCall
DA:8,0
DA:15,0
DA:18,0
DA:19,0
DA:20,0
DA:21,0
DA:22,0
DA:25,0
DA:30,0
DA:36,0
DA:46,0
DA:47,0
DA:48,0
DA:49,0
DA:51,0
DA:56,0
DA:61,0
DA:63,0
DA:65,0
DA:70,0
DA:75,0
DA:79,0
LF:22
LH:0
BRDA:20,0,0,0
BRDA:20,0,1,0
BRDA:21,1,0,0
BRDA:21,1,1,0
BRDA:22,2,0,0
BRDA:22,2,1,0
BRF:6
BRH:0
end_of_record
TN:
SF:utils\logger.js
FN:30,(anonymous_0)
FN:93,(anonymous_1)
FN:98,(anonymous_2)
FN:103,(anonymous_3)
FN:108,(anonymous_4)
FNF:5
FNH:1
FNDA:9,(anonymous_0)
FNDA:0,(anonymous_1)
FNDA:0,(anonymous_2)
FNDA:0,(anonymous_3)
FNDA:0,(anonymous_4)
DA:8,1
DA:9,1
DA:10,1
DA:13,1
DA:14,1
DA:15,0
DA:19,1
DA:27,1
DA:31,9
DA:32,9
DA:33,9
DA:35,9
DA:40,1
DA:81,1
DA:93,1
DA:94,0
DA:98,1
DA:99,0
DA:103,1
DA:104,0
DA:108,1
DA:109,0
DA:112,1
LF:23
LH:18
BRDA:14,0,0,0
BRDA:14,0,1,1
BRDA:32,1,0,9
BRDA:32,1,1,0
BRDA:43,2,0,1
BRDA:43,2,1,1
BRDA:43,3,0,0
BRDA:43,3,1,1
BRDA:44,4,0,0
BRDA:44,4,1,1
BRDA:82,5,0,1
BRDA:82,5,1,1
BRDA:82,6,0,0
BRDA:82,6,1,1
BRDA:86,7,0,1
BRDA:86,7,1,0
BRDA:93,8,0,0
BRDA:98,9,0,0
BRDA:103,10,0,0
BRDA:108,11,0,0
BRDA:109,12,0,0
BRDA:109,12,1,0
BRF:22
BRH:10
end_of_record
TN:
SF:utils\metrics.js
FN:153,updateSystemMetrics
FN:163,(anonymous_1)
FN:164,(anonymous_2)
FN:176,metricsMiddleware
FN:184,(anonymous_4)
FN:201,getMetrics
FNF:6
FNH:0
FNDA:0,updateSystemMetrics
FNDA:0,(anonymous_1)
FNDA:0,(anonymous_2)
FNDA:0,metricsMiddleware
FNDA:0,(anonymous_4)
FNDA:0,getMetrics
DA:8,0
DA:9,0
DA:12,0
DA:15,0
DA:26,0
DA:33,0
DA:39,0
DA:46,0
DA:53,0
DA:59,0
DA:64,0
DA:71,0
DA:77,0
DA:84,0
DA:90,0
DA:98,0
DA:103,0
DA:109,0
DA:116,0
DA:122,0
DA:127,0
DA:134,0
DA:135,0
DA:136,0
DA:137,0
DA:138,0
DA:139,0
DA:140,0
DA:141,0
DA:142,0
DA:143,0
DA:144,0
DA:145,0
DA:146,0
DA:147,0
DA:148,0
DA:149,0
DA:150,0
DA:155,0
DA:156,0
DA:157,0
DA:158,0
DA:159,0
DA:162,0
DA:163,0
DA:164,0
DA:165,0
DA:166,0
DA:168,0
DA:172,0
DA:173,0
DA:177,0
DA:178,0
DA:181,0
DA:184,0
DA:185,0
DA:186,0
DA:189,0
DA:193,0
DA:194,0
DA:197,0
DA:202,0
DA:205,0
LF:63
LH:0
BRDA:178,0,0,0
BRDA:178,0,1,0
BRF:2
BRH:0
end_of_record
