TN:
SF:server.js
FN:39,(anonymous_0)
FN:43,(anonymous_1)
FN:75,(anonymous_2)
FN:103,(anonymous_3)
FN:111,(anonymous_4)
FN:119,(anonymous_5)
FN:163,(anonymous_6)
FN:198,(anonymous_7)
FN:201,(anonymous_8)
FN:210,(anonymous_9)
FN:220,(anonymous_10)
FN:260,(anonymous_11)
FN:271,(anonymous_12)
FN:289,(anonymous_13)
FN:311,(anonymous_14)
FN:313,(anonymous_15)
FN:319,(anonymous_16)
FN:321,(anonymous_17)
FNF:18
FNH:0
FNDA:0,(anonymous_0)
FNDA:0,(anonymous_1)
FNDA:0,(anonymous_2)
FNDA:0,(anonymous_3)
FNDA:0,(anonymous_4)
FNDA:0,(anonymous_5)
FNDA:0,(anonymous_6)
FNDA:0,(anonymous_7)
FNDA:0,(anonymous_8)
FNDA:0,(anonymous_9)
FNDA:0,(anonymous_10)
FNDA:0,(anonymous_11)
FNDA:0,(anonymous_12)
FNDA:0,(anonymous_13)
FNDA:0,(anonymous_14)
FNDA:0,(anonymous_15)
FNDA:0,(anonymous_16)
FNDA:0,(anonymous_17)
DA:7,0
DA:8,0
DA:9,0
DA:10,0
DA:11,0
DA:12,0
DA:13,0
DA:14,0
DA:18,0
DA:19,0
DA:21,0
DA:22,0
DA:24,0
DA:27,0
DA:28,0
DA:29,0
DA:31,0
DA:32,0
DA:38,0
DA:39,0
DA:41,0
DA:42,0
DA:43,0
DA:44,0
DA:45,0
DA:49,0
DA:50,0
DA:51,0
DA:52,0
DA:53,0
DA:58,0
DA:59,0
DA:62,0
DA:63,0
DA:66,0
DA:67,0
DA:74,0
DA:75,0
DA:77,0
DA:78,0
DA:80,0
DA:85,0
DA:103,0
DA:104,0
DA:106,0
DA:110,0
DA:111,0
DA:115,0
DA:118,0
DA:120,0
DA:123,0
DA:124,0
DA:127,0
DA:128,0
DA:130,0
DA:139,0
DA:142,0
DA:149,0
DA:152,0
DA:159,0
DA:165,0
DA:174,0
DA:175,0
DA:178,0
DA:181,0
DA:184,0
DA:185,0
DA:187,0
DA:194,0
DA:197,0
DA:199,0
DA:202,0
DA:210,0
DA:211,0
DA:220,0
DA:221,0
DA:253,0
DA:254,0
DA:255,0
DA:256,0
DA:257,0
DA:260,0
DA:261,0
DA:271,0
DA:272,0
DA:274,0
DA:275,0
DA:277,0
DA:288,0
DA:289,0
DA:290,0
DA:291,0
DA:292,0
DA:293,0
DA:294,0
DA:295,0
DA:296,0
DA:297,0
DA:298,0
DA:299,0
DA:300,0
DA:301,0
DA:302,0
DA:303,0
DA:304,0
DA:305,0
DA:306,0
DA:307,0
DA:311,0
DA:312,0
DA:313,0
DA:314,0
DA:315,0
DA:319,0
DA:320,0
DA:321,0
DA:322,0
DA:323,0
DA:327,0
LF:119
LH:0
BRDA:22,0,0,0
BRDA:22,0,1,0
BRDA:27,1,0,0
BRDA:27,1,1,0
BRDA:41,2,0,0
BRDA:41,2,1,0
BRDA:49,3,0,0
BRDA:49,3,1,0
BRDA:50,4,0,0
BRDA:50,4,1,0
BRDA:58,5,0,0
BRDA:58,5,1,0
BRDA:58,6,0,0
BRDA:58,6,1,0
BRDA:62,7,0,0
BRDA:62,7,1,0
BRDA:62,8,0,0
BRDA:62,8,1,0
BRDA:67,9,0,0
BRDA:67,9,1,0
BRDA:74,10,0,0
BRDA:74,10,1,0
BRDA:77,11,0,0
BRDA:77,11,1,0
BRDA:77,12,0,0
BRDA:77,12,1,0
BRDA:104,13,0,0
BRDA:104,13,1,0
BRDA:110,14,0,0
BRDA:110,14,1,0
BRDA:123,15,0,0
BRDA:123,15,1,0
BRDA:123,16,0,0
BRDA:123,16,1,0
BRDA:127,17,0,0
BRDA:127,17,1,0
BRDA:127,18,0,0
BRDA:127,18,1,0
BRDA:143,19,0,0
BRDA:143,19,1,0
BRDA:144,20,0,0
BRDA:144,20,1,0
BRDA:184,21,0,0
BRDA:184,21,1,0
BRDA:274,22,0,0
BRDA:274,22,1,0
BRDA:275,23,0,0
BRDA:275,23,1,0
BRDA:280,24,0,0
BRDA:280,24,1,0
BRDA:288,25,0,0
BRDA:288,25,1,0
BRF:52
BRH:0
end_of_record
TN:
SF:database/connection.js
FN:39,(anonymous_0)
FN:42,(anonymous_1)
FNF:2
FNH:1
FNDA:2,(anonymous_0)
FNDA:0,(anonymous_1)
DA:6,2
DA:7,2
DA:10,2
DA:37,2
DA:40,2
DA:43,0
DA:46,2
LF:7
LH:6
BRDA:13,0,0,0
BRDA:13,0,1,2
BRF:2
BRH:1
end_of_record
TN:
SF:database/seed.js
FN:10,seed
FNF:1
FNH:0
FNDA:0,seed
DA:6,0
DA:7,0
DA:8,0
DA:11,0
DA:12,0
DA:15,0
DA:18,0
DA:19,0
DA:21,0
DA:22,0
DA:23,0
DA:24,0
DA:28,0
DA:30,0
DA:31,0
DA:32,0
DA:33,0
DA:36,0
DA:48,0
DA:49,0
DA:50,0
DA:51,0
DA:52,0
DA:53,0
DA:54,0
DA:55,0
DA:56,0
DA:59,0
DA:60,0
DA:62,0
DA:66,0
LF:31
LH:0
BRDA:18,0,0,0
BRDA:18,0,1,0
BRDA:21,1,0,0
BRDA:21,1,1,0
BRDA:30,2,0,0
BRDA:30,2,1,0
BRF:6
BRH:0
end_of_record
TN:
SF:middleware/auth.js
FN:9,(anonymous_0)
FN:59,(anonymous_1)
FNF:2
FNH:0
FNDA:0,(anonymous_0)
FNDA:0,(anonymous_1)
DA:6,0
DA:7,0
DA:9,0
DA:10,0
DA:12,0
DA:14,0
DA:15,0
DA:22,0
DA:25,0
DA:27,0
DA:28,0
DA:35,0
DA:36,0
DA:37,0
DA:40,0
DA:41,0
DA:46,0
DA:47,0
DA:52,0
DA:59,0
DA:60,0
DA:61,0
DA:66,0
DA:69,0
LF:24
LH:0
BRDA:14,0,0,0
BRDA:14,0,1,0
BRDA:27,1,0,0
BRDA:27,1,1,0
BRDA:27,2,0,0
BRDA:27,2,1,0
BRDA:40,3,0,0
BRDA:40,3,1,0
BRDA:46,4,0,0
BRDA:46,4,1,0
BRDA:60,5,0,0
BRDA:60,5,1,0
BRDA:60,6,0,0
BRDA:60,6,1,0
BRF:14
BRH:0
end_of_record
TN:
SF:models/AssessmentResult.js
FNF:0
FNH:0
DA:6,0
DA:7,0
DA:8,0
DA:10,0
DA:82,0
DA:83,0
DA:85,0
LF:7
LH:0
BRF:0
BRH:0
end_of_record
TN:
SF:models/LearningPlan.js
FNF:0
FNH:0
DA:6,0
DA:7,0
DA:8,0
DA:10,0
DA:78,0
DA:79,0
DA:81,0
LF:7
LH:0
BRF:0
BRH:0
end_of_record
TN:
SF:models/User.js
FN:82,(anonymous_0)
FN:96,(anonymous_1)
FN:101,(anonymous_2)
FNF:3
FNH:0
FNDA:0,(anonymous_0)
FNDA:0,(anonymous_1)
FNDA:0,(anonymous_2)
DA:6,1
DA:7,1
DA:8,1
DA:10,1
DA:82,1
DA:84,0
DA:85,0
DA:89,0
DA:90,0
DA:91,0
DA:96,1
DA:97,0
DA:101,1
DA:102,0
DA:103,0
DA:104,0
DA:105,0
DA:106,0
DA:109,1
LF:19
LH:8
BRDA:84,0,0,0
BRDA:84,0,1,0
BRDA:89,1,0,0
BRDA:89,1,1,0
BRF:4
BRH:0
end_of_record
TN:
SF:models/UserProgress.js
FNF:0
FNH:0
DA:6,0
DA:7,0
DA:8,0
DA:10,0
DA:71,0
DA:72,0
DA:74,0
LF:7
LH:0
BRF:0
BRH:0
end_of_record
TN:
SF:routes/admin.js
FN:17,(anonymous_0)
FN:46,(anonymous_1)
FN:77,(anonymous_2)
FNF:3
FNH:0
FNDA:0,(anonymous_0)
FNDA:0,(anonymous_1)
FNDA:0,(anonymous_2)
DA:6,0
DA:7,0
DA:8,0
DA:9,0
DA:10,0
DA:11,0
DA:14,0
DA:17,0
DA:18,0
DA:19,0
DA:20,0
DA:22,0
DA:29,0
DA:38,0
DA:46,0
DA:47,0
DA:48,0
DA:49,0
DA:50,0
DA:52,0
DA:53,0
DA:55,0
DA:69,0
DA:77,0
DA:78,0
DA:79,0
DA:81,0
DA:82,0
DA:88,0
DA:89,0
DA:95,0
DA:96,0
DA:98,0
DA:104,0
DA:111,0
LF:35
LH:0
BRDA:19,0,0,0
BRDA:19,1,0,0
BRDA:81,2,0,0
BRDA:81,2,1,0
BRDA:88,3,0,0
BRDA:88,3,1,0
BRF:6
BRH:0
end_of_record
TN:
SF:routes/auth.js
FN:22,(anonymous_0)
FN:43,(anonymous_1)
FN:136,(anonymous_2)
FN:219,(anonymous_3)
FN:257,(anonymous_4)
FN:337,(anonymous_5)
FN:386,(anonymous_6)
FNF:7
FNH:4
FNDA:0,(anonymous_0)
FNDA:8,(anonymous_1)
FNDA:10,(anonymous_2)
FNDA:4,(anonymous_3)
FNDA:0,(anonymous_4)
FNDA:4,(anonymous_5)
FNDA:0,(anonymous_6)
DA:6,1
DA:7,1
DA:8,1
DA:9,1
DA:10,1
DA:11,1
DA:12,1
DA:13,1
DA:14,1
DA:15,1
DA:18,1
DA:24,0
DA:32,1
DA:44,8
DA:46,8
DA:54,8
DA:55,8
DA:57,4
DA:58,4
DA:60,4
DA:62,4
DA:69,4
DA:72,4
DA:73,4
DA:74,1
DA:81,3
DA:82,3
DA:85,3
DA:95,2
DA:96,2
DA:98,1
DA:105,2
DA:113,1
DA:114,1
DA:126,1
DA:137,10
DA:138,10
DA:139,10
DA:141,2
DA:142,2
DA:144,2
DA:152,8
DA:153,8
DA:156,8
DA:162,8
DA:163,1
DA:170,7
DA:171,1
DA:178,6
DA:179,6
DA:180,1
DA:187,5
DA:188,5
DA:191,4
DA:197,4
DA:205,1
DA:206,1
DA:219,1
DA:220,4
DA:221,4
DA:223,4
DA:230,4
DA:232,1
DA:236,3
DA:237,3
DA:238,3
DA:239,3
DA:242,1
DA:249,1
DA:251,2
DA:252,2
DA:257,1
DA:258,0
DA:259,0
DA:262,0
DA:269,0
DA:270,0
DA:277,0
DA:279,0
DA:285,0
DA:295,0
DA:296,0
DA:303,0
DA:304,0
DA:305,0
DA:306,0
DA:309,0
DA:315,0
DA:323,0
DA:324,0
DA:335,1
DA:338,4
DA:339,4
DA:341,4
DA:342,4
DA:344,2
DA:351,2
DA:352,2
DA:354,2
DA:355,2
DA:356,2
DA:359,2
DA:361,1
DA:367,1
DA:368,1
DA:380,1
DA:387,0
DA:388,0
DA:389,0
DA:391,0
DA:398,0
DA:399,0
DA:405,0
DA:406,0
DA:407,0
DA:408,0
DA:410,0
DA:416,0
DA:417,0
DA:425,1
LF:120
LH:88
BRDA:55,0,0,4
BRDA:55,0,1,4
BRDA:58,1,0,4
BRDA:58,1,1,0
BRDA:58,1,2,0
BRDA:73,2,0,1
BRDA:73,2,1,3
BRDA:139,3,0,2
BRDA:139,3,1,8
BRDA:142,4,0,2
BRDA:142,4,1,0
BRDA:142,4,2,0
BRDA:152,5,0,8
BRDA:152,5,1,0
BRDA:162,6,0,1
BRDA:162,6,1,7
BRDA:170,7,0,1
BRDA:170,7,1,6
BRDA:179,8,0,1
BRDA:179,8,1,5
BRDA:194,9,0,4
BRDA:194,9,1,4
BRDA:230,10,0,1
BRDA:230,10,1,3
BRDA:232,11,0,1
BRDA:232,11,1,1
BRDA:245,12,0,1
BRDA:245,12,1,1
BRDA:249,13,0,1
BRDA:249,13,1,1
BRDA:252,14,0,2
BRDA:252,14,1,2
BRDA:269,15,0,0
BRDA:269,15,1,0
BRDA:277,16,0,0
BRDA:277,16,1,0
BRDA:282,17,0,0
BRDA:282,17,1,0
BRDA:295,18,0,0
BRDA:295,18,1,0
BRDA:295,19,0,0
BRDA:295,19,1,0
BRDA:312,20,0,0
BRDA:312,20,1,0
BRDA:342,21,0,2
BRDA:342,21,1,2
BRDA:398,22,0,0
BRDA:398,22,1,0
BRF:48
BRH:29
end_of_record
TN:
SF:routes/exercises.js
FN:13,(anonymous_0)
FNF:1
FNH:0
FNDA:0,(anonymous_0)
DA:6,0
DA:7,0
DA:8,0
DA:13,0
DA:14,0
DA:24,0
LF:6
LH:0
BRF:0
BRH:0
end_of_record
TN:
SF:routes/progress.js
FN:12,(anonymous_0)
FN:55,(anonymous_1)
FN:77,(anonymous_2)
FNF:3
FNH:0
FNDA:0,(anonymous_0)
FNDA:0,(anonymous_1)
FNDA:0,(anonymous_2)
DA:6,0
DA:7,0
DA:8,0
DA:9,0
DA:12,0
DA:13,0
DA:24,0
DA:26,0
DA:39,0
DA:46,0
DA:47,0
DA:55,0
DA:56,0
DA:57,0
DA:62,0
DA:69,0
DA:77,0
DA:78,0
DA:79,0
DA:81,0
DA:87,0
DA:94,0
DA:98,0
DA:102,0
DA:106,0
DA:118,0
DA:119,0
DA:126,0
LF:28
LH:0
BRDA:98,0,0,0
BRDA:98,0,1,0
BRDA:102,1,0,0
BRDA:102,1,1,0
BRF:4
BRH:0
end_of_record
TN:
SF:routes/users.js
FN:12,(anonymous_0)
FN:27,(anonymous_1)
FN:32,(anonymous_2)
FNF:3
FNH:0
FNDA:0,(anonymous_0)
FNDA:0,(anonymous_1)
FNDA:0,(anonymous_2)
DA:6,0
DA:7,0
DA:8,0
DA:9,0
DA:12,0
DA:13,0
DA:14,0
DA:19,0
DA:27,0
DA:28,0
DA:29,0
DA:30,0
DA:32,0
DA:33,0
DA:34,0
DA:38,0
DA:40,0
DA:47,0
DA:54,0
LF:19
LH:0
BRDA:33,0,0,0
BRDA:33,0,1,0
BRF:2
BRH:0
end_of_record
TN:
SF:scripts/checkUser.js
FN:24,checkUser
FN:58,(anonymous_1)
FNF:2
FNH:0
FNDA:0,checkUser
FNDA:0,(anonymous_1)
DA:7,0
DA:8,0
DA:11,0
DA:12,0
DA:13,0
DA:15,0
DA:16,0
DA:18,0
DA:21,0
DA:22,0
DA:25,0
DA:26,0
DA:27,0
DA:28,0
DA:29,0
DA:30,0
DA:31,0
DA:33,0
DA:35,0
DA:40,0
DA:41,0
DA:42,0
DA:44,0
DA:48,0
DA:53,0
DA:54,0
DA:56,0
DA:57,0
DA:58,0
DA:59,0
DA:60,0
DA:61,0
DA:62,0
DA:63,0
DA:64,0
DA:65,0
DA:68,0
DA:72,0
DA:73,0
DA:74,0
DA:76,0
DA:78,0
DA:79,0
DA:83,0
DA:84,0
LF:45
LH:0
BRDA:12,0,0,0
BRDA:12,0,1,0
BRDA:15,1,0,0
BRDA:15,1,1,0
BRDA:33,2,0,0
BRDA:33,2,1,0
BRDA:40,3,0,0
BRDA:40,3,1,0
BRDA:56,4,0,0
BRDA:56,4,1,0
BRDA:64,5,0,0
BRDA:64,5,1,0
BRF:12
BRH:0
end_of_record
TN:
SF:scripts/testEmail.js
FN:56,testConnection
FN:133,sendTestEmail
FN:236,main
FN:269,(anonymous_3)
FNF:4
FNH:0
FNDA:0,testConnection
FNDA:0,sendTestEmail
FNDA:0,main
FNDA:0,(anonymous_3)
DA:12,0
DA:13,0
DA:16,0
DA:17,0
DA:19,0
DA:20,0
DA:21,0
DA:22,0
DA:23,0
DA:25,0
DA:29,0
DA:30,0
DA:33,0
DA:34,0
DA:35,0
DA:38,0
DA:42,0
DA:45,0
DA:57,0
DA:58,0
DA:59,0
DA:60,0
DA:61,0
DA:64,0
DA:65,0
DA:66,0
DA:67,0
DA:68,0
DA:69,0
DA:70,0
DA:71,0
DA:72,0
DA:73,0
DA:74,0
DA:77,0
DA:79,0
DA:80,0
DA:82,0
DA:83,0
DA:84,0
DA:85,0
DA:86,0
DA:87,0
DA:88,0
DA:89,0
DA:90,0
DA:91,0
DA:92,0
DA:93,0
DA:97,0
DA:98,0
DA:99,0
DA:100,0
DA:101,0
DA:102,0
DA:104,0
DA:105,0
DA:106,0
DA:108,0
DA:109,0
DA:110,0
DA:111,0
DA:112,0
DA:113,0
DA:114,0
DA:115,0
DA:116,0
DA:117,0
DA:118,0
DA:119,0
DA:120,0
DA:121,0
DA:122,0
DA:123,0
DA:124,0
DA:125,0
DA:127,0
DA:128,0
DA:134,0
DA:136,0
DA:137,0
DA:138,0
DA:139,0
DA:140,0
DA:141,0
DA:142,0
DA:145,0
DA:146,0
DA:147,0
DA:149,0
DA:206,0
DA:207,0
DA:208,0
DA:209,0
DA:210,0
DA:211,0
DA:212,0
DA:213,0
DA:214,0
DA:215,0
DA:216,0
DA:218,0
DA:219,0
DA:220,0
DA:222,0
DA:223,0
DA:224,0
DA:225,0
DA:226,0
DA:227,0
DA:228,0
DA:230,0
DA:231,0
DA:237,0
DA:239,0
DA:240,0
DA:241,0
DA:242,0
DA:243,0
DA:246,0
DA:247,0
DA:248,0
DA:252,0
DA:253,0
DA:254,0
DA:257,0
DA:258,0
DA:259,0
DA:260,0
DA:261,0
DA:262,0
DA:263,0
DA:264,0
DA:265,0
DA:269,0
DA:270,0
DA:271,0
LF:137
LH:0
BRDA:21,0,0,0
BRDA:21,0,1,0
BRDA:29,1,0,0
BRDA:29,1,1,0
BRDA:34,2,0,0
BRDA:34,2,1,0
BRDA:46,3,0,0
BRDA:46,3,1,0
BRDA:47,4,0,0
BRDA:47,4,1,0
BRDA:64,5,0,0
BRDA:64,5,1,0
BRDA:66,6,0,0
BRDA:66,6,1,0
BRDA:67,7,0,0
BRDA:67,7,1,0
BRDA:68,8,0,0
BRDA:68,8,1,0
BRDA:69,9,0,0
BRDA:69,9,1,0
BRDA:71,10,0,0
BRDA:71,10,1,0
BRDA:79,11,0,0
BRDA:79,11,1,0
BRDA:82,12,0,0
BRDA:82,12,1,0
BRDA:82,13,0,0
BRDA:82,13,1,0
BRDA:108,14,0,0
BRDA:108,14,1,0
BRDA:108,15,0,0
BRDA:108,15,1,0
BRDA:122,16,0,0
BRDA:122,16,1,0
BRDA:134,17,0,0
BRDA:134,17,1,0
BRDA:136,18,0,0
BRDA:136,18,1,0
BRDA:150,19,0,0
BRDA:150,19,1,0
BRDA:150,20,0,0
BRDA:150,20,1,0
BRDA:161,21,0,0
BRDA:161,21,1,0
BRDA:162,22,0,0
BRDA:162,22,1,0
BRDA:192,23,0,0
BRDA:192,23,1,0
BRDA:193,24,0,0
BRDA:193,24,1,0
BRDA:222,25,0,0
BRDA:222,25,1,0
BRDA:226,26,0,0
BRDA:226,26,1,0
BRDA:247,27,0,0
BRDA:247,27,1,0
BRDA:253,28,0,0
BRDA:253,28,1,0
BRF:58
BRH:0
end_of_record
TN:
SF:utils/emailService.js
FN:20,(anonymous_0)
FN:31,(anonymous_1)
FN:92,(anonymous_2)
FN:165,(anonymous_3)
FNF:4
FNH:1
FNDA:1,(anonymous_0)
FNDA:0,(anonymous_1)
FNDA:0,(anonymous_2)
FNDA:0,(anonymous_3)
DA:6,1
DA:9,1
DA:20,1
DA:21,1
DA:22,1
DA:24,0
DA:31,1
DA:32,0
DA:33,0
DA:35,0
DA:86,0
DA:92,1
DA:93,0
DA:95,0
DA:159,0
DA:165,1
DA:166,0
DA:232,0
DA:235,1
LF:19
LH:9
BRDA:11,0,0,1
BRDA:11,0,1,1
BRDA:21,1,0,1
BRDA:21,1,1,0
BRDA:32,2,0,0
BRDA:32,2,1,0
BRF:6
BRH:3
end_of_record
